2025-12-27 04:01:05 [INFO] Press DELETE key to exit anytime.
2025-12-27 04:01:06 [INFO] Starting Script. Waiting for client...
2025-12-27 04:01:06 [INFO] Starting LCU connector...
2025-12-27 04:01:07 [INFO] Connected to League client.
2025-12-27 04:01:08 [INFO] [EVENT] Starting queue.
2025-12-27 04:01:09 [INFO] Picking random champion ID: 110
2025-12-27 04:01:09 [INFO] Processes started by connector (name,pid,mem): {('svchost.exe', '2464', '10,572 K'), ('Code.exe', '15384', '141,156 K'), ('msedge.exe', '21812', '96,304 K'), ('msedge.exe', '21176', '34,664 K'), ('msedgewebview2.exe', '21676', '24 K'), ('msedge.exe', '13160', '76,536 K'), ('steam.exe', '2760', '75,748 K'), ('msedge.exe', '6536', '94,680 K'), ('svchost.exe', '1760', '35,808 K'), ('svchost.exe', '22052', '64,088 K'), ('SecurityHealthService.exe', '17840', '23,740 K'), ('svchost.exe', '7196', '12,988 K'), ('RuntimeBroker.exe', '22512', '27,052 K'), ('RuntimeBroker.exe', '26252', '49,232 K'), ('LeagueClientUxRender.exe', '12092', '126,400 K'), ('lsass.exe', '1600', '33,912 K'), ('svchost.exe', '4160', '23,628 K'), ('SearchIndexer.exe', '15028', '51,520 K'), ('Code.exe', '16008', '120,512 K'), ('taskhostw.exe', '11820', '21,616 K'), ('svchost.exe', '10448', '30,752 K'), ('RuntimeBroker.exe', '27060', '30,744 K'), ('explorer.exe', '26064', '139,100 K'), ('explorer.exe', '12076', '357,640 K'), ('svchost.exe', '2120', '7,904 K'), ('svchost.exe', '11332', '30,500 K'), ('svchost.exe', '4392', '21,040 K'), ('RuntimeBroker.exe', '26344', '22,744 K'), ('GameBarPresenceWriter.exe', '7136', '23,968 K'), ('NisSrv.exe', '10292', '14,596 K'), ('svchost.exe', '3192', '17,256 K'), ('msedgewebview2.exe', '16612', '20 K'), ('svchost.exe', '1888', '20,952 K'), ('svchost.exe', '1948', '13,616 K'), ('python.exe', '22432', '77,632 K'), ('svchost.exe', '9980', '20,828 K'), ('TextInputHost.exe', '19108', '83,792 K'), ('Memory Compression', '3656', '1,677,096 K'), ('smartscreen.exe', '10360', '13,724 K'), ('tasklist.exe', '1020', '12,320 K'), ('msedge.exe', '3536', '10,732 K'), ('Registry', '280', '52,448 K'), ('svchost.exe', '14416', '12,580 K'), ('svchost.exe', '3740', '18,564 K'), ('svchost.exe', '3992', '10,304 K'), ('Code.exe', '3764', '371,464 K'), ('NVDisplay.Container.exe', '3128', '40,712 K'), ('GameBar.exe', '472', '128,660 K'), ('LeagueClientUxRender.exe', '13420', '377,480 K'), ('svchost.exe', '3148', '9,788 K'), ('atiesrxx.exe', '3200', '11,800 K'), ('msedge.exe', '15624', '211,148 K'), ('LeagueClientUxRender.exe', '19116', '32,788 K'), ('MsMpEng.exe', '5708', '278,052 K'), ('msedge.exe', '8032', '56,692 K'), ('svchost.exe', '8596', '9,996 K'), ('audiodg.exe', '21796', '21,268 K'), ('svchost.exe', '17632', '13,164 K'), ('svchost.exe', '7492', '11,492 K'), ('svchost.exe', '19460', '15,340 K'), ('LeagueClient.exe', '18928', '173,376 K'), ('XboxGameBarWidgets.exe', '11784', '96,064 K'), ('msedge.exe', '6116', '17,324 K'), ('NVDisplay.Container.exe', '2720', '43,124 K'), ('svchost.exe', '5560', '24,572 K'), ('svchost.exe', '1676', '14,752 K'), ('msedge.exe', '22836', '21,392 K'), ('svchost.exe', '2892', '22,312 K'), ('LeagueClientUx.exe', '5908', '70,304 K'), ('WmiPrvSE.exe', '3500', '15,772 K'), ('SecurityHealthSystray.exe', '11176', '12,864 K'), ('svchost.exe', '9572', '10,648 K'), ('svchost.exe', '5496', '23,516 K'), ('RiotClientServices.exe', '16984', '168,916 K'), ('svchost.exe', '2552', '20,088 K'), ('Code.exe', '18480', '151,160 K'), ('Code.exe', '4380', '46,924 K'), ('svchost.exe', '2956', '11,548 K'), ('sihost.exe', '11096', '49,128 K'), ('services.exe', '1532', '18,564 K'), ('steamwebhelper.exe', '19320', '31,528 K'), ('vgc.exe', '17128', '77,064 K'), ('msedge.exe', '14036', '63,100 K'), ('svchost.exe', '9188', '11,156 K'), ('msedge.exe', '28396', '126,792 K'), ('svchost.exe', '24444', '38,320 K'), ('svchost.exe', '5488', '58,848 K'), ('Code.exe', '6576', '92,140 K'), ('svchost.exe', '13360', '19,812 K'), ('svchost.exe', '3512', '7,256 K'), ('svchost.exe', '15436', '32,800 K'), ('svchost.exe', '3576', '19,840 K'), ('svchost.exe', '7528', '27,720 K'), ('svchost.exe', '13572', '42,784 K'), ('GameBarFTServer.exe', '7184', '34,788 K'), ('svchost.exe', '4416', '9,852 K'), ('svchost.exe', '5504', '49,412 K'), ('XboxPcAppFT.exe', '22312', '40,580 K'), ('Code.exe', '17700', '92,716 K'), ('Code.exe', '5728', '407,608 K'), ('NVIDIA Overlay.exe', '12656', '140,604 K'), ('gamingservices.exe', '8348', '49,204 K'), ('svchost.exe', '9056', '42,600 K'), ('svchost.exe', '9704', '17,856 K'), ('ctfmon.exe', '9084', '38,032 K'), ('csrss.exe', '1460', '7,164 K'), ('svchost.exe', '3588', '12,964 K'), ('EdgeGameAssist.exe', '22104', '87,664 K'), ('svchost.exe', '2392', '21,964 K'), ('StartMenuExperienceHost.exe', '12932', '138,280 K'), ('svchost.exe', '3712', '26,452 K'), ('svchost.exe', '4000', '27,104 K'), ('svchost.exe', '2240', '15,164 K'), ('svchost.exe', '12904', '22,460 K'), ('SearchHost.exe', '12880', '130,960 K'), ('msedge.exe', '25972', '45,576 K'), ('msedge.exe', '22924', '180,136 K'), ('svchost.exe', '12244', '13,352 K'), ('WmiPrvSE.exe', '24712', '16,984 K'), ('steamwebhelper.exe', '18792', '266,548 K'), ('svchost.exe', '3516', '18,516 K'), ('RuntimeBroker.exe', '17432', '24,504 K')}
2025-12-27 04:01:09 [ERROR] Failed to get psutil info for PID 2464
Traceback (most recent call last):
  File "C:\Users\Wesley\AppData\Local\Programs\Python\Python311\Lib\site-packages\psutil\_pswindows.py", line 775, in cmdline
    return cext.proc_cmdline(self.pid, use_peb=True)
           ^^^^^^^^^^^^^^^^^^^^^^^^^^^^^^^^^^^^^^^^^
PermissionError: [WinError 5] Access is denied: '(originated from OpenProcess)'

During handling of the above exception, another exception occurred:

Traceback (most recent call last):
  File "C:\Users\Wesley\AppData\Local\Programs\Python\Python311\Lib\site-packages\psutil\_pswindows.py", line 673, in wrapper
    return fun(self, *args, **kwargs)
           ^^^^^^^^^^^^^^^^^^^^^^^^^^
  File "C:\Users\Wesley\AppData\Local\Programs\Python\Python311\Lib\site-packages\psutil\_pswindows.py", line 691, in wrapper
    return fun(self, *args, **kwargs)
           ^^^^^^^^^^^^^^^^^^^^^^^^^^
  File "C:\Users\Wesley\AppData\Local\Programs\Python\Python311\Lib\site-packages\psutil\_pswindows.py", line 778, in cmdline
    return cext.proc_cmdline(self.pid, use_peb=False)
           ^^^^^^^^^^^^^^^^^^^^^^^^^^^^^^^^^^^^^^^^^^
PermissionError: [WinError 5] Access is denied: '(originated from OpenProcess)'

The above exception was the direct cause of the following exception:

Traceback (most recent call last):
  File "c:\Users\Wesley\Documents\GitHub\INTAI\core\lcu_manager.py", line 256, in start
    'cmdline': p.cmdline(),
               ^^^^^^^^^^^
  File "C:\Users\Wesley\AppData\Local\Programs\Python\Python311\Lib\site-packages\psutil\__init__.py", line 739, in cmdline
    return self._proc.cmdline()
           ^^^^^^^^^^^^^^^^^^^^
  File "C:\Users\Wesley\AppData\Local\Programs\Python\Python311\Lib\site-packages\psutil\_pswindows.py", line 675, in wrapper
    raise convert_oserror(err, pid=self.pid, name=self._name) from err
psutil.AccessDenied: (pid=2464, name='svchost.exe')
2025-12-27 04:01:09 [INFO] Detailed process info: {'name': 'Code.exe', 'pid': 15384, 'ppid': 12076, 'cmdline': ['C:\\Users\\Wesley\\AppData\\Local\\Programs\\Microsoft VS Code\\Code.exe'], 'create_time': 1766823082.345826, 'parent_chain': [(12076, 'explorer.exe')]}
2025-12-27 04:01:09 [INFO] Detailed process info: {'name': 'msedge.exe', 'pid': 21812, 'ppid': 15624, 'cmdline': ['C:\\Program Files (x86)\\Microsoft\\Edge\\Application\\msedge.exe', '--type=renderer', '--extension-process', '--renderer-sub-type=extension', '--pdf-upsell-enabled', '--dma-cps-flags=2048', '--no-pre-read-main-dll', '--video-capture-use-gpu-memory-buffer', '--lang=en-US', '--js-flags', '--device-scale-factor=1', '--num-raster-threads=4', '--enable-main-frame-before-activation', '--renderer-client-id=10', '--time-ticks-at-unix-epoch=-1766822855132003', '--launch-time-ticks=6813155559', '--skip-read-main-dll', '--metrics-shmem-handle=4464,i,16818879465041875794,757301858382077363,2097152', '--field-trial-handle=2276,i,7054555088190103849,16722614221750908982,262144', '--variations-seed-version', '--trace-process-track-uuid=3190708995682289984', '--mojo-platform-channel-handle=4568', '/prefetch:9'], 'create_time': 1766829668.2900703, 'parent_chain': [(15624, 'msedge.exe'), (12076, 'explorer.exe')]}
2025-12-27 04:01:09 [INFO] Detailed process info: {'name': 'msedge.exe', 'pid': 21176, 'ppid': 15624, 'cmdline': ['C:\\Program Files (x86)\\Microsoft\\Edge\\Application\\msedge.exe', '--type=renderer', '--pdf-upsell-enabled', '--dma-cps-flags=2048', '--no-pre-read-main-dll', '--video-capture-use-gpu-memory-buffer', '--lang=en-US', '--js-flags', '--device-scale-factor=1', '--num-raster-threads=4', '--enable-main-frame-before-activation', '--renderer-client-id=14', '--time-ticks-at-unix-epoch=-1766822855132003', '--launch-time-ticks=6813272971', '--skip-read-main-dll', '--metrics-shmem-handle=5512,i,17792849003151005545,13899037002836514427,2097152', '--field-trial-handle=2276,i,7054555088190103849,16722614221750908982,262144', '--variations-seed-version', '--trace-process-track-uuid=3190708999430457380', '--mojo-platform-channel-handle=5916', '/prefetch:1'], 'create_time': 1766829668.4066474, 'parent_chain': [(15624, 'msedge.exe'), (12076, 'explorer.exe')]}
2025-12-27 04:01:09 [INFO] Detailed process info: {'name': 'msedgewebview2.exe', 'pid': 21676, 'ppid': 10812, 'cmdline': ['C:\\Program Files (x86)\\Microsoft\\EdgeWebView\\Application\\143.0.3650.96\\msedgewebview2.exe', '--type=utility', '--utility-sub-type=audio.mojom.AudioService', '--lang=en-US', '--service-sandbox-type=audio', '--video-capture-use-gpu-memory-buffer', '--noerrdialogs', '--user-data-dir=C:\\Users\\Wesley\\AppData\\Local\\Packages\\MicrosoftWindows.Client.WebExperience_cw5n1h2txyewy\\LocalState\\EBWebView', '--webview-exe-name=Widgets.exe', '--webview-exe-version=525.31002.10.0', '--embedded-browser-webview=1', '--no-pre-read-main-dll', '--skip-read-main-dll', '--metrics-shmem-handle=2348,i,6274851927106906765,17301045480995479485,524288', '--field-trial-handle=1844,i,2917707255154334303,11665023805430059264,262144', '--variations-seed-version', '--trace-process-track-uuid=3190708993808206286', '--mojo-platform-channel-handle=2344', '/prefetch:12', '/pfhostedapp:501e882220eed5a1efb1efbb40ad31c38833d205'], 'create_time': 1766824598.7764604, 'parent_chain': [(10812, 'msedgewebview2.exe'), (13440, 'Widgets.exe'), (1760, 'svchost.exe'), (1532, 'services.exe'), (1452, 'wininit.exe')]}
2025-12-27 04:01:09 [INFO] Detailed process info: {'name': 'msedge.exe', 'pid': 13160, 'ppid': 15624, 'cmdline': ['C:\\Program Files (x86)\\Microsoft\\Edge\\Application\\msedge.exe', '--type=gpu-process', '--no-pre-read-main-dll', '--gpu-preferences=SAAAAAAAAADgAAAEAAAAAAAAAAAAAGAAAQAAAAAAAAAAAAAAAAAAAAIAAAAAAAAAAAAAAAAAAAAQAAAAAAAAABAAAAAAAAAACAAAAAAAAAAIAAAAAAAAAA==', '--startup-read-main-dll', '--metrics-shmem-handle=2176,i,9326666822731702121,955053525699572034,262144', '--field-trial-handle=2276,i,7054555088190103849,16722614221750908982,262144', '--variations-seed-version', '--trace-process-track-uuid=3190708988185955192', '--mojo-platform-channel-handle=1544', '/prefetch:2'], 'create_time': 1766829668.179974, 'parent_chain': [(15624, 'msedge.exe'), (12076, 'explorer.exe')]}
2025-12-27 04:01:09 [INFO] Detailed process info: {'name': 'steam.exe', 'pid': 2760, 'ppid': 12076, 'cmdline': ['C:\\Steam\\steam.exe', '--', 'steam://rungameid/230410'], 'create_time': 1766823535.495417, 'parent_chain': [(12076, 'explorer.exe')]}
2025-12-27 04:01:09 [INFO] Detailed process info: {'name': 'msedge.exe', 'pid': 6536, 'ppid': 15624, 'cmdline': ['C:\\Program Files (x86)\\Microsoft\\Edge\\Application\\msedge.exe', '--type=renderer', '--pdf-upsell-enabled', '--dma-cps-flags=2048', '--no-pre-read-main-dll', '--video-capture-use-gpu-memory-buffer', '--lang=en-US', '--js-flags', '--device-scale-factor=1', '--num-raster-threads=4', '--enable-main-frame-before-activation', '--renderer-client-id=12', '--time-ticks-at-unix-epoch=-1766822855132003', '--launch-time-ticks=6813254868', '--skip-read-main-dll', '--metrics-shmem-handle=5776,i,7372504662608444193,15958670515820122691,2097152', '--field-trial-handle=2276,i,7054555088190103849,16722614221750908982,262144', '--variations-seed-version', '--trace-process-track-uuid=3190708997556373682', '--mojo-platform-channel-handle=5784', '/prefetch:1'], 'create_time': 1766829668.3889432, 'parent_chain': [(15624, 'msedge.exe'), (12076, 'explorer.exe')]}
2025-12-27 04:01:09 [ERROR] Failed to get psutil info for PID 1760
Traceback (most recent call last):
  File "C:\Users\Wesley\AppData\Local\Programs\Python\Python311\Lib\site-packages\psutil\_pswindows.py", line 775, in cmdline
    return cext.proc_cmdline(self.pid, use_peb=True)
           ^^^^^^^^^^^^^^^^^^^^^^^^^^^^^^^^^^^^^^^^^
PermissionError: [WinError 5] Access is denied: '(originated from OpenProcess)'

During handling of the above exception, another exception occurred:

Traceback (most recent call last):
  File "C:\Users\Wesley\AppData\Local\Programs\Python\Python311\Lib\site-packages\psutil\_pswindows.py", line 673, in wrapper
    return fun(self, *args, **kwargs)
           ^^^^^^^^^^^^^^^^^^^^^^^^^^
  File "C:\Users\Wesley\AppData\Local\Programs\Python\Python311\Lib\site-packages\psutil\_pswindows.py", line 691, in wrapper
    return fun(self, *args, **kwargs)
           ^^^^^^^^^^^^^^^^^^^^^^^^^^
  File "C:\Users\Wesley\AppData\Local\Programs\Python\Python311\Lib\site-packages\psutil\_pswindows.py", line 778, in cmdline
    return cext.proc_cmdline(self.pid, use_peb=False)
           ^^^^^^^^^^^^^^^^^^^^^^^^^^^^^^^^^^^^^^^^^^
PermissionError: [WinError 5] Access is denied: '(originated from OpenProcess)'

The above exception was the direct cause of the following exception:

Traceback (most recent call last):
  File "c:\Users\Wesley\Documents\GitHub\INTAI\core\lcu_manager.py", line 256, in start
    'cmdline': p.cmdline(),
               ^^^^^^^^^^^
  File "C:\Users\Wesley\AppData\Local\Programs\Python\Python311\Lib\site-packages\psutil\__init__.py", line 739, in cmdline
    return self._proc.cmdline()
           ^^^^^^^^^^^^^^^^^^^^
  File "C:\Users\Wesley\AppData\Local\Programs\Python\Python311\Lib\site-packages\psutil\_pswindows.py", line 675, in wrapper
    raise convert_oserror(err, pid=self.pid, name=self._name) from err
psutil.AccessDenied: (pid=1760, name='svchost.exe')
2025-12-27 04:01:09 [INFO] Detailed process info: {'name': 'svchost.exe', 'pid': 22052, 'ppid': 1532, 'cmdline': ['C:\\WINDOWS\\system32\\svchost.exe', '-k', 'BcastDVRUserService', '-s', 'BcastDVRUserService'], 'create_time': 1766829667.4251635, 'parent_chain': [(1532, 'services.exe'), (1452, 'wininit.exe')]}
2025-12-27 04:01:09 [ERROR] Failed to get psutil info for PID 17840
Traceback (most recent call last):
  File "C:\Users\Wesley\AppData\Local\Programs\Python\Python311\Lib\site-packages\psutil\_pswindows.py", line 775, in cmdline
    return cext.proc_cmdline(self.pid, use_peb=True)
           ^^^^^^^^^^^^^^^^^^^^^^^^^^^^^^^^^^^^^^^^^
PermissionError: [WinError 5] Access is denied: '(originated from OpenProcess)'

During handling of the above exception, another exception occurred:

Traceback (most recent call last):
  File "C:\Users\Wesley\AppData\Local\Programs\Python\Python311\Lib\site-packages\psutil\_pswindows.py", line 673, in wrapper
    return fun(self, *args, **kwargs)
           ^^^^^^^^^^^^^^^^^^^^^^^^^^
  File "C:\Users\Wesley\AppData\Local\Programs\Python\Python311\Lib\site-packages\psutil\_pswindows.py", line 691, in wrapper
    return fun(self, *args, **kwargs)
           ^^^^^^^^^^^^^^^^^^^^^^^^^^
  File "C:\Users\Wesley\AppData\Local\Programs\Python\Python311\Lib\site-packages\psutil\_pswindows.py", line 778, in cmdline
    return cext.proc_cmdline(self.pid, use_peb=False)
           ^^^^^^^^^^^^^^^^^^^^^^^^^^^^^^^^^^^^^^^^^^
PermissionError: [WinError 5] Access is denied: '(originated from OpenProcess)'

The above exception was the direct cause of the following exception:

Traceback (most recent call last):
  File "c:\Users\Wesley\Documents\GitHub\INTAI\core\lcu_manager.py", line 256, in start
    'cmdline': p.cmdline(),
               ^^^^^^^^^^^
  File "C:\Users\Wesley\AppData\Local\Programs\Python\Python311\Lib\site-packages\psutil\__init__.py", line 739, in cmdline
    return self._proc.cmdline()
           ^^^^^^^^^^^^^^^^^^^^
  File "C:\Users\Wesley\AppData\Local\Programs\Python\Python311\Lib\site-packages\psutil\_pswindows.py", line 675, in wrapper
    raise convert_oserror(err, pid=self.pid, name=self._name) from err
psutil.AccessDenied: (pid=17840, name='SecurityHealthService.exe')
2025-12-27 04:01:09 [ERROR] Failed to get psutil info for PID 7196
Traceback (most recent call last):
  File "C:\Users\Wesley\AppData\Local\Programs\Python\Python311\Lib\site-packages\psutil\_pswindows.py", line 775, in cmdline
    return cext.proc_cmdline(self.pid, use_peb=True)
           ^^^^^^^^^^^^^^^^^^^^^^^^^^^^^^^^^^^^^^^^^
PermissionError: [WinError 5] Access is denied: '(originated from OpenProcess)'

During handling of the above exception, another exception occurred:

Traceback (most recent call last):
  File "C:\Users\Wesley\AppData\Local\Programs\Python\Python311\Lib\site-packages\psutil\_pswindows.py", line 673, in wrapper
    return fun(self, *args, **kwargs)
           ^^^^^^^^^^^^^^^^^^^^^^^^^^
  File "C:\Users\Wesley\AppData\Local\Programs\Python\Python311\Lib\site-packages\psutil\_pswindows.py", line 691, in wrapper
    return fun(self, *args, **kwargs)
           ^^^^^^^^^^^^^^^^^^^^^^^^^^
  File "C:\Users\Wesley\AppData\Local\Programs\Python\Python311\Lib\site-packages\psutil\_pswindows.py", line 778, in cmdline
    return cext.proc_cmdline(self.pid, use_peb=False)
           ^^^^^^^^^^^^^^^^^^^^^^^^^^^^^^^^^^^^^^^^^^
PermissionError: [WinError 5] Access is denied: '(originated from OpenProcess)'

The above exception was the direct cause of the following exception:

Traceback (most recent call last):
  File "c:\Users\Wesley\Documents\GitHub\INTAI\core\lcu_manager.py", line 256, in start
    'cmdline': p.cmdline(),
               ^^^^^^^^^^^
  File "C:\Users\Wesley\AppData\Local\Programs\Python\Python311\Lib\site-packages\psutil\__init__.py", line 739, in cmdline
    return self._proc.cmdline()
           ^^^^^^^^^^^^^^^^^^^^
  File "C:\Users\Wesley\AppData\Local\Programs\Python\Python311\Lib\site-packages\psutil\_pswindows.py", line 675, in wrapper
    raise convert_oserror(err, pid=self.pid, name=self._name) from err
psutil.AccessDenied: (pid=7196, name='svchost.exe')
2025-12-27 04:01:09 [INFO] Detailed process info: {'name': 'RuntimeBroker.exe', 'pid': 22512, 'ppid': 1760, 'cmdline': ['C:\\Windows\\System32\\RuntimeBroker.exe', '-Embedding'], 'create_time': 1766823540.607818, 'parent_chain': [(1760, 'svchost.exe'), (1532, 'services.exe'), (1452, 'wininit.exe')]}
2025-12-27 04:01:09 [INFO] Detailed process info: {'name': 'RuntimeBroker.exe', 'pid': 26252, 'ppid': 1760, 'cmdline': ['C:\\Windows\\System32\\RuntimeBroker.exe', '-Embedding'], 'create_time': 1766829667.4335587, 'parent_chain': [(1760, 'svchost.exe'), (1532, 'services.exe'), (1452, 'wininit.exe')]}
2025-12-27 04:01:09 [INFO] Detailed process info: {'name': 'LeagueClientUxRender.exe', 'pid': 12092, 'ppid': 5908, 'cmdline': ['C:\\Riot Games\\League of Legends\\LeagueClientUxRender.exe', '--type=gpu-process', '--no-sandbox', '--log-severity=warning', '--user-agent-product=LeagueOfLegendsClient/15.24.734.7485 (CEF 108)', '--lang=en-US', '--user-data-dir=C:\\Users\\Wesley\\AppData\\Local\\CEF\\User Data', '--gpu-preferences=UAAAAAAAAADgACgYAAAAAAAAAAAAAAAAAABgAAAAAAAwAAAAAAAAAAAAAAAQAAAAAAAAAAAAAAAAAAAAAAAAAEgAAAAAAAAASAAAAAAAAAAYAAAAAgAAABAAAAAAAAAAGAAAAAAAAAAQAAAAAAAAAAAAAAAOAAAAEAAAAAAAAAABAAAADgAAAAgAAAAAAAAACAAAAAAAAAA=', '--log-file=C:\\Riot Games\\League of Legends\\debug.log', '--mojo-platform-channel-handle=1656', '--field-trial-handle=1680,i,13357573928952193370,6732948374483681019,131072', '--disable-features=HardwareMediaKeyHandling', '/prefetch:2', '--app-name=LeagueClient', '--ux-name=LeagueClientUx', '--ux-helper-name=LeagueClientUxHelper', '--log-dir=LeagueClient Logs', '--app-port=59434', '--output-base-dir=C:\\Riot Games\\League of Legends', '--crash-reporting=crashpad', '--crash-environment=NA1', '--crash-pipe=\\\\.\\pipe\\crashpad_18928_VUWOXVUGNFLQPZPQ', '--app-log-file-path=C:/Riot Games/League of Legends/Logs/LeagueClient Logs/2025-12-27T02-18-51_18928_LeagueClient.log', '--primary-ux-log-file-path=C:/Riot Games/League of Legends/Logs/LeagueClient Logs/2025-12-27T02-18-51_5908_LeagueClientUx.log'], 'create_time': 1766823531.6339324, 'parent_chain': [(5908, 'LeagueClientUx.exe'), (18928, 'LeagueClient.exe'), (16984, 'RiotClientServices.exe'), (12076, 'explorer.exe')]}
2025-12-27 04:01:09 [ERROR] Failed to get psutil info for PID 1600
Traceback (most recent call last):
  File "C:\Users\Wesley\AppData\Local\Programs\Python\Python311\Lib\site-packages\psutil\_pswindows.py", line 775, in cmdline
    return cext.proc_cmdline(self.pid, use_peb=True)
           ^^^^^^^^^^^^^^^^^^^^^^^^^^^^^^^^^^^^^^^^^
PermissionError: [WinError 5] Access is denied: '(originated from OpenProcess)'

During handling of the above exception, another exception occurred:

Traceback (most recent call last):
  File "C:\Users\Wesley\AppData\Local\Programs\Python\Python311\Lib\site-packages\psutil\_pswindows.py", line 673, in wrapper
    return fun(self, *args, **kwargs)
           ^^^^^^^^^^^^^^^^^^^^^^^^^^
  File "C:\Users\Wesley\AppData\Local\Programs\Python\Python311\Lib\site-packages\psutil\_pswindows.py", line 691, in wrapper
    return fun(self, *args, **kwargs)
           ^^^^^^^^^^^^^^^^^^^^^^^^^^
  File "C:\Users\Wesley\AppData\Local\Programs\Python\Python311\Lib\site-packages\psutil\_pswindows.py", line 778, in cmdline
    return cext.proc_cmdline(self.pid, use_peb=False)
           ^^^^^^^^^^^^^^^^^^^^^^^^^^^^^^^^^^^^^^^^^^
PermissionError: [WinError 5] Access is denied: '(originated from OpenProcess)'

The above exception was the direct cause of the following exception:

Traceback (most recent call last):
  File "c:\Users\Wesley\Documents\GitHub\INTAI\core\lcu_manager.py", line 256, in start
    'cmdline': p.cmdline(),
               ^^^^^^^^^^^
  File "C:\Users\Wesley\AppData\Local\Programs\Python\Python311\Lib\site-packages\psutil\__init__.py", line 739, in cmdline
    return self._proc.cmdline()
           ^^^^^^^^^^^^^^^^^^^^
  File "C:\Users\Wesley\AppData\Local\Programs\Python\Python311\Lib\site-packages\psutil\_pswindows.py", line 675, in wrapper
    raise convert_oserror(err, pid=self.pid, name=self._name) from err
psutil.AccessDenied: (pid=1600, name='lsass.exe')
2025-12-27 04:01:09 [ERROR] Failed to get psutil info for PID 4160
Traceback (most recent call last):
  File "C:\Users\Wesley\AppData\Local\Programs\Python\Python311\Lib\site-packages\psutil\_pswindows.py", line 775, in cmdline
    return cext.proc_cmdline(self.pid, use_peb=True)
           ^^^^^^^^^^^^^^^^^^^^^^^^^^^^^^^^^^^^^^^^^
PermissionError: [WinError 5] Access is denied: '(originated from OpenProcess)'

During handling of the above exception, another exception occurred:

Traceback (most recent call last):
  File "C:\Users\Wesley\AppData\Local\Programs\Python\Python311\Lib\site-packages\psutil\_pswindows.py", line 673, in wrapper
    return fun(self, *args, **kwargs)
           ^^^^^^^^^^^^^^^^^^^^^^^^^^
  File "C:\Users\Wesley\AppData\Local\Programs\Python\Python311\Lib\site-packages\psutil\_pswindows.py", line 691, in wrapper
    return fun(self, *args, **kwargs)
           ^^^^^^^^^^^^^^^^^^^^^^^^^^
  File "C:\Users\Wesley\AppData\Local\Programs\Python\Python311\Lib\site-packages\psutil\_pswindows.py", line 778, in cmdline
    return cext.proc_cmdline(self.pid, use_peb=False)
           ^^^^^^^^^^^^^^^^^^^^^^^^^^^^^^^^^^^^^^^^^^
PermissionError: [WinError 5] Access is denied: '(originated from OpenProcess)'

The above exception was the direct cause of the following exception:

Traceback (most recent call last):
  File "c:\Users\Wesley\Documents\GitHub\INTAI\core\lcu_manager.py", line 256, in start
    'cmdline': p.cmdline(),
               ^^^^^^^^^^^
  File "C:\Users\Wesley\AppData\Local\Programs\Python\Python311\Lib\site-packages\psutil\__init__.py", line 739, in cmdline
    return self._proc.cmdline()
           ^^^^^^^^^^^^^^^^^^^^
  File "C:\Users\Wesley\AppData\Local\Programs\Python\Python311\Lib\site-packages\psutil\_pswindows.py", line 675, in wrapper
    raise convert_oserror(err, pid=self.pid, name=self._name) from err
psutil.AccessDenied: (pid=4160, name='svchost.exe')
2025-12-27 04:01:09 [ERROR] Failed to get psutil info for PID 15028
Traceback (most recent call last):
  File "C:\Users\Wesley\AppData\Local\Programs\Python\Python311\Lib\site-packages\psutil\_pswindows.py", line 775, in cmdline
    return cext.proc_cmdline(self.pid, use_peb=True)
           ^^^^^^^^^^^^^^^^^^^^^^^^^^^^^^^^^^^^^^^^^
PermissionError: [WinError 5] Access is denied: '(originated from OpenProcess)'

During handling of the above exception, another exception occurred:

Traceback (most recent call last):
  File "C:\Users\Wesley\AppData\Local\Programs\Python\Python311\Lib\site-packages\psutil\_pswindows.py", line 673, in wrapper
    return fun(self, *args, **kwargs)
           ^^^^^^^^^^^^^^^^^^^^^^^^^^
  File "C:\Users\Wesley\AppData\Local\Programs\Python\Python311\Lib\site-packages\psutil\_pswindows.py", line 691, in wrapper
    return fun(self, *args, **kwargs)
           ^^^^^^^^^^^^^^^^^^^^^^^^^^
  File "C:\Users\Wesley\AppData\Local\Programs\Python\Python311\Lib\site-packages\psutil\_pswindows.py", line 778, in cmdline
    return cext.proc_cmdline(self.pid, use_peb=False)
           ^^^^^^^^^^^^^^^^^^^^^^^^^^^^^^^^^^^^^^^^^^
PermissionError: [WinError 5] Access is denied: '(originated from OpenProcess)'

The above exception was the direct cause of the following exception:

Traceback (most recent call last):
  File "c:\Users\Wesley\Documents\GitHub\INTAI\core\lcu_manager.py", line 256, in start
    'cmdline': p.cmdline(),
               ^^^^^^^^^^^
  File "C:\Users\Wesley\AppData\Local\Programs\Python\Python311\Lib\site-packages\psutil\__init__.py", line 739, in cmdline
    return self._proc.cmdline()
           ^^^^^^^^^^^^^^^^^^^^
  File "C:\Users\Wesley\AppData\Local\Programs\Python\Python311\Lib\site-packages\psutil\_pswindows.py", line 675, in wrapper
    raise convert_oserror(err, pid=self.pid, name=self._name) from err
psutil.AccessDenied: (pid=15028, name='SearchIndexer.exe')
2025-12-27 04:01:09 [INFO] Detailed process info: {'name': 'Code.exe', 'pid': 16008, 'ppid': 15384, 'cmdline': ['C:\\Users\\Wesley\\AppData\\Local\\Programs\\Microsoft VS Code\\Code.exe', '--type=gpu-process', '--user-data-dir=C:\\Users\\Wesley\\AppData\\Roaming\\Code', '--gpu-preferences=SAAAAAAAAADgAAAEAAAAAAAAAAAAAGAAAQAAAAAAAAAAAAAAAAAAAAIAAAAAAAAAAAAAAAAAAAAQAAAAAAAAABAAAAAAAAAACAAAAAAAAAAIAAAAAAAAAA==', '--field-trial-handle=1784,i,595860880891780596,9683399954541231546,262144', '--enable-features=DocumentPolicyIncludeJSCallStacksInCrashReports,EarlyEstablishGpuChannel,EnableTransparentHwndEnlargement,EstablishGpuChannelAsync', '--disable-features=CalculateNativeWinOcclusion,LocalNetworkAccessChecks,ScreenAIOCREnabled,SpareRendererForSitePerProcess,TraceSiteInstanceGetProcessCreation', '--variations-seed-version', '--trace-process-track-uuid=3190708988185955192', '--mojo-platform-channel-handle=1780', '/prefetch:2'], 'create_time': 1766823082.8440912, 'parent_chain': [(15384, 'Code.exe'), (12076, 'explorer.exe')]}
2025-12-27 04:01:09 [INFO] Detailed process info: {'name': 'taskhostw.exe', 'pid': 11820, 'ppid': 2176, 'cmdline': ['taskhostw.exe', '{222A245B-E637-4AE9-A93F-A59CA119A75E}'], 'create_time': 1766822882.4456728, 'parent_chain': [(2176, 'svchost.exe'), (1532, 'services.exe'), (1452, 'wininit.exe')]}
2025-12-27 04:01:09 [ERROR] Failed to get psutil info for PID 10448
Traceback (most recent call last):
  File "C:\Users\Wesley\AppData\Local\Programs\Python\Python311\Lib\site-packages\psutil\_pswindows.py", line 775, in cmdline
    return cext.proc_cmdline(self.pid, use_peb=True)
           ^^^^^^^^^^^^^^^^^^^^^^^^^^^^^^^^^^^^^^^^^
PermissionError: [WinError 5] Access is denied: '(originated from OpenProcess)'

During handling of the above exception, another exception occurred:

Traceback (most recent call last):
  File "C:\Users\Wesley\AppData\Local\Programs\Python\Python311\Lib\site-packages\psutil\_pswindows.py", line 673, in wrapper
    return fun(self, *args, **kwargs)
           ^^^^^^^^^^^^^^^^^^^^^^^^^^
  File "C:\Users\Wesley\AppData\Local\Programs\Python\Python311\Lib\site-packages\psutil\_pswindows.py", line 691, in wrapper
    return fun(self, *args, **kwargs)
           ^^^^^^^^^^^^^^^^^^^^^^^^^^
  File "C:\Users\Wesley\AppData\Local\Programs\Python\Python311\Lib\site-packages\psutil\_pswindows.py", line 778, in cmdline
    return cext.proc_cmdline(self.pid, use_peb=False)
           ^^^^^^^^^^^^^^^^^^^^^^^^^^^^^^^^^^^^^^^^^^
PermissionError: [WinError 5] Access is denied: '(originated from OpenProcess)'

The above exception was the direct cause of the following exception:

Traceback (most recent call last):
  File "c:\Users\Wesley\Documents\GitHub\INTAI\core\lcu_manager.py", line 256, in start
    'cmdline': p.cmdline(),
               ^^^^^^^^^^^
  File "C:\Users\Wesley\AppData\Local\Programs\Python\Python311\Lib\site-packages\psutil\__init__.py", line 739, in cmdline
    return self._proc.cmdline()
           ^^^^^^^^^^^^^^^^^^^^
  File "C:\Users\Wesley\AppData\Local\Programs\Python\Python311\Lib\site-packages\psutil\_pswindows.py", line 675, in wrapper
    raise convert_oserror(err, pid=self.pid, name=self._name) from err
psutil.AccessDenied: (pid=10448, name='svchost.exe')
2025-12-27 04:01:09 [INFO] Detailed process info: {'name': 'RuntimeBroker.exe', 'pid': 27060, 'ppid': 1760, 'cmdline': ['C:\\Windows\\System32\\RuntimeBroker.exe', '-Embedding'], 'create_time': 1766823601.2204356, 'parent_chain': [(1760, 'svchost.exe'), (1532, 'services.exe'), (1452, 'wininit.exe')]}
2025-12-27 04:01:09 [INFO] Detailed process info: {'name': 'explorer.exe', 'pid': 26064, 'ppid': 1760, 'cmdline': ['C:\\WINDOWS\\explorer.exe', '/factory,{ceff45ee-c862-41de-aee2-a022c81eda92}', '-Embedding'], 'create_time': 1766823900.909724, 'parent_chain': [(1760, 'svchost.exe'), (1532, 'services.exe'), (1452, 'wininit.exe')]}
2025-12-27 04:01:09 [INFO] Detailed process info: {'name': 'explorer.exe', 'pid': 12076, 'ppid': 12048, 'cmdline': ['C:\\WINDOWS\\Explorer.EXE'], 'create_time': 1766822882.7480664, 'parent_chain': []}
2025-12-27 04:01:09 [ERROR] Failed to get psutil info for PID 2120
Traceback (most recent call last):
  File "C:\Users\Wesley\AppData\Local\Programs\Python\Python311\Lib\site-packages\psutil\_pswindows.py", line 775, in cmdline
    return cext.proc_cmdline(self.pid, use_peb=True)
           ^^^^^^^^^^^^^^^^^^^^^^^^^^^^^^^^^^^^^^^^^
PermissionError: [WinError 5] Access is denied: '(originated from OpenProcess)'

During handling of the above exception, another exception occurred:

Traceback (most recent call last):
  File "C:\Users\Wesley\AppData\Local\Programs\Python\Python311\Lib\site-packages\psutil\_pswindows.py", line 673, in wrapper
    return fun(self, *args, **kwargs)
           ^^^^^^^^^^^^^^^^^^^^^^^^^^
  File "C:\Users\Wesley\AppData\Local\Programs\Python\Python311\Lib\site-packages\psutil\_pswindows.py", line 691, in wrapper
    return fun(self, *args, **kwargs)
           ^^^^^^^^^^^^^^^^^^^^^^^^^^
  File "C:\Users\Wesley\AppData\Local\Programs\Python\Python311\Lib\site-packages\psutil\_pswindows.py", line 778, in cmdline
    return cext.proc_cmdline(self.pid, use_peb=False)
           ^^^^^^^^^^^^^^^^^^^^^^^^^^^^^^^^^^^^^^^^^^
PermissionError: [WinError 5] Access is denied: '(originated from OpenProcess)'

The above exception was the direct cause of the following exception:

Traceback (most recent call last):
  File "c:\Users\Wesley\Documents\GitHub\INTAI\core\lcu_manager.py", line 256, in start
    'cmdline': p.cmdline(),
               ^^^^^^^^^^^
  File "C:\Users\Wesley\AppData\Local\Programs\Python\Python311\Lib\site-packages\psutil\__init__.py", line 739, in cmdline
    return self._proc.cmdline()
           ^^^^^^^^^^^^^^^^^^^^
  File "C:\Users\Wesley\AppData\Local\Programs\Python\Python311\Lib\site-packages\psutil\_pswindows.py", line 675, in wrapper
    raise convert_oserror(err, pid=self.pid, name=self._name) from err
psutil.AccessDenied: (pid=2120, name='svchost.exe')
2025-12-27 04:01:09 [ERROR] Failed to get psutil info for PID 11332
Traceback (most recent call last):
  File "C:\Users\Wesley\AppData\Local\Programs\Python\Python311\Lib\site-packages\psutil\_pswindows.py", line 775, in cmdline
    return cext.proc_cmdline(self.pid, use_peb=True)
           ^^^^^^^^^^^^^^^^^^^^^^^^^^^^^^^^^^^^^^^^^
PermissionError: [WinError 5] Access is denied: '(originated from OpenProcess)'

During handling of the above exception, another exception occurred:

Traceback (most recent call last):
  File "C:\Users\Wesley\AppData\Local\Programs\Python\Python311\Lib\site-packages\psutil\_pswindows.py", line 673, in wrapper
    return fun(self, *args, **kwargs)
           ^^^^^^^^^^^^^^^^^^^^^^^^^^
  File "C:\Users\Wesley\AppData\Local\Programs\Python\Python311\Lib\site-packages\psutil\_pswindows.py", line 691, in wrapper
    return fun(self, *args, **kwargs)
           ^^^^^^^^^^^^^^^^^^^^^^^^^^
  File "C:\Users\Wesley\AppData\Local\Programs\Python\Python311\Lib\site-packages\psutil\_pswindows.py", line 778, in cmdline
    return cext.proc_cmdline(self.pid, use_peb=False)
           ^^^^^^^^^^^^^^^^^^^^^^^^^^^^^^^^^^^^^^^^^^
PermissionError: [WinError 5] Access is denied: '(originated from OpenProcess)'

The above exception was the direct cause of the following exception:

Traceback (most recent call last):
  File "c:\Users\Wesley\Documents\GitHub\INTAI\core\lcu_manager.py", line 256, in start
    'cmdline': p.cmdline(),
               ^^^^^^^^^^^
  File "C:\Users\Wesley\AppData\Local\Programs\Python\Python311\Lib\site-packages\psutil\__init__.py", line 739, in cmdline
    return self._proc.cmdline()
           ^^^^^^^^^^^^^^^^^^^^
  File "C:\Users\Wesley\AppData\Local\Programs\Python\Python311\Lib\site-packages\psutil\_pswindows.py", line 675, in wrapper
    raise convert_oserror(err, pid=self.pid, name=self._name) from err
psutil.AccessDenied: (pid=11332, name='svchost.exe')
2025-12-27 04:01:09 [ERROR] Failed to get psutil info for PID 4392
Traceback (most recent call last):
  File "C:\Users\Wesley\AppData\Local\Programs\Python\Python311\Lib\site-packages\psutil\_pswindows.py", line 775, in cmdline
    return cext.proc_cmdline(self.pid, use_peb=True)
           ^^^^^^^^^^^^^^^^^^^^^^^^^^^^^^^^^^^^^^^^^
PermissionError: [WinError 5] Access is denied: '(originated from OpenProcess)'

During handling of the above exception, another exception occurred:

Traceback (most recent call last):
  File "C:\Users\Wesley\AppData\Local\Programs\Python\Python311\Lib\site-packages\psutil\_pswindows.py", line 673, in wrapper
    return fun(self, *args, **kwargs)
           ^^^^^^^^^^^^^^^^^^^^^^^^^^
  File "C:\Users\Wesley\AppData\Local\Programs\Python\Python311\Lib\site-packages\psutil\_pswindows.py", line 691, in wrapper
    return fun(self, *args, **kwargs)
           ^^^^^^^^^^^^^^^^^^^^^^^^^^
  File "C:\Users\Wesley\AppData\Local\Programs\Python\Python311\Lib\site-packages\psutil\_pswindows.py", line 778, in cmdline
    return cext.proc_cmdline(self.pid, use_peb=False)
           ^^^^^^^^^^^^^^^^^^^^^^^^^^^^^^^^^^^^^^^^^^
PermissionError: [WinError 5] Access is denied: '(originated from OpenProcess)'

The above exception was the direct cause of the following exception:

Traceback (most recent call last):
  File "c:\Users\Wesley\Documents\GitHub\INTAI\core\lcu_manager.py", line 256, in start
    'cmdline': p.cmdline(),
               ^^^^^^^^^^^
  File "C:\Users\Wesley\AppData\Local\Programs\Python\Python311\Lib\site-packages\psutil\__init__.py", line 739, in cmdline
    return self._proc.cmdline()
           ^^^^^^^^^^^^^^^^^^^^
  File "C:\Users\Wesley\AppData\Local\Programs\Python\Python311\Lib\site-packages\psutil\_pswindows.py", line 675, in wrapper
    raise convert_oserror(err, pid=self.pid, name=self._name) from err
psutil.AccessDenied: (pid=4392, name='svchost.exe')
2025-12-27 04:01:09 [INFO] Detailed process info: {'name': 'RuntimeBroker.exe', 'pid': 26344, 'ppid': 1760, 'cmdline': ['C:\\Windows\\System32\\RuntimeBroker.exe', '-Embedding'], 'create_time': 1766823605.3177433, 'parent_chain': [(1760, 'svchost.exe'), (1532, 'services.exe'), (1452, 'wininit.exe')]}
2025-12-27 04:01:10 [INFO] Detailed process info: {'name': 'GameBarPresenceWriter.exe', 'pid': 7136, 'ppid': 1760, 'cmdline': ['C:\\Windows\\System32\\GameBarPresenceWriter.exe', '-ServerName:Windows.Gaming.GameBar.Internal.PresenceWriterServer'], 'create_time': 1766823539.786548, 'parent_chain': [(1760, 'svchost.exe'), (1532, 'services.exe'), (1452, 'wininit.exe')]}
2025-12-27 04:01:10 [ERROR] Failed to get psutil info for PID 10292
Traceback (most recent call last):
  File "C:\Users\Wesley\AppData\Local\Programs\Python\Python311\Lib\site-packages\psutil\_pswindows.py", line 775, in cmdline
    return cext.proc_cmdline(self.pid, use_peb=True)
           ^^^^^^^^^^^^^^^^^^^^^^^^^^^^^^^^^^^^^^^^^
PermissionError: [WinError 5] Access is denied: '(originated from OpenProcess)'

During handling of the above exception, another exception occurred:

Traceback (most recent call last):
  File "C:\Users\Wesley\AppData\Local\Programs\Python\Python311\Lib\site-packages\psutil\_pswindows.py", line 673, in wrapper
    return fun(self, *args, **kwargs)
           ^^^^^^^^^^^^^^^^^^^^^^^^^^
  File "C:\Users\Wesley\AppData\Local\Programs\Python\Python311\Lib\site-packages\psutil\_pswindows.py", line 691, in wrapper
    return fun(self, *args, **kwargs)
           ^^^^^^^^^^^^^^^^^^^^^^^^^^
  File "C:\Users\Wesley\AppData\Local\Programs\Python\Python311\Lib\site-packages\psutil\_pswindows.py", line 778, in cmdline
    return cext.proc_cmdline(self.pid, use_peb=False)
           ^^^^^^^^^^^^^^^^^^^^^^^^^^^^^^^^^^^^^^^^^^
PermissionError: [WinError 5] Access is denied: '(originated from OpenProcess)'

The above exception was the direct cause of the following exception:

Traceback (most recent call last):
  File "c:\Users\Wesley\Documents\GitHub\INTAI\core\lcu_manager.py", line 256, in start
    'cmdline': p.cmdline(),
               ^^^^^^^^^^^
  File "C:\Users\Wesley\AppData\Local\Programs\Python\Python311\Lib\site-packages\psutil\__init__.py", line 739, in cmdline
    return self._proc.cmdline()
           ^^^^^^^^^^^^^^^^^^^^
  File "C:\Users\Wesley\AppData\Local\Programs\Python\Python311\Lib\site-packages\psutil\_pswindows.py", line 675, in wrapper
    raise convert_oserror(err, pid=self.pid, name=self._name) from err
psutil.AccessDenied: (pid=10292, name='NisSrv.exe')
2025-12-27 04:01:10 [ERROR] Failed to get psutil info for PID 3192
Traceback (most recent call last):
  File "C:\Users\Wesley\AppData\Local\Programs\Python\Python311\Lib\site-packages\psutil\_pswindows.py", line 775, in cmdline
    return cext.proc_cmdline(self.pid, use_peb=True)
           ^^^^^^^^^^^^^^^^^^^^^^^^^^^^^^^^^^^^^^^^^
PermissionError: [WinError 5] Access is denied: '(originated from OpenProcess)'

During handling of the above exception, another exception occurred:

Traceback (most recent call last):
  File "C:\Users\Wesley\AppData\Local\Programs\Python\Python311\Lib\site-packages\psutil\_pswindows.py", line 673, in wrapper
    return fun(self, *args, **kwargs)
           ^^^^^^^^^^^^^^^^^^^^^^^^^^
  File "C:\Users\Wesley\AppData\Local\Programs\Python\Python311\Lib\site-packages\psutil\_pswindows.py", line 691, in wrapper
    return fun(self, *args, **kwargs)
           ^^^^^^^^^^^^^^^^^^^^^^^^^^
  File "C:\Users\Wesley\AppData\Local\Programs\Python\Python311\Lib\site-packages\psutil\_pswindows.py", line 778, in cmdline
    return cext.proc_cmdline(self.pid, use_peb=False)
           ^^^^^^^^^^^^^^^^^^^^^^^^^^^^^^^^^^^^^^^^^^
PermissionError: [WinError 5] Access is denied: '(originated from OpenProcess)'

The above exception was the direct cause of the following exception:

Traceback (most recent call last):
  File "c:\Users\Wesley\Documents\GitHub\INTAI\core\lcu_manager.py", line 256, in start
    'cmdline': p.cmdline(),
               ^^^^^^^^^^^
  File "C:\Users\Wesley\AppData\Local\Programs\Python\Python311\Lib\site-packages\psutil\__init__.py", line 739, in cmdline
    return self._proc.cmdline()
           ^^^^^^^^^^^^^^^^^^^^
  File "C:\Users\Wesley\AppData\Local\Programs\Python\Python311\Lib\site-packages\psutil\_pswindows.py", line 675, in wrapper
    raise convert_oserror(err, pid=self.pid, name=self._name) from err
psutil.AccessDenied: (pid=3192, name='svchost.exe')
2025-12-27 04:01:10 [INFO] Detailed process info: {'name': 'msedgewebview2.exe', 'pid': 16612, 'ppid': 10812, 'cmdline': ['C:\\Program Files (x86)\\Microsoft\\EdgeWebView\\Application\\143.0.3650.96\\msedgewebview2.exe', '--type=utility', '--utility-sub-type=storage.mojom.StorageService', '--lang=en-US', '--service-sandbox-type=service', '--noerrdialogs', '--user-data-dir=C:\\Users\\Wesley\\AppData\\Local\\Packages\\MicrosoftWindows.Client.WebExperience_cw5n1h2txyewy\\LocalState\\EBWebView', '--webview-exe-name=Widgets.exe', '--webview-exe-version=525.31002.10.0', '--embedded-browser-webview=1', '--no-pre-read-main-dll', '--startup-read-main-dll', '--metrics-shmem-handle=2432,i,550155780793631855,13416600724783111944,524288', '--field-trial-handle=1844,i,2917707255154334303,11665023805430059264,262144', '--variations-seed-version', '--trace-process-track-uuid=3190708990060038890', '--mojo-platform-channel-handle=2480', '/prefetch:13', '/pfhostedapp:501e882220eed5a1efb1efbb40ad31c38833d205'], 'create_time': 1766822949.3510592, 'parent_chain': [(10812, 'msedgewebview2.exe'), (13440, 'Widgets.exe'), (1760, 'svchost.exe'), (1532, 'services.exe'), (1452, 'wininit.exe')]}
2025-12-27 04:01:10 [ERROR] Failed to get psutil info for PID 1888
Traceback (most recent call last):
  File "C:\Users\Wesley\AppData\Local\Programs\Python\Python311\Lib\site-packages\psutil\_pswindows.py", line 775, in cmdline
    return cext.proc_cmdline(self.pid, use_peb=True)
           ^^^^^^^^^^^^^^^^^^^^^^^^^^^^^^^^^^^^^^^^^
PermissionError: [WinError 5] Access is denied: '(originated from OpenProcess)'

During handling of the above exception, another exception occurred:

Traceback (most recent call last):
  File "C:\Users\Wesley\AppData\Local\Programs\Python\Python311\Lib\site-packages\psutil\_pswindows.py", line 673, in wrapper
    return fun(self, *args, **kwargs)
           ^^^^^^^^^^^^^^^^^^^^^^^^^^
  File "C:\Users\Wesley\AppData\Local\Programs\Python\Python311\Lib\site-packages\psutil\_pswindows.py", line 691, in wrapper
    return fun(self, *args, **kwargs)
           ^^^^^^^^^^^^^^^^^^^^^^^^^^
  File "C:\Users\Wesley\AppData\Local\Programs\Python\Python311\Lib\site-packages\psutil\_pswindows.py", line 778, in cmdline
    return cext.proc_cmdline(self.pid, use_peb=False)
           ^^^^^^^^^^^^^^^^^^^^^^^^^^^^^^^^^^^^^^^^^^
PermissionError: [WinError 5] Access is denied: '(originated from OpenProcess)'

The above exception was the direct cause of the following exception:

Traceback (most recent call last):
  File "c:\Users\Wesley\Documents\GitHub\INTAI\core\lcu_manager.py", line 256, in start
    'cmdline': p.cmdline(),
               ^^^^^^^^^^^
  File "C:\Users\Wesley\AppData\Local\Programs\Python\Python311\Lib\site-packages\psutil\__init__.py", line 739, in cmdline
    return self._proc.cmdline()
           ^^^^^^^^^^^^^^^^^^^^
  File "C:\Users\Wesley\AppData\Local\Programs\Python\Python311\Lib\site-packages\psutil\_pswindows.py", line 675, in wrapper
    raise convert_oserror(err, pid=self.pid, name=self._name) from err
psutil.AccessDenied: (pid=1888, name='svchost.exe')
2025-12-27 04:01:10 [ERROR] Failed to get psutil info for PID 1948
Traceback (most recent call last):
  File "C:\Users\Wesley\AppData\Local\Programs\Python\Python311\Lib\site-packages\psutil\_pswindows.py", line 775, in cmdline
    return cext.proc_cmdline(self.pid, use_peb=True)
           ^^^^^^^^^^^^^^^^^^^^^^^^^^^^^^^^^^^^^^^^^
PermissionError: [WinError 5] Access is denied: '(originated from OpenProcess)'

During handling of the above exception, another exception occurred:

Traceback (most recent call last):
  File "C:\Users\Wesley\AppData\Local\Programs\Python\Python311\Lib\site-packages\psutil\_pswindows.py", line 673, in wrapper
    return fun(self, *args, **kwargs)
           ^^^^^^^^^^^^^^^^^^^^^^^^^^
  File "C:\Users\Wesley\AppData\Local\Programs\Python\Python311\Lib\site-packages\psutil\_pswindows.py", line 691, in wrapper
    return fun(self, *args, **kwargs)
           ^^^^^^^^^^^^^^^^^^^^^^^^^^
  File "C:\Users\Wesley\AppData\Local\Programs\Python\Python311\Lib\site-packages\psutil\_pswindows.py", line 778, in cmdline
    return cext.proc_cmdline(self.pid, use_peb=False)
           ^^^^^^^^^^^^^^^^^^^^^^^^^^^^^^^^^^^^^^^^^^
PermissionError: [WinError 5] Access is denied: '(originated from OpenProcess)'

The above exception was the direct cause of the following exception:

Traceback (most recent call last):
  File "c:\Users\Wesley\Documents\GitHub\INTAI\core\lcu_manager.py", line 256, in start
    'cmdline': p.cmdline(),
               ^^^^^^^^^^^
  File "C:\Users\Wesley\AppData\Local\Programs\Python\Python311\Lib\site-packages\psutil\__init__.py", line 739, in cmdline
    return self._proc.cmdline()
           ^^^^^^^^^^^^^^^^^^^^
  File "C:\Users\Wesley\AppData\Local\Programs\Python\Python311\Lib\site-packages\psutil\_pswindows.py", line 675, in wrapper
    raise convert_oserror(err, pid=self.pid, name=self._name) from err
psutil.AccessDenied: (pid=1948, name='svchost.exe')
2025-12-27 04:01:10 [INFO] Detailed process info: {'name': 'python.exe', 'pid': 22432, 'ppid': 11084, 'cmdline': ['C:\\Users\\Wesley\\AppData\\Local\\Programs\\Python\\Python311\\python.exe', 'c:/Users/Wesley/Documents/GitHub/INTAI/main.py'], 'create_time': 1766829664.5271287, 'parent_chain': [(11084, 'cmd.exe'), (17700, 'Code.exe'), (15384, 'Code.exe'), (12076, 'explorer.exe')]}
2025-12-27 04:01:10 [ERROR] Failed to get psutil info for PID 9980
Traceback (most recent call last):
  File "C:\Users\Wesley\AppData\Local\Programs\Python\Python311\Lib\site-packages\psutil\_pswindows.py", line 775, in cmdline
    return cext.proc_cmdline(self.pid, use_peb=True)
           ^^^^^^^^^^^^^^^^^^^^^^^^^^^^^^^^^^^^^^^^^
PermissionError: [WinError 5] Access is denied: '(originated from OpenProcess)'

During handling of the above exception, another exception occurred:

Traceback (most recent call last):
  File "C:\Users\Wesley\AppData\Local\Programs\Python\Python311\Lib\site-packages\psutil\_pswindows.py", line 673, in wrapper
    return fun(self, *args, **kwargs)
           ^^^^^^^^^^^^^^^^^^^^^^^^^^
  File "C:\Users\Wesley\AppData\Local\Programs\Python\Python311\Lib\site-packages\psutil\_pswindows.py", line 691, in wrapper
    return fun(self, *args, **kwargs)
           ^^^^^^^^^^^^^^^^^^^^^^^^^^
  File "C:\Users\Wesley\AppData\Local\Programs\Python\Python311\Lib\site-packages\psutil\_pswindows.py", line 778, in cmdline
    return cext.proc_cmdline(self.pid, use_peb=False)
           ^^^^^^^^^^^^^^^^^^^^^^^^^^^^^^^^^^^^^^^^^^
PermissionError: [WinError 5] Access is denied: '(originated from OpenProcess)'

The above exception was the direct cause of the following exception:

Traceback (most recent call last):
  File "c:\Users\Wesley\Documents\GitHub\INTAI\core\lcu_manager.py", line 256, in start
    'cmdline': p.cmdline(),
               ^^^^^^^^^^^
  File "C:\Users\Wesley\AppData\Local\Programs\Python\Python311\Lib\site-packages\psutil\__init__.py", line 739, in cmdline
    return self._proc.cmdline()
           ^^^^^^^^^^^^^^^^^^^^
  File "C:\Users\Wesley\AppData\Local\Programs\Python\Python311\Lib\site-packages\psutil\_pswindows.py", line 675, in wrapper
    raise convert_oserror(err, pid=self.pid, name=self._name) from err
psutil.AccessDenied: (pid=9980, name='svchost.exe')
2025-12-27 04:01:10 [INFO] Detailed process info: {'name': 'TextInputHost.exe', 'pid': 19108, 'ppid': 1760, 'cmdline': ['C:\\WINDOWS\\SystemApps\\MicrosoftWindows.Client.CBS_cw5n1h2txyewy\\TextInputHost.exe', '-ServerName:InputApp.AppXk0k6mrh4r2q0ct33a9wgbez0x7v9cz5y.mca'], 'create_time': 1766822895.6673772, 'parent_chain': [(1760, 'svchost.exe'), (1532, 'services.exe'), (1452, 'wininit.exe')]}
2025-12-27 04:01:10 [ERROR] Failed to get psutil info for PID 3656
Traceback (most recent call last):
  File "C:\Users\Wesley\AppData\Local\Programs\Python\Python311\Lib\site-packages\psutil\_pswindows.py", line 775, in cmdline
    return cext.proc_cmdline(self.pid, use_peb=True)
           ^^^^^^^^^^^^^^^^^^^^^^^^^^^^^^^^^^^^^^^^^
PermissionError: [WinError 5] Access is denied: '(originated from OpenProcess)'

During handling of the above exception, another exception occurred:

Traceback (most recent call last):
  File "C:\Users\Wesley\AppData\Local\Programs\Python\Python311\Lib\site-packages\psutil\_pswindows.py", line 673, in wrapper
    return fun(self, *args, **kwargs)
           ^^^^^^^^^^^^^^^^^^^^^^^^^^
  File "C:\Users\Wesley\AppData\Local\Programs\Python\Python311\Lib\site-packages\psutil\_pswindows.py", line 691, in wrapper
    return fun(self, *args, **kwargs)
           ^^^^^^^^^^^^^^^^^^^^^^^^^^
  File "C:\Users\Wesley\AppData\Local\Programs\Python\Python311\Lib\site-packages\psutil\_pswindows.py", line 778, in cmdline
    return cext.proc_cmdline(self.pid, use_peb=False)
           ^^^^^^^^^^^^^^^^^^^^^^^^^^^^^^^^^^^^^^^^^^
PermissionError: [WinError 5] Access is denied: '(originated from OpenProcess)'

The above exception was the direct cause of the following exception:

Traceback (most recent call last):
  File "c:\Users\Wesley\Documents\GitHub\INTAI\core\lcu_manager.py", line 256, in start
    'cmdline': p.cmdline(),
               ^^^^^^^^^^^
  File "C:\Users\Wesley\AppData\Local\Programs\Python\Python311\Lib\site-packages\psutil\__init__.py", line 739, in cmdline
    return self._proc.cmdline()
           ^^^^^^^^^^^^^^^^^^^^
  File "C:\Users\Wesley\AppData\Local\Programs\Python\Python311\Lib\site-packages\psutil\_pswindows.py", line 675, in wrapper
    raise convert_oserror(err, pid=self.pid, name=self._name) from err
psutil.AccessDenied: (pid=3656, name='MemCompression')
2025-12-27 04:01:10 [INFO] Detailed process info: {'name': 'smartscreen.exe', 'pid': 10360, 'ppid': 1760, 'cmdline': ['C:\\Windows\\System32\\smartscreen.exe', '-Embedding'], 'create_time': 1766829667.9567692, 'parent_chain': [(1760, 'svchost.exe'), (1532, 'services.exe'), (1452, 'wininit.exe')]}
2025-12-27 04:01:10 [ERROR] Failed to get psutil info for PID 1020
Traceback (most recent call last):
  File "c:\Users\Wesley\Documents\GitHub\INTAI\core\lcu_manager.py", line 251, in start
    p = psutil.Process(pid)
        ^^^^^^^^^^^^^^^^^^^
  File "C:\Users\Wesley\AppData\Local\Programs\Python\Python311\Lib\site-packages\psutil\__init__.py", line 317, in __init__
    self._init(pid)
  File "C:\Users\Wesley\AppData\Local\Programs\Python\Python311\Lib\site-packages\psutil\__init__.py", line 363, in _init
    raise NoSuchProcess(pid, msg=msg) from None
psutil.NoSuchProcess: process PID not found (pid=1020)
2025-12-27 04:01:10 [INFO] Detailed process info: {'name': 'msedge.exe', 'pid': 3536, 'ppid': 15624, 'cmdline': ['C:\\Program Files (x86)\\Microsoft\\Edge\\Application\\msedge.exe', '--type=crashpad-handler', '--user-data-dir=C:\\Users\\Wesley\\AppData\\Local\\Microsoft\\Edge\\User Data', '/prefetch:4', '--monitor-self-annotation=ptype=crashpad-handler', '--database=C:\\Users\\Wesley\\AppData\\Local\\Microsoft\\Edge\\User Data\\Crashpad', '--metrics-dir=C:\\Users\\Wesley\\AppData\\Local\\Microsoft\\Edge\\User Data', '--annotation=IsOfficialBuild=1', '--annotation=channel=', '--annotation=chromium-version=143.0.7499.147', '--annotation=exe=C:\\Program Files (x86)\\Microsoft\\Edge\\Application\\msedge.exe', '--annotation=plat=Win64', '--annotation=prod=Edge', '--annotation=ver=143.0.3650.96', '--initial-client-data=0x278,0x27c,0x280,0x274,0x1c4,0x7ff9f91462b8,0x7ff9f91462c4,0x7ff9f91462d0'], 'create_time': 1766829668.0841591, 'parent_chain': [(15624, 'msedge.exe'), (12076, 'explorer.exe')]}
2025-12-27 04:01:10 [ERROR] Failed to get psutil info for PID 280
Traceback (most recent call last):
  File "C:\Users\Wesley\AppData\Local\Programs\Python\Python311\Lib\site-packages\psutil\_pswindows.py", line 775, in cmdline
    return cext.proc_cmdline(self.pid, use_peb=True)
           ^^^^^^^^^^^^^^^^^^^^^^^^^^^^^^^^^^^^^^^^^
PermissionError: [WinError 5] Access is denied: '(originated from OpenProcess)'

During handling of the above exception, another exception occurred:

Traceback (most recent call last):
  File "C:\Users\Wesley\AppData\Local\Programs\Python\Python311\Lib\site-packages\psutil\_pswindows.py", line 673, in wrapper
    return fun(self, *args, **kwargs)
           ^^^^^^^^^^^^^^^^^^^^^^^^^^
  File "C:\Users\Wesley\AppData\Local\Programs\Python\Python311\Lib\site-packages\psutil\_pswindows.py", line 691, in wrapper
    return fun(self, *args, **kwargs)
           ^^^^^^^^^^^^^^^^^^^^^^^^^^
  File "C:\Users\Wesley\AppData\Local\Programs\Python\Python311\Lib\site-packages\psutil\_pswindows.py", line 778, in cmdline
    return cext.proc_cmdline(self.pid, use_peb=False)
           ^^^^^^^^^^^^^^^^^^^^^^^^^^^^^^^^^^^^^^^^^^
PermissionError: [WinError 5] Access is denied: '(originated from OpenProcess)'

The above exception was the direct cause of the following exception:

Traceback (most recent call last):
  File "c:\Users\Wesley\Documents\GitHub\INTAI\core\lcu_manager.py", line 256, in start
    'cmdline': p.cmdline(),
               ^^^^^^^^^^^
  File "C:\Users\Wesley\AppData\Local\Programs\Python\Python311\Lib\site-packages\psutil\__init__.py", line 739, in cmdline
    return self._proc.cmdline()
           ^^^^^^^^^^^^^^^^^^^^
  File "C:\Users\Wesley\AppData\Local\Programs\Python\Python311\Lib\site-packages\psutil\_pswindows.py", line 675, in wrapper
    raise convert_oserror(err, pid=self.pid, name=self._name) from err
psutil.AccessDenied: (pid=280, name='Registry')
2025-12-27 04:01:10 [ERROR] Failed to get psutil info for PID 14416
Traceback (most recent call last):
  File "C:\Users\Wesley\AppData\Local\Programs\Python\Python311\Lib\site-packages\psutil\_pswindows.py", line 775, in cmdline
    return cext.proc_cmdline(self.pid, use_peb=True)
           ^^^^^^^^^^^^^^^^^^^^^^^^^^^^^^^^^^^^^^^^^
PermissionError: [WinError 5] Access is denied: '(originated from OpenProcess)'

During handling of the above exception, another exception occurred:

Traceback (most recent call last):
  File "C:\Users\Wesley\AppData\Local\Programs\Python\Python311\Lib\site-packages\psutil\_pswindows.py", line 673, in wrapper
    return fun(self, *args, **kwargs)
           ^^^^^^^^^^^^^^^^^^^^^^^^^^
  File "C:\Users\Wesley\AppData\Local\Programs\Python\Python311\Lib\site-packages\psutil\_pswindows.py", line 691, in wrapper
    return fun(self, *args, **kwargs)
           ^^^^^^^^^^^^^^^^^^^^^^^^^^
  File "C:\Users\Wesley\AppData\Local\Programs\Python\Python311\Lib\site-packages\psutil\_pswindows.py", line 778, in cmdline
    return cext.proc_cmdline(self.pid, use_peb=False)
           ^^^^^^^^^^^^^^^^^^^^^^^^^^^^^^^^^^^^^^^^^^
PermissionError: [WinError 5] Access is denied: '(originated from OpenProcess)'

The above exception was the direct cause of the following exception:

Traceback (most recent call last):
  File "c:\Users\Wesley\Documents\GitHub\INTAI\core\lcu_manager.py", line 256, in start
    'cmdline': p.cmdline(),
               ^^^^^^^^^^^
  File "C:\Users\Wesley\AppData\Local\Programs\Python\Python311\Lib\site-packages\psutil\__init__.py", line 739, in cmdline
    return self._proc.cmdline()
           ^^^^^^^^^^^^^^^^^^^^
  File "C:\Users\Wesley\AppData\Local\Programs\Python\Python311\Lib\site-packages\psutil\_pswindows.py", line 675, in wrapper
    raise convert_oserror(err, pid=self.pid, name=self._name) from err
psutil.AccessDenied: (pid=14416, name='svchost.exe')
2025-12-27 04:01:10 [ERROR] Failed to get psutil info for PID 3740
Traceback (most recent call last):
  File "C:\Users\Wesley\AppData\Local\Programs\Python\Python311\Lib\site-packages\psutil\_pswindows.py", line 775, in cmdline
    return cext.proc_cmdline(self.pid, use_peb=True)
           ^^^^^^^^^^^^^^^^^^^^^^^^^^^^^^^^^^^^^^^^^
PermissionError: [WinError 5] Access is denied: '(originated from OpenProcess)'

During handling of the above exception, another exception occurred:

Traceback (most recent call last):
  File "C:\Users\Wesley\AppData\Local\Programs\Python\Python311\Lib\site-packages\psutil\_pswindows.py", line 673, in wrapper
    return fun(self, *args, **kwargs)
           ^^^^^^^^^^^^^^^^^^^^^^^^^^
  File "C:\Users\Wesley\AppData\Local\Programs\Python\Python311\Lib\site-packages\psutil\_pswindows.py", line 691, in wrapper
    return fun(self, *args, **kwargs)
           ^^^^^^^^^^^^^^^^^^^^^^^^^^
  File "C:\Users\Wesley\AppData\Local\Programs\Python\Python311\Lib\site-packages\psutil\_pswindows.py", line 778, in cmdline
    return cext.proc_cmdline(self.pid, use_peb=False)
           ^^^^^^^^^^^^^^^^^^^^^^^^^^^^^^^^^^^^^^^^^^
PermissionError: [WinError 5] Access is denied: '(originated from OpenProcess)'

The above exception was the direct cause of the following exception:

Traceback (most recent call last):
  File "c:\Users\Wesley\Documents\GitHub\INTAI\core\lcu_manager.py", line 256, in start
    'cmdline': p.cmdline(),
               ^^^^^^^^^^^
  File "C:\Users\Wesley\AppData\Local\Programs\Python\Python311\Lib\site-packages\psutil\__init__.py", line 739, in cmdline
    return self._proc.cmdline()
           ^^^^^^^^^^^^^^^^^^^^
  File "C:\Users\Wesley\AppData\Local\Programs\Python\Python311\Lib\site-packages\psutil\_pswindows.py", line 675, in wrapper
    raise convert_oserror(err, pid=self.pid, name=self._name) from err
psutil.AccessDenied: (pid=3740, name='svchost.exe')
2025-12-27 04:01:10 [ERROR] Failed to get psutil info for PID 3992
Traceback (most recent call last):
  File "C:\Users\Wesley\AppData\Local\Programs\Python\Python311\Lib\site-packages\psutil\_pswindows.py", line 775, in cmdline
    return cext.proc_cmdline(self.pid, use_peb=True)
           ^^^^^^^^^^^^^^^^^^^^^^^^^^^^^^^^^^^^^^^^^
PermissionError: [WinError 5] Access is denied: '(originated from OpenProcess)'

During handling of the above exception, another exception occurred:

Traceback (most recent call last):
  File "C:\Users\Wesley\AppData\Local\Programs\Python\Python311\Lib\site-packages\psutil\_pswindows.py", line 673, in wrapper
    return fun(self, *args, **kwargs)
           ^^^^^^^^^^^^^^^^^^^^^^^^^^
  File "C:\Users\Wesley\AppData\Local\Programs\Python\Python311\Lib\site-packages\psutil\_pswindows.py", line 691, in wrapper
    return fun(self, *args, **kwargs)
           ^^^^^^^^^^^^^^^^^^^^^^^^^^
  File "C:\Users\Wesley\AppData\Local\Programs\Python\Python311\Lib\site-packages\psutil\_pswindows.py", line 778, in cmdline
    return cext.proc_cmdline(self.pid, use_peb=False)
           ^^^^^^^^^^^^^^^^^^^^^^^^^^^^^^^^^^^^^^^^^^
PermissionError: [WinError 5] Access is denied: '(originated from OpenProcess)'

The above exception was the direct cause of the following exception:

Traceback (most recent call last):
  File "c:\Users\Wesley\Documents\GitHub\INTAI\core\lcu_manager.py", line 256, in start
    'cmdline': p.cmdline(),
               ^^^^^^^^^^^
  File "C:\Users\Wesley\AppData\Local\Programs\Python\Python311\Lib\site-packages\psutil\__init__.py", line 739, in cmdline
    return self._proc.cmdline()
           ^^^^^^^^^^^^^^^^^^^^
  File "C:\Users\Wesley\AppData\Local\Programs\Python\Python311\Lib\site-packages\psutil\_pswindows.py", line 675, in wrapper
    raise convert_oserror(err, pid=self.pid, name=self._name) from err
psutil.AccessDenied: (pid=3992, name='svchost.exe')
2025-12-27 04:01:10 [INFO] Detailed process info: {'name': 'Code.exe', 'pid': 3764, 'ppid': 15384, 'cmdline': ['C:\\Users\\Wesley\\AppData\\Local\\Programs\\Microsoft VS Code\\Code.exe', '--type=renderer', '--user-data-dir=C:\\Users\\Wesley\\AppData\\Roaming\\Code', '--standard-schemes=vscode-webview,vscode-file', '--enable-sandbox', '--secure-schemes=vscode-webview,vscode-file', '--cors-schemes=vscode-webview,vscode-file', '--fetch-schemes=vscode-webview,vscode-file', '--service-worker-schemes=vscode-webview', '--code-cache-schemes=vscode-webview,vscode-file', '--app-user-model-id=Microsoft.VisualStudioCode', '--app-path=C:\\Users\\Wesley\\AppData\\Local\\Programs\\Microsoft VS Code\\resources\\app', '--enable-sandbox', '--enable-blink-features=HighlightAPI', '--disable-blink-features=FontMatchingCTMigration,StandardizedBrowserZoom,', '--video-capture-use-gpu-memory-buffer', '--lang=en-US', '--device-scale-factor=1', '--num-raster-threads=4', '--enable-main-frame-before-activation', '--renderer-client-id=4', '--time-ticks-at-unix-epoch=-1766822855132004', '--launch-time-ticks=228017469', '--field-trial-handle=1784,i,595860880891780596,9683399954541231546,262144', '--enable-features=DocumentPolicyIncludeJSCallStacksInCrashReports,EarlyEstablishGpuChannel,EnableTransparentHwndEnlargement,EstablishGpuChannelAsync', '--disable-features=CalculateNativeWinOcclusion,LocalNetworkAccessChecks,ScreenAIOCREnabled,SpareRendererForSitePerProcess,TraceSiteInstanceGetProcessCreation', '--variations-seed-version', '--trace-process-track-uuid=3190708990060038890', '--mojo-platform-channel-handle=3136', '--vscode-window-config=vscode:5b083863-9bcf-4552-8a82-e29ce5f2ddd2', '/prefetch:1'], 'create_time': 1766823083.1539454, 'parent_chain': [(15384, 'Code.exe'), (12076, 'explorer.exe')]}
2025-12-27 04:01:10 [ERROR] Failed to get psutil info for PID 3128
Traceback (most recent call last):
  File "C:\Users\Wesley\AppData\Local\Programs\Python\Python311\Lib\site-packages\psutil\_pswindows.py", line 775, in cmdline
    return cext.proc_cmdline(self.pid, use_peb=True)
           ^^^^^^^^^^^^^^^^^^^^^^^^^^^^^^^^^^^^^^^^^
PermissionError: [WinError 5] Access is denied: '(originated from OpenProcess)'

During handling of the above exception, another exception occurred:

Traceback (most recent call last):
  File "C:\Users\Wesley\AppData\Local\Programs\Python\Python311\Lib\site-packages\psutil\_pswindows.py", line 673, in wrapper
    return fun(self, *args, **kwargs)
           ^^^^^^^^^^^^^^^^^^^^^^^^^^
  File "C:\Users\Wesley\AppData\Local\Programs\Python\Python311\Lib\site-packages\psutil\_pswindows.py", line 691, in wrapper
    return fun(self, *args, **kwargs)
           ^^^^^^^^^^^^^^^^^^^^^^^^^^
  File "C:\Users\Wesley\AppData\Local\Programs\Python\Python311\Lib\site-packages\psutil\_pswindows.py", line 778, in cmdline
    return cext.proc_cmdline(self.pid, use_peb=False)
           ^^^^^^^^^^^^^^^^^^^^^^^^^^^^^^^^^^^^^^^^^^
PermissionError: [WinError 5] Access is denied: '(originated from OpenProcess)'

The above exception was the direct cause of the following exception:

Traceback (most recent call last):
  File "c:\Users\Wesley\Documents\GitHub\INTAI\core\lcu_manager.py", line 256, in start
    'cmdline': p.cmdline(),
               ^^^^^^^^^^^
  File "C:\Users\Wesley\AppData\Local\Programs\Python\Python311\Lib\site-packages\psutil\__init__.py", line 739, in cmdline
    return self._proc.cmdline()
           ^^^^^^^^^^^^^^^^^^^^
  File "C:\Users\Wesley\AppData\Local\Programs\Python\Python311\Lib\site-packages\psutil\_pswindows.py", line 675, in wrapper
    raise convert_oserror(err, pid=self.pid, name=self._name) from err
psutil.AccessDenied: (pid=3128, name='NVDisplay.Container.exe')
2025-12-27 04:01:10 [INFO] Detailed process info: {'name': 'GameBar.exe', 'pid': 472, 'ppid': 1760, 'cmdline': ['C:\\Program Files\\WindowsApps\\Microsoft.XboxGamingOverlay_7.325.11061.0_x64__8wekyb3d8bbwe\\GameBar.exe', '-ServerName:App.AppXbdkk0yrkwpcgeaem8zk81k8py1eaahny.mca'], 'create_time': 1766829667.3451924, 'parent_chain': [(1760, 'svchost.exe'), (1532, 'services.exe'), (1452, 'wininit.exe')]}
2025-12-27 04:01:10 [INFO] Detailed process info: {'name': 'LeagueClientUxRender.exe', 'pid': 13420, 'ppid': 5908, 'cmdline': ['C:\\Riot Games\\League of Legends\\LeagueClientUxRender.exe', '--type=renderer', '--log-severity=warning', '--user-agent-product=LeagueOfLegendsClient/15.24.734.7485 (CEF 108)', '--disable-spell-checking', '--user-data-dir=C:\\Users\\Wesley\\AppData\\Local\\CEF\\User Data', '--no-sandbox', '--autoplay-policy=no-user-gesture-required', '--force-device-scale-factor=1', '--log-file=C:\\Riot Games\\League of Legends\\debug.log', '--max-active-webgl-contexts=20', '--lang=en-US', '--device-scale-factor=1', '--num-raster-threads=4', '--enable-main-frame-before-activation', '--renderer-client-id=5', '--time-ticks-at-unix-epoch=-1766822855122812', '--launch-time-ticks=683747482', '--mojo-platform-channel-handle=2608', '--field-trial-handle=1680,i,13357573928952193370,6732948374483681019,131072', '--disable-features=HardwareMediaKeyHandling', '--app-name=LeagueClient', '--ux-name=LeagueClientUx', '--ux-helper-name=LeagueClientUxHelper', '--log-dir=LeagueClient Logs', '--app-port=59434', '--output-base-dir=C:\\Riot Games\\League of Legends', '--crash-reporting=crashpad', '--crash-environment=NA1', '--crash-pipe=\\\\.\\pipe\\crashpad_18928_VUWOXVUGNFLQPZPQ', '--app-log-file-path=C:/Riot Games/League of Legends/Logs/LeagueClient Logs/2025-12-27T02-18-51_18928_LeagueClient.log', '--primary-ux-log-file-path=C:/Riot Games/League of Legends/Logs/LeagueClient Logs/2025-12-27T02-18-51_5908_LeagueClientUx.log', '/prefetch:1'], 'create_time': 1766823538.8798306, 'parent_chain': [(5908, 'LeagueClientUx.exe'), (18928, 'LeagueClient.exe'), (16984, 'RiotClientServices.exe'), (12076, 'explorer.exe')]}
2025-12-27 04:01:10 [ERROR] Failed to get psutil info for PID 3148
Traceback (most recent call last):
  File "C:\Users\Wesley\AppData\Local\Programs\Python\Python311\Lib\site-packages\psutil\_pswindows.py", line 775, in cmdline
    return cext.proc_cmdline(self.pid, use_peb=True)
           ^^^^^^^^^^^^^^^^^^^^^^^^^^^^^^^^^^^^^^^^^
PermissionError: [WinError 5] Access is denied: '(originated from OpenProcess)'

During handling of the above exception, another exception occurred:

Traceback (most recent call last):
  File "C:\Users\Wesley\AppData\Local\Programs\Python\Python311\Lib\site-packages\psutil\_pswindows.py", line 673, in wrapper
    return fun(self, *args, **kwargs)
           ^^^^^^^^^^^^^^^^^^^^^^^^^^
  File "C:\Users\Wesley\AppData\Local\Programs\Python\Python311\Lib\site-packages\psutil\_pswindows.py", line 691, in wrapper
    return fun(self, *args, **kwargs)
           ^^^^^^^^^^^^^^^^^^^^^^^^^^
  File "C:\Users\Wesley\AppData\Local\Programs\Python\Python311\Lib\site-packages\psutil\_pswindows.py", line 778, in cmdline
    return cext.proc_cmdline(self.pid, use_peb=False)
           ^^^^^^^^^^^^^^^^^^^^^^^^^^^^^^^^^^^^^^^^^^
PermissionError: [WinError 5] Access is denied: '(originated from OpenProcess)'

The above exception was the direct cause of the following exception:

Traceback (most recent call last):
  File "c:\Users\Wesley\Documents\GitHub\INTAI\core\lcu_manager.py", line 256, in start
    'cmdline': p.cmdline(),
               ^^^^^^^^^^^
  File "C:\Users\Wesley\AppData\Local\Programs\Python\Python311\Lib\site-packages\psutil\__init__.py", line 739, in cmdline
    return self._proc.cmdline()
           ^^^^^^^^^^^^^^^^^^^^
  File "C:\Users\Wesley\AppData\Local\Programs\Python\Python311\Lib\site-packages\psutil\_pswindows.py", line 675, in wrapper
    raise convert_oserror(err, pid=self.pid, name=self._name) from err
psutil.AccessDenied: (pid=3148, name='svchost.exe')
2025-12-27 04:01:10 [ERROR] Failed to get psutil info for PID 3200
Traceback (most recent call last):
  File "C:\Users\Wesley\AppData\Local\Programs\Python\Python311\Lib\site-packages\psutil\_pswindows.py", line 775, in cmdline
    return cext.proc_cmdline(self.pid, use_peb=True)
           ^^^^^^^^^^^^^^^^^^^^^^^^^^^^^^^^^^^^^^^^^
PermissionError: [WinError 5] Access is denied: '(originated from OpenProcess)'

During handling of the above exception, another exception occurred:

Traceback (most recent call last):
  File "C:\Users\Wesley\AppData\Local\Programs\Python\Python311\Lib\site-packages\psutil\_pswindows.py", line 673, in wrapper
    return fun(self, *args, **kwargs)
           ^^^^^^^^^^^^^^^^^^^^^^^^^^
  File "C:\Users\Wesley\AppData\Local\Programs\Python\Python311\Lib\site-packages\psutil\_pswindows.py", line 691, in wrapper
    return fun(self, *args, **kwargs)
           ^^^^^^^^^^^^^^^^^^^^^^^^^^
  File "C:\Users\Wesley\AppData\Local\Programs\Python\Python311\Lib\site-packages\psutil\_pswindows.py", line 778, in cmdline
    return cext.proc_cmdline(self.pid, use_peb=False)
           ^^^^^^^^^^^^^^^^^^^^^^^^^^^^^^^^^^^^^^^^^^
PermissionError: [WinError 5] Access is denied: '(originated from OpenProcess)'

The above exception was the direct cause of the following exception:

Traceback (most recent call last):
  File "c:\Users\Wesley\Documents\GitHub\INTAI\core\lcu_manager.py", line 256, in start
    'cmdline': p.cmdline(),
               ^^^^^^^^^^^
  File "C:\Users\Wesley\AppData\Local\Programs\Python\Python311\Lib\site-packages\psutil\__init__.py", line 739, in cmdline
    return self._proc.cmdline()
           ^^^^^^^^^^^^^^^^^^^^
  File "C:\Users\Wesley\AppData\Local\Programs\Python\Python311\Lib\site-packages\psutil\_pswindows.py", line 675, in wrapper
    raise convert_oserror(err, pid=self.pid, name=self._name) from err
psutil.AccessDenied: (pid=3200, name='atiesrxx.exe')
2025-12-27 04:01:10 [INFO] Detailed process info: {'name': 'msedge.exe', 'pid': 15624, 'ppid': 12076, 'cmdline': ['C:\\Program Files (x86)\\Microsoft\\Edge\\Application\\msedge.exe', '--embedded-browser-edgeview=1', '--edge-webview-host-pid=22104', '--embedded-browser-edgeview-handle=3140'], 'create_time': 1766829668.011358, 'parent_chain': [(12076, 'explorer.exe')]}
2025-12-27 04:01:10 [INFO] Detailed process info: {'name': 'LeagueClientUxRender.exe', 'pid': 19116, 'ppid': 5908, 'cmdline': ['C:\\Riot Games\\League of Legends\\LeagueClientUxRender.exe', '--type=utility', '--utility-sub-type=network.mojom.NetworkService', '--lang=en-US', '--service-sandbox-type=none', '--no-sandbox', '--ignore-certificate-errors', '--ignore-certificate-errors', '--log-severity=warning', '--user-agent-product=LeagueOfLegendsClient/15.24.734.7485 (CEF 108)', '--lang=en-US', '--user-data-dir=C:\\Users\\Wesley\\AppData\\Local\\CEF\\User Data', '--log-file=C:\\Riot Games\\League of Legends\\debug.log', '--mojo-platform-channel-handle=2356', '--field-trial-handle=1680,i,13357573928952193370,6732948374483681019,131072', '--disable-features=HardwareMediaKeyHandling', '/prefetch:8', '--app-name=LeagueClient', '--ux-name=LeagueClientUx', '--ux-helper-name=LeagueClientUxHelper', '--log-dir=LeagueClient Logs', '--app-port=59434', '--output-base-dir=C:\\Riot Games\\League of Legends', '--crash-reporting=crashpad', '--crash-environment=NA1', '--crash-pipe=\\\\.\\pipe\\crashpad_18928_VUWOXVUGNFLQPZPQ', '--app-log-file-path=C:/Riot Games/League of Legends/Logs/LeagueClient Logs/2025-12-27T02-18-51_18928_LeagueClient.log', '--primary-ux-log-file-path=C:/Riot Games/League of Legends/Logs/LeagueClient Logs/2025-12-27T02-18-51_5908_LeagueClientUx.log'], 'create_time': 1766823538.7409604, 'parent_chain': [(5908, 'LeagueClientUx.exe'), (18928, 'LeagueClient.exe'), (16984, 'RiotClientServices.exe'), (12076, 'explorer.exe')]}
2025-12-27 04:01:10 [ERROR] Failed to get psutil info for PID 5708
Traceback (most recent call last):
  File "C:\Users\Wesley\AppData\Local\Programs\Python\Python311\Lib\site-packages\psutil\_pswindows.py", line 775, in cmdline
    return cext.proc_cmdline(self.pid, use_peb=True)
           ^^^^^^^^^^^^^^^^^^^^^^^^^^^^^^^^^^^^^^^^^
PermissionError: [WinError 5] Access is denied: '(originated from OpenProcess)'

During handling of the above exception, another exception occurred:

Traceback (most recent call last):
  File "C:\Users\Wesley\AppData\Local\Programs\Python\Python311\Lib\site-packages\psutil\_pswindows.py", line 673, in wrapper
    return fun(self, *args, **kwargs)
           ^^^^^^^^^^^^^^^^^^^^^^^^^^
  File "C:\Users\Wesley\AppData\Local\Programs\Python\Python311\Lib\site-packages\psutil\_pswindows.py", line 691, in wrapper
    return fun(self, *args, **kwargs)
           ^^^^^^^^^^^^^^^^^^^^^^^^^^
  File "C:\Users\Wesley\AppData\Local\Programs\Python\Python311\Lib\site-packages\psutil\_pswindows.py", line 778, in cmdline
    return cext.proc_cmdline(self.pid, use_peb=False)
           ^^^^^^^^^^^^^^^^^^^^^^^^^^^^^^^^^^^^^^^^^^
PermissionError: [WinError 5] Access is denied: '(originated from OpenProcess)'

The above exception was the direct cause of the following exception:

Traceback (most recent call last):
  File "c:\Users\Wesley\Documents\GitHub\INTAI\core\lcu_manager.py", line 256, in start
    'cmdline': p.cmdline(),
               ^^^^^^^^^^^
  File "C:\Users\Wesley\AppData\Local\Programs\Python\Python311\Lib\site-packages\psutil\__init__.py", line 739, in cmdline
    return self._proc.cmdline()
           ^^^^^^^^^^^^^^^^^^^^
  File "C:\Users\Wesley\AppData\Local\Programs\Python\Python311\Lib\site-packages\psutil\_pswindows.py", line 675, in wrapper
    raise convert_oserror(err, pid=self.pid, name=self._name) from err
psutil.AccessDenied: (pid=5708, name='MsMpEng.exe')
2025-12-27 04:01:10 [INFO] Detailed process info: {'name': 'msedge.exe', 'pid': 8032, 'ppid': 15624, 'cmdline': ['C:\\Program Files (x86)\\Microsoft\\Edge\\Application\\msedge.exe', '--type=renderer', '--extension-process', '--renderer-sub-type=extension', '--pdf-upsell-enabled', '--dma-cps-flags=2048', '--no-pre-read-main-dll', '--video-capture-use-gpu-memory-buffer', '--lang=en-US', '--js-flags', '--device-scale-factor=1', '--num-raster-threads=4', '--enable-main-frame-before-activation', '--renderer-client-id=6', '--time-ticks-at-unix-epoch=-1766822855132003', '--launch-time-ticks=6813138459', '--ssd-no-pressure-read-main-dll', '--metrics-shmem-handle=3648,i,5277507232004140072,15784285770875169148,2097152', '--field-trial-handle=2276,i,7054555088190103849,16722614221750908982,262144', '--variations-seed-version', '--trace-process-track-uuid=3190708991934122588', '--mojo-platform-channel-handle=3652', '/prefetch:9'], 'create_time': 1766829668.2757192, 'parent_chain': [(15624, 'msedge.exe'), (12076, 'explorer.exe')]}
2025-12-27 04:01:10 [ERROR] Failed to get psutil info for PID 8596
Traceback (most recent call last):
  File "C:\Users\Wesley\AppData\Local\Programs\Python\Python311\Lib\site-packages\psutil\_pswindows.py", line 775, in cmdline
    return cext.proc_cmdline(self.pid, use_peb=True)
           ^^^^^^^^^^^^^^^^^^^^^^^^^^^^^^^^^^^^^^^^^
PermissionError: [WinError 5] Access is denied: '(originated from OpenProcess)'

During handling of the above exception, another exception occurred:

Traceback (most recent call last):
  File "C:\Users\Wesley\AppData\Local\Programs\Python\Python311\Lib\site-packages\psutil\_pswindows.py", line 673, in wrapper
    return fun(self, *args, **kwargs)
           ^^^^^^^^^^^^^^^^^^^^^^^^^^
  File "C:\Users\Wesley\AppData\Local\Programs\Python\Python311\Lib\site-packages\psutil\_pswindows.py", line 691, in wrapper
    return fun(self, *args, **kwargs)
           ^^^^^^^^^^^^^^^^^^^^^^^^^^
  File "C:\Users\Wesley\AppData\Local\Programs\Python\Python311\Lib\site-packages\psutil\_pswindows.py", line 778, in cmdline
    return cext.proc_cmdline(self.pid, use_peb=False)
           ^^^^^^^^^^^^^^^^^^^^^^^^^^^^^^^^^^^^^^^^^^
PermissionError: [WinError 5] Access is denied: '(originated from OpenProcess)'

The above exception was the direct cause of the following exception:

Traceback (most recent call last):
  File "c:\Users\Wesley\Documents\GitHub\INTAI\core\lcu_manager.py", line 256, in start
    'cmdline': p.cmdline(),
               ^^^^^^^^^^^
  File "C:\Users\Wesley\AppData\Local\Programs\Python\Python311\Lib\site-packages\psutil\__init__.py", line 739, in cmdline
    return self._proc.cmdline()
           ^^^^^^^^^^^^^^^^^^^^
  File "C:\Users\Wesley\AppData\Local\Programs\Python\Python311\Lib\site-packages\psutil\_pswindows.py", line 675, in wrapper
    raise convert_oserror(err, pid=self.pid, name=self._name) from err
psutil.AccessDenied: (pid=8596, name='svchost.exe')
2025-12-27 04:01:10 [INFO] Detailed process info: {'name': 'audiodg.exe', 'pid': 21796, 'ppid': 3740, 'cmdline': ['C:\\WINDOWS\\system32\\AUDIODG.EXE', '0x0000000000000658'], 'create_time': 1766823540.1852596, 'parent_chain': [(3740, 'svchost.exe'), (1532, 'services.exe'), (1452, 'wininit.exe')]}
2025-12-27 04:01:10 [ERROR] Failed to get psutil info for PID 17632
Traceback (most recent call last):
  File "C:\Users\Wesley\AppData\Local\Programs\Python\Python311\Lib\site-packages\psutil\_pswindows.py", line 775, in cmdline
    return cext.proc_cmdline(self.pid, use_peb=True)
           ^^^^^^^^^^^^^^^^^^^^^^^^^^^^^^^^^^^^^^^^^
PermissionError: [WinError 5] Access is denied: '(originated from OpenProcess)'

During handling of the above exception, another exception occurred:

Traceback (most recent call last):
  File "C:\Users\Wesley\AppData\Local\Programs\Python\Python311\Lib\site-packages\psutil\_pswindows.py", line 673, in wrapper
    return fun(self, *args, **kwargs)
           ^^^^^^^^^^^^^^^^^^^^^^^^^^
  File "C:\Users\Wesley\AppData\Local\Programs\Python\Python311\Lib\site-packages\psutil\_pswindows.py", line 691, in wrapper
    return fun(self, *args, **kwargs)
           ^^^^^^^^^^^^^^^^^^^^^^^^^^
  File "C:\Users\Wesley\AppData\Local\Programs\Python\Python311\Lib\site-packages\psutil\_pswindows.py", line 778, in cmdline
    return cext.proc_cmdline(self.pid, use_peb=False)
           ^^^^^^^^^^^^^^^^^^^^^^^^^^^^^^^^^^^^^^^^^^
PermissionError: [WinError 5] Access is denied: '(originated from OpenProcess)'

The above exception was the direct cause of the following exception:

Traceback (most recent call last):
  File "c:\Users\Wesley\Documents\GitHub\INTAI\core\lcu_manager.py", line 256, in start
    'cmdline': p.cmdline(),
               ^^^^^^^^^^^
  File "C:\Users\Wesley\AppData\Local\Programs\Python\Python311\Lib\site-packages\psutil\__init__.py", line 739, in cmdline
    return self._proc.cmdline()
           ^^^^^^^^^^^^^^^^^^^^
  File "C:\Users\Wesley\AppData\Local\Programs\Python\Python311\Lib\site-packages\psutil\_pswindows.py", line 675, in wrapper
    raise convert_oserror(err, pid=self.pid, name=self._name) from err
psutil.AccessDenied: (pid=17632, name='svchost.exe')
2025-12-27 04:01:10 [ERROR] Failed to get psutil info for PID 7492
Traceback (most recent call last):
  File "C:\Users\Wesley\AppData\Local\Programs\Python\Python311\Lib\site-packages\psutil\_pswindows.py", line 775, in cmdline
    return cext.proc_cmdline(self.pid, use_peb=True)
           ^^^^^^^^^^^^^^^^^^^^^^^^^^^^^^^^^^^^^^^^^
PermissionError: [WinError 5] Access is denied: '(originated from OpenProcess)'

During handling of the above exception, another exception occurred:

Traceback (most recent call last):
  File "C:\Users\Wesley\AppData\Local\Programs\Python\Python311\Lib\site-packages\psutil\_pswindows.py", line 673, in wrapper
    return fun(self, *args, **kwargs)
           ^^^^^^^^^^^^^^^^^^^^^^^^^^
  File "C:\Users\Wesley\AppData\Local\Programs\Python\Python311\Lib\site-packages\psutil\_pswindows.py", line 691, in wrapper
    return fun(self, *args, **kwargs)
           ^^^^^^^^^^^^^^^^^^^^^^^^^^
  File "C:\Users\Wesley\AppData\Local\Programs\Python\Python311\Lib\site-packages\psutil\_pswindows.py", line 778, in cmdline
    return cext.proc_cmdline(self.pid, use_peb=False)
           ^^^^^^^^^^^^^^^^^^^^^^^^^^^^^^^^^^^^^^^^^^
PermissionError: [WinError 5] Access is denied: '(originated from OpenProcess)'

The above exception was the direct cause of the following exception:

Traceback (most recent call last):
  File "c:\Users\Wesley\Documents\GitHub\INTAI\core\lcu_manager.py", line 256, in start
    'cmdline': p.cmdline(),
               ^^^^^^^^^^^
  File "C:\Users\Wesley\AppData\Local\Programs\Python\Python311\Lib\site-packages\psutil\__init__.py", line 739, in cmdline
    return self._proc.cmdline()
           ^^^^^^^^^^^^^^^^^^^^
  File "C:\Users\Wesley\AppData\Local\Programs\Python\Python311\Lib\site-packages\psutil\_pswindows.py", line 675, in wrapper
    raise convert_oserror(err, pid=self.pid, name=self._name) from err
psutil.AccessDenied: (pid=7492, name='svchost.exe')
2025-12-27 04:01:10 [ERROR] Failed to get psutil info for PID 19460
Traceback (most recent call last):
  File "C:\Users\Wesley\AppData\Local\Programs\Python\Python311\Lib\site-packages\psutil\_pswindows.py", line 775, in cmdline
    return cext.proc_cmdline(self.pid, use_peb=True)
           ^^^^^^^^^^^^^^^^^^^^^^^^^^^^^^^^^^^^^^^^^
PermissionError: [WinError 5] Access is denied: '(originated from OpenProcess)'

During handling of the above exception, another exception occurred:

Traceback (most recent call last):
  File "C:\Users\Wesley\AppData\Local\Programs\Python\Python311\Lib\site-packages\psutil\_pswindows.py", line 673, in wrapper
    return fun(self, *args, **kwargs)
           ^^^^^^^^^^^^^^^^^^^^^^^^^^
  File "C:\Users\Wesley\AppData\Local\Programs\Python\Python311\Lib\site-packages\psutil\_pswindows.py", line 691, in wrapper
    return fun(self, *args, **kwargs)
           ^^^^^^^^^^^^^^^^^^^^^^^^^^
  File "C:\Users\Wesley\AppData\Local\Programs\Python\Python311\Lib\site-packages\psutil\_pswindows.py", line 778, in cmdline
    return cext.proc_cmdline(self.pid, use_peb=False)
           ^^^^^^^^^^^^^^^^^^^^^^^^^^^^^^^^^^^^^^^^^^
PermissionError: [WinError 5] Access is denied: '(originated from OpenProcess)'

The above exception was the direct cause of the following exception:

Traceback (most recent call last):
  File "c:\Users\Wesley\Documents\GitHub\INTAI\core\lcu_manager.py", line 256, in start
    'cmdline': p.cmdline(),
               ^^^^^^^^^^^
  File "C:\Users\Wesley\AppData\Local\Programs\Python\Python311\Lib\site-packages\psutil\__init__.py", line 739, in cmdline
    return self._proc.cmdline()
           ^^^^^^^^^^^^^^^^^^^^
  File "C:\Users\Wesley\AppData\Local\Programs\Python\Python311\Lib\site-packages\psutil\_pswindows.py", line 675, in wrapper
    raise convert_oserror(err, pid=self.pid, name=self._name) from err
psutil.AccessDenied: (pid=19460, name='svchost.exe')
2025-12-27 04:01:10 [INFO] Detailed process info: {'name': 'LeagueClient.exe', 'pid': 18928, 'ppid': 16984, 'cmdline': ['C:/Riot Games/League of Legends/LeagueClient.exe', '--riotclient-auth-token=4YAQvzc5VeRy2PQD0AXR9w', '--riotclient-app-port=59332', '--no-rads', '--disable-self-update', '--region=NA', '--locale=en_US', '--client-config-url=https://clientconfig.rpg.riotgames.com', '--riotgamesapi-standalone', '--riotgamesapi-settings=eyJjbGllbnQtY29uZmlnIjp7InVybCI6Imh0dHBzOi8vY2xpZW50Y29uZmlnLnJwZy5yaW90Z2FtZXMuY29tIn0sImRlZmF1bHRfcmVnaW9uIjoiTkEiLCJnbG9iYWxzIjp7InNlc3Npb24taWQiOiJhZGUxN2U1OS00NjM5LWRlNDQtYjljMy1kZDYyYTFlYjE1MjEifSwicGF0Y2hsaW5lX2lkIjoibGl2ZSIsInByb2R1Y3QtaW50ZWdyYXRpb24iOnsiYXBwLXVwZGF0ZS1zdGF0dXMiOiJDOi9Qcm9ncmFtRGF0YS9SaW90IEdhbWVzL01ldGFkYXRhL2xlYWd1ZV9vZl9sZWdlbmRzLmxpdmUvbGVhZ3VlX29mX2xlZ2VuZHMubGl2ZS51cGRhdGUtc3RhdHVzLmpzb24iLCJoZWFydGJlYXQiOiJDOi9Vc2Vycy9XZXNsZXkvQXBwRGF0YS9Mb2NhbC9SaW90IEdhbWVzL1Jpb3QgQ2xpZW50L0RhdGEvU2Vzc2lvbnMvYWRlMTdlNTktNDYzOS1kZTQ0LWI5YzMtZGQ2MmExZWIxNTIxLzRZQVF2emM1VmVSeTJQUUQwQVhSOXcuaGVhcnRiZWF0Lmpzb24iLCJsb2NrZmlsZSI6IkM6L1Byb2dyYW1EYXRhL1Jpb3QgR2FtZXMvTWV0YWRhdGEvbGVhZ3VlX29mX2xlZ2VuZHMubGl2ZS9sZWFndWVfb2ZfbGVnZW5kcy5saXZlLmxvY2tmaWxlIiwic2V0dGluZ3MiOiJDOi9Qcm9ncmFtRGF0YS9SaW90IEdhbWVzL01ldGFkYXRhL2xlYWd1ZV9vZl9sZWdlbmRzLmxpdmUvbGVhZ3VlX29mX2xlZ2VuZHMubGl2ZS5wcm9kdWN0X3NldHRpbmdzLnlhbWwifSwicHJvZHVjdF9pZCI6ImxlYWd1ZV9vZl9sZWdlbmRzIiwicHVibGlzaGVyIjoicmlvdCIsInJlZ2lvbl9kYXRhIjp7Ik5BIjp7ImF2YWlsYWJsZV9sb2NhbGVzIjpbImFyX0FFIiwiaWRfSUQiLCJjc19DWiIsImRlX0RFIiwiZWxfR1IiLCJlbl9BVSIsImVuX0dCIiwiZW5fUEgiLCJlbl9TRyIsImVuX1VTIiwiZXNfQVIiLCJlc19FUyIsImVzX01YIiwiZnJfRlIiLCJodV9IVSIsIml0X0lUIiwiamFfSlAiLCJrb19LUiIsInBsX1BMIiwicHRfQlIiLCJyb19STyIsInJ1X1JVIiwidGhfVEgiLCJ0cl9UUiIsInZpX1ZOIiwiemhfTVkiLCJ6aF9UVyJdLCJkZWZhdWx0X2xvY2FsZSI6ImVuX1VTIiwicnNvIjp7ImNsaWVudCI6ImxvbCJ9fX0sInJpb3RjbGllbnQiOnsiYXBwLXBvcnQiOiI1OTMzMiIsImF1dGgtdG9rZW4iOiI0WUFRdnpjNVZlUnkyUFFEMEFYUjl3In0sInJpb3RnYW1lc2FwaSI6eyJwZXJzaXN0ZW5jZS1wYXRoIjoiQzovVXNlcnMvV2VzbGV5L0FwcERhdGEvTG9jYWwvUmlvdCBHYW1lcy9MZWFndWUgb2YgTGVnZW5kcyJ9LCJyc29fYXV0aCI6eyJhdXRob3JpemF0aW9uLWtleSI6ImV3MEtJQ0FnSUNKamIyUmxJam9nSW1SWVkzaFBiRlV4VkZac2RHRnROV2xpTUVwSFdXMVNhazVYTVV0TVZWSkdWRE5qZFZZd1VrdGpTRll4VkRGc2JrOVdielJTVkdoWllYa3hkMkpxUmxCYWR6MDlJaXdOQ2lBZ0lDQWlZMjlrWlY5MlpYSnBabWxsY2lJNklDSXdiR3RwUTI5MWFqWkNWV281V1RFM01taGlkelZ6Tlc1NmQwVkVhalZ0VkVKUVdYcDRkVWhLUjB4eVYyc3hjRkI2TFhwbGJGZzRiREJKY2tsbmJITnRaa2h0ZUY5eU5YTjRVemwzWTFsdlJWYzVZVkV5WnlJTkNuMD0ifX0=', '--rga-lite'], 'create_time': 1766823530.8175013, 'parent_chain': [(16984, 'RiotClientServices.exe'), (12076, 'explorer.exe')]}
2025-12-27 04:01:10 [INFO] Detailed process info: {'name': 'XboxGameBarWidgets.exe', 'pid': 11784, 'ppid': 1760, 'cmdline': ['C:\\Program Files\\WindowsApps\\Microsoft.GamingApp_2512.1001.34.0_x64__8wekyb3d8bbwe\\XboxGameBarWidgets.exe', '-ServerName:Microsoft.Xbox.WidgetsApp.AppXvmd054fy0d5ktfeay7jt5w8kg32dxk24.mca'], 'create_time': 1766829667.920814, 'parent_chain': [(1760, 'svchost.exe'), (1532, 'services.exe'), (1452, 'wininit.exe')]}
2025-12-27 04:01:10 [INFO] Detailed process info: {'name': 'msedge.exe', 'pid': 6116, 'ppid': 15624, 'cmdline': ['C:\\Program Files (x86)\\Microsoft\\Edge\\Application\\msedge.exe', '--type=utility', '--utility-sub-type=edge_collections.mojom.CollectionsDataManager', '--lang=en-US', '--service-sandbox-type=collections', '--no-pre-read-main-dll', '--skip-read-main-dll', '--metrics-shmem-handle=4360,i,12444621371729849633,7934904188864789060,524288', '--field-trial-handle=2276,i,7054555088190103849,16722614221750908982,262144', '--variations-seed-version', '--trace-process-track-uuid=3190708994745248135', '--mojo-platform-channel-handle=4372', '/prefetch:14'], 'create_time': 1766829668.2850676, 'parent_chain': [(15624, 'msedge.exe'), (12076, 'explorer.exe')]}
2025-12-27 04:01:10 [ERROR] Failed to get psutil info for PID 2720
Traceback (most recent call last):
  File "C:\Users\Wesley\AppData\Local\Programs\Python\Python311\Lib\site-packages\psutil\_pswindows.py", line 775, in cmdline
    return cext.proc_cmdline(self.pid, use_peb=True)
           ^^^^^^^^^^^^^^^^^^^^^^^^^^^^^^^^^^^^^^^^^
PermissionError: [WinError 5] Access is denied: '(originated from OpenProcess)'

During handling of the above exception, another exception occurred:

Traceback (most recent call last):
  File "C:\Users\Wesley\AppData\Local\Programs\Python\Python311\Lib\site-packages\psutil\_pswindows.py", line 673, in wrapper
    return fun(self, *args, **kwargs)
           ^^^^^^^^^^^^^^^^^^^^^^^^^^
  File "C:\Users\Wesley\AppData\Local\Programs\Python\Python311\Lib\site-packages\psutil\_pswindows.py", line 691, in wrapper
    return fun(self, *args, **kwargs)
           ^^^^^^^^^^^^^^^^^^^^^^^^^^
  File "C:\Users\Wesley\AppData\Local\Programs\Python\Python311\Lib\site-packages\psutil\_pswindows.py", line 778, in cmdline
    return cext.proc_cmdline(self.pid, use_peb=False)
           ^^^^^^^^^^^^^^^^^^^^^^^^^^^^^^^^^^^^^^^^^^
PermissionError: [WinError 5] Access is denied: '(originated from OpenProcess)'

The above exception was the direct cause of the following exception:

Traceback (most recent call last):
  File "c:\Users\Wesley\Documents\GitHub\INTAI\core\lcu_manager.py", line 256, in start
    'cmdline': p.cmdline(),
               ^^^^^^^^^^^
  File "C:\Users\Wesley\AppData\Local\Programs\Python\Python311\Lib\site-packages\psutil\__init__.py", line 739, in cmdline
    return self._proc.cmdline()
           ^^^^^^^^^^^^^^^^^^^^
  File "C:\Users\Wesley\AppData\Local\Programs\Python\Python311\Lib\site-packages\psutil\_pswindows.py", line 675, in wrapper
    raise convert_oserror(err, pid=self.pid, name=self._name) from err
psutil.AccessDenied: (pid=2720, name='NVDisplay.Container.exe')
2025-12-27 04:01:10 [ERROR] Failed to get psutil info for PID 5560
Traceback (most recent call last):
  File "C:\Users\Wesley\AppData\Local\Programs\Python\Python311\Lib\site-packages\psutil\_pswindows.py", line 775, in cmdline
    return cext.proc_cmdline(self.pid, use_peb=True)
           ^^^^^^^^^^^^^^^^^^^^^^^^^^^^^^^^^^^^^^^^^
PermissionError: [WinError 5] Access is denied: '(originated from OpenProcess)'

During handling of the above exception, another exception occurred:

Traceback (most recent call last):
  File "C:\Users\Wesley\AppData\Local\Programs\Python\Python311\Lib\site-packages\psutil\_pswindows.py", line 673, in wrapper
    return fun(self, *args, **kwargs)
           ^^^^^^^^^^^^^^^^^^^^^^^^^^
  File "C:\Users\Wesley\AppData\Local\Programs\Python\Python311\Lib\site-packages\psutil\_pswindows.py", line 691, in wrapper
    return fun(self, *args, **kwargs)
           ^^^^^^^^^^^^^^^^^^^^^^^^^^
  File "C:\Users\Wesley\AppData\Local\Programs\Python\Python311\Lib\site-packages\psutil\_pswindows.py", line 778, in cmdline
    return cext.proc_cmdline(self.pid, use_peb=False)
           ^^^^^^^^^^^^^^^^^^^^^^^^^^^^^^^^^^^^^^^^^^
PermissionError: [WinError 5] Access is denied: '(originated from OpenProcess)'

The above exception was the direct cause of the following exception:

Traceback (most recent call last):
  File "c:\Users\Wesley\Documents\GitHub\INTAI\core\lcu_manager.py", line 256, in start
    'cmdline': p.cmdline(),
               ^^^^^^^^^^^
  File "C:\Users\Wesley\AppData\Local\Programs\Python\Python311\Lib\site-packages\psutil\__init__.py", line 739, in cmdline
    return self._proc.cmdline()
           ^^^^^^^^^^^^^^^^^^^^
  File "C:\Users\Wesley\AppData\Local\Programs\Python\Python311\Lib\site-packages\psutil\_pswindows.py", line 675, in wrapper
    raise convert_oserror(err, pid=self.pid, name=self._name) from err
psutil.AccessDenied: (pid=5560, name='svchost.exe')
2025-12-27 04:01:10 [ERROR] Failed to get psutil info for PID 1676
Traceback (most recent call last):
  File "C:\Users\Wesley\AppData\Local\Programs\Python\Python311\Lib\site-packages\psutil\_pswindows.py", line 775, in cmdline
    return cext.proc_cmdline(self.pid, use_peb=True)
           ^^^^^^^^^^^^^^^^^^^^^^^^^^^^^^^^^^^^^^^^^
PermissionError: [WinError 5] Access is denied: '(originated from OpenProcess)'

During handling of the above exception, another exception occurred:

Traceback (most recent call last):
  File "C:\Users\Wesley\AppData\Local\Programs\Python\Python311\Lib\site-packages\psutil\_pswindows.py", line 673, in wrapper
    return fun(self, *args, **kwargs)
           ^^^^^^^^^^^^^^^^^^^^^^^^^^
  File "C:\Users\Wesley\AppData\Local\Programs\Python\Python311\Lib\site-packages\psutil\_pswindows.py", line 691, in wrapper
    return fun(self, *args, **kwargs)
           ^^^^^^^^^^^^^^^^^^^^^^^^^^
  File "C:\Users\Wesley\AppData\Local\Programs\Python\Python311\Lib\site-packages\psutil\_pswindows.py", line 778, in cmdline
    return cext.proc_cmdline(self.pid, use_peb=False)
           ^^^^^^^^^^^^^^^^^^^^^^^^^^^^^^^^^^^^^^^^^^
PermissionError: [WinError 5] Access is denied: '(originated from OpenProcess)'

The above exception was the direct cause of the following exception:

Traceback (most recent call last):
  File "c:\Users\Wesley\Documents\GitHub\INTAI\core\lcu_manager.py", line 256, in start
    'cmdline': p.cmdline(),
               ^^^^^^^^^^^
  File "C:\Users\Wesley\AppData\Local\Programs\Python\Python311\Lib\site-packages\psutil\__init__.py", line 739, in cmdline
    return self._proc.cmdline()
           ^^^^^^^^^^^^^^^^^^^^
  File "C:\Users\Wesley\AppData\Local\Programs\Python\Python311\Lib\site-packages\psutil\_pswindows.py", line 675, in wrapper
    raise convert_oserror(err, pid=self.pid, name=self._name) from err
psutil.AccessDenied: (pid=1676, name='svchost.exe')
2025-12-27 04:01:10 [INFO] Detailed process info: {'name': 'msedge.exe', 'pid': 22836, 'ppid': 15624, 'cmdline': ['C:\\Program Files (x86)\\Microsoft\\Edge\\Application\\msedge.exe', '--type=utility', '--utility-sub-type=storage.mojom.StorageService', '--lang=en-US', '--service-sandbox-type=service', '--no-pre-read-main-dll', '--startup-read-main-dll', '--metrics-shmem-handle=2772,i,18147827530372586321,16463116105519861797,524288', '--field-trial-handle=2276,i,7054555088190103849,16722614221750908982,262144', '--variations-seed-version', '--trace-process-track-uuid=3190708990060038890', '--mojo-platform-channel-handle=2816', '/prefetch:13'], 'create_time': 1766829668.2234044, 'parent_chain': [(15624, 'msedge.exe'), (12076, 'explorer.exe')]}
2025-12-27 04:01:10 [ERROR] Failed to get psutil info for PID 2892
Traceback (most recent call last):
  File "C:\Users\Wesley\AppData\Local\Programs\Python\Python311\Lib\site-packages\psutil\_pswindows.py", line 775, in cmdline
    return cext.proc_cmdline(self.pid, use_peb=True)
           ^^^^^^^^^^^^^^^^^^^^^^^^^^^^^^^^^^^^^^^^^
PermissionError: [WinError 5] Access is denied: '(originated from OpenProcess)'

During handling of the above exception, another exception occurred:

Traceback (most recent call last):
  File "C:\Users\Wesley\AppData\Local\Programs\Python\Python311\Lib\site-packages\psutil\_pswindows.py", line 673, in wrapper
    return fun(self, *args, **kwargs)
           ^^^^^^^^^^^^^^^^^^^^^^^^^^
  File "C:\Users\Wesley\AppData\Local\Programs\Python\Python311\Lib\site-packages\psutil\_pswindows.py", line 691, in wrapper
    return fun(self, *args, **kwargs)
           ^^^^^^^^^^^^^^^^^^^^^^^^^^
  File "C:\Users\Wesley\AppData\Local\Programs\Python\Python311\Lib\site-packages\psutil\_pswindows.py", line 778, in cmdline
    return cext.proc_cmdline(self.pid, use_peb=False)
           ^^^^^^^^^^^^^^^^^^^^^^^^^^^^^^^^^^^^^^^^^^
PermissionError: [WinError 5] Access is denied: '(originated from OpenProcess)'

The above exception was the direct cause of the following exception:

Traceback (most recent call last):
  File "c:\Users\Wesley\Documents\GitHub\INTAI\core\lcu_manager.py", line 256, in start
    'cmdline': p.cmdline(),
               ^^^^^^^^^^^
  File "C:\Users\Wesley\AppData\Local\Programs\Python\Python311\Lib\site-packages\psutil\__init__.py", line 739, in cmdline
    return self._proc.cmdline()
           ^^^^^^^^^^^^^^^^^^^^
  File "C:\Users\Wesley\AppData\Local\Programs\Python\Python311\Lib\site-packages\psutil\_pswindows.py", line 675, in wrapper
    raise convert_oserror(err, pid=self.pid, name=self._name) from err
psutil.AccessDenied: (pid=2892, name='svchost.exe')
2025-12-27 04:01:11 [INFO] Detailed process info: {'name': 'LeagueClientUx.exe', 'pid': 5908, 'ppid': 18928, 'cmdline': ['C:/Riot Games/League of Legends/LeagueClientUx.exe', '--riotclient-auth-token=4YAQvzc5VeRy2PQD0AXR9w', '--riotclient-app-port=59332', '--no-rads', '--disable-self-update', '--region=NA', '--locale=en_US', '--client-config-url=https://clientconfig.rpg.riotgames.com', '--riotgamesapi-standalone', '--riotgamesapi-settings=eyJjbGllbnQtY29uZmlnIjp7InVybCI6Imh0dHBzOi8vY2xpZW50Y29uZmlnLnJwZy5yaW90Z2FtZXMuY29tIn0sImRlZmF1bHRfcmVnaW9uIjoiTkEiLCJnbG9iYWxzIjp7InNlc3Npb24taWQiOiJhZGUxN2U1OS00NjM5LWRlNDQtYjljMy1kZDYyYTFlYjE1MjEifSwicGF0Y2hsaW5lX2lkIjoibGl2ZSIsInByb2R1Y3QtaW50ZWdyYXRpb24iOnsiYXBwLXVwZGF0ZS1zdGF0dXMiOiJDOi9Qcm9ncmFtRGF0YS9SaW90IEdhbWVzL01ldGFkYXRhL2xlYWd1ZV9vZl9sZWdlbmRzLmxpdmUvbGVhZ3VlX29mX2xlZ2VuZHMubGl2ZS51cGRhdGUtc3RhdHVzLmpzb24iLCJoZWFydGJlYXQiOiJDOi9Vc2Vycy9XZXNsZXkvQXBwRGF0YS9Mb2NhbC9SaW90IEdhbWVzL1Jpb3QgQ2xpZW50L0RhdGEvU2Vzc2lvbnMvYWRlMTdlNTktNDYzOS1kZTQ0LWI5YzMtZGQ2MmExZWIxNTIxLzRZQVF2emM1VmVSeTJQUUQwQVhSOXcuaGVhcnRiZWF0Lmpzb24iLCJsb2NrZmlsZSI6IkM6L1Byb2dyYW1EYXRhL1Jpb3QgR2FtZXMvTWV0YWRhdGEvbGVhZ3VlX29mX2xlZ2VuZHMubGl2ZS9sZWFndWVfb2ZfbGVnZW5kcy5saXZlLmxvY2tmaWxlIiwic2V0dGluZ3MiOiJDOi9Qcm9ncmFtRGF0YS9SaW90IEdhbWVzL01ldGFkYXRhL2xlYWd1ZV9vZl9sZWdlbmRzLmxpdmUvbGVhZ3VlX29mX2xlZ2VuZHMubGl2ZS5wcm9kdWN0X3NldHRpbmdzLnlhbWwifSwicHJvZHVjdF9pZCI6ImxlYWd1ZV9vZl9sZWdlbmRzIiwicHVibGlzaGVyIjoicmlvdCIsInJlZ2lvbl9kYXRhIjp7Ik5BIjp7ImF2YWlsYWJsZV9sb2NhbGVzIjpbImFyX0FFIiwiaWRfSUQiLCJjc19DWiIsImRlX0RFIiwiZWxfR1IiLCJlbl9BVSIsImVuX0dCIiwiZW5fUEgiLCJlbl9TRyIsImVuX1VTIiwiZXNfQVIiLCJlc19FUyIsImVzX01YIiwiZnJfRlIiLCJodV9IVSIsIml0X0lUIiwiamFfSlAiLCJrb19LUiIsInBsX1BMIiwicHRfQlIiLCJyb19STyIsInJ1X1JVIiwidGhfVEgiLCJ0cl9UUiIsInZpX1ZOIiwiemhfTVkiLCJ6aF9UVyJdLCJkZWZhdWx0X2xvY2FsZSI6ImVuX1VTIiwicnNvIjp7ImNsaWVudCI6ImxvbCJ9fX0sInJpb3RjbGllbnQiOnsiYXBwLXBvcnQiOiI1OTMzMiIsImF1dGgtdG9rZW4iOiI0WUFRdnpjNVZlUnkyUFFEMEFYUjl3In0sInJpb3RnYW1lc2FwaSI6eyJwZXJzaXN0ZW5jZS1wYXRoIjoiQzovVXNlcnMvV2VzbGV5L0FwcERhdGEvTG9jYWwvUmlvdCBHYW1lcy9MZWFndWUgb2YgTGVnZW5kcyJ9LCJyc29fYXV0aCI6eyJhdXRob3JpemF0aW9uLWtleSI6ImV3MEtJQ0FnSUNKamIyUmxJam9nSW1SWVkzaFBiRlV4VkZac2RHRnROV2xpTUVwSFdXMVNhazVYTVV0TVZWSkdWRE5qZFZZd1VrdGpTRll4VkRGc2JrOVdielJTVkdoWllYa3hkMkpxUmxCYWR6MDlJaXdOQ2lBZ0lDQWlZMjlrWlY5MlpYSnBabWxsY2lJNklDSXdiR3RwUTI5MWFqWkNWV281V1RFM01taGlkelZ6Tlc1NmQwVkVhalZ0VkVKUVdYcDRkVWhLUjB4eVYyc3hjRkI2TFhwbGJGZzRiREJKY2tsbmJITnRaa2h0ZUY5eU5YTjRVemwzWTFsdlJWYzVZVkV5WnlJTkNuMD0ifX0=', '--rga-lite', '--remoting-auth-token=SHGmiVsxUxTmdqEUNGXiDw', '--respawn-command=LeagueClient.exe', '--respawn-display-name=League of Legends', '--app-port=59434', '--install-directory=C:\\Riot Games\\League of Legends', '--app-name=LeagueClient', '--ux-name=LeagueClientUx', '--ux-helper-name=LeagueClientUxHelper', '--log-dir=LeagueClient Logs', '--crash-reporting=crashpad', '--crash-environment=NA1', '--crash-pipe=\\\\.\\pipe\\crashpad_18928_VUWOXVUGNFLQPZPQ', '--app-log-file-path=C:/Riot Games/League of Legends/Logs/LeagueClient Logs/2025-12-27T02-18-51_18928_LeagueClient.log', '--app-pid=18928', '--output-base-dir=C:\\Riot Games\\League of Legends', '--no-proxy-server', '--ignore-certificate-errors'], 'create_time': 1766823531.479125, 'parent_chain': [(18928, 'LeagueClient.exe'), (16984, 'RiotClientServices.exe'), (12076, 'explorer.exe')]}
2025-12-27 04:01:11 [ERROR] Failed to get psutil info for PID 3500
Traceback (most recent call last):
  File "C:\Users\Wesley\AppData\Local\Programs\Python\Python311\Lib\site-packages\psutil\_pswindows.py", line 775, in cmdline
    return cext.proc_cmdline(self.pid, use_peb=True)
           ^^^^^^^^^^^^^^^^^^^^^^^^^^^^^^^^^^^^^^^^^
PermissionError: [WinError 5] Access is denied: '(originated from OpenProcess)'

During handling of the above exception, another exception occurred:

Traceback (most recent call last):
  File "C:\Users\Wesley\AppData\Local\Programs\Python\Python311\Lib\site-packages\psutil\_pswindows.py", line 673, in wrapper
    return fun(self, *args, **kwargs)
           ^^^^^^^^^^^^^^^^^^^^^^^^^^
  File "C:\Users\Wesley\AppData\Local\Programs\Python\Python311\Lib\site-packages\psutil\_pswindows.py", line 691, in wrapper
    return fun(self, *args, **kwargs)
           ^^^^^^^^^^^^^^^^^^^^^^^^^^
  File "C:\Users\Wesley\AppData\Local\Programs\Python\Python311\Lib\site-packages\psutil\_pswindows.py", line 778, in cmdline
    return cext.proc_cmdline(self.pid, use_peb=False)
           ^^^^^^^^^^^^^^^^^^^^^^^^^^^^^^^^^^^^^^^^^^
PermissionError: [WinError 5] Access is denied: '(originated from OpenProcess)'

The above exception was the direct cause of the following exception:

Traceback (most recent call last):
  File "c:\Users\Wesley\Documents\GitHub\INTAI\core\lcu_manager.py", line 256, in start
    'cmdline': p.cmdline(),
               ^^^^^^^^^^^
  File "C:\Users\Wesley\AppData\Local\Programs\Python\Python311\Lib\site-packages\psutil\__init__.py", line 739, in cmdline
    return self._proc.cmdline()
           ^^^^^^^^^^^^^^^^^^^^
  File "C:\Users\Wesley\AppData\Local\Programs\Python\Python311\Lib\site-packages\psutil\_pswindows.py", line 675, in wrapper
    raise convert_oserror(err, pid=self.pid, name=self._name) from err
psutil.AccessDenied: (pid=3500, name='WmiPrvSE.exe')
2025-12-27 04:01:11 [INFO] Detailed process info: {'name': 'SecurityHealthSystray.exe', 'pid': 11176, 'ppid': 12076, 'cmdline': ['C:\\Windows\\System32\\SecurityHealthSystray.exe'], 'create_time': 1766822899.1465576, 'parent_chain': [(12076, 'explorer.exe')]}
2025-12-27 04:01:11 [ERROR] Failed to get psutil info for PID 9572
Traceback (most recent call last):
  File "C:\Users\Wesley\AppData\Local\Programs\Python\Python311\Lib\site-packages\psutil\_pswindows.py", line 775, in cmdline
    return cext.proc_cmdline(self.pid, use_peb=True)
           ^^^^^^^^^^^^^^^^^^^^^^^^^^^^^^^^^^^^^^^^^
PermissionError: [WinError 5] Access is denied: '(originated from OpenProcess)'

During handling of the above exception, another exception occurred:

Traceback (most recent call last):
  File "C:\Users\Wesley\AppData\Local\Programs\Python\Python311\Lib\site-packages\psutil\_pswindows.py", line 673, in wrapper
    return fun(self, *args, **kwargs)
           ^^^^^^^^^^^^^^^^^^^^^^^^^^
  File "C:\Users\Wesley\AppData\Local\Programs\Python\Python311\Lib\site-packages\psutil\_pswindows.py", line 691, in wrapper
    return fun(self, *args, **kwargs)
           ^^^^^^^^^^^^^^^^^^^^^^^^^^
  File "C:\Users\Wesley\AppData\Local\Programs\Python\Python311\Lib\site-packages\psutil\_pswindows.py", line 778, in cmdline
    return cext.proc_cmdline(self.pid, use_peb=False)
           ^^^^^^^^^^^^^^^^^^^^^^^^^^^^^^^^^^^^^^^^^^
PermissionError: [WinError 5] Access is denied: '(originated from OpenProcess)'

The above exception was the direct cause of the following exception:

Traceback (most recent call last):
  File "c:\Users\Wesley\Documents\GitHub\INTAI\core\lcu_manager.py", line 256, in start
    'cmdline': p.cmdline(),
               ^^^^^^^^^^^
  File "C:\Users\Wesley\AppData\Local\Programs\Python\Python311\Lib\site-packages\psutil\__init__.py", line 739, in cmdline
    return self._proc.cmdline()
           ^^^^^^^^^^^^^^^^^^^^
  File "C:\Users\Wesley\AppData\Local\Programs\Python\Python311\Lib\site-packages\psutil\_pswindows.py", line 675, in wrapper
    raise convert_oserror(err, pid=self.pid, name=self._name) from err
psutil.AccessDenied: (pid=9572, name='svchost.exe')
2025-12-27 04:01:11 [ERROR] Failed to get psutil info for PID 5496
Traceback (most recent call last):
  File "C:\Users\Wesley\AppData\Local\Programs\Python\Python311\Lib\site-packages\psutil\_pswindows.py", line 775, in cmdline
    return cext.proc_cmdline(self.pid, use_peb=True)
           ^^^^^^^^^^^^^^^^^^^^^^^^^^^^^^^^^^^^^^^^^
PermissionError: [WinError 5] Access is denied: '(originated from OpenProcess)'

During handling of the above exception, another exception occurred:

Traceback (most recent call last):
  File "C:\Users\Wesley\AppData\Local\Programs\Python\Python311\Lib\site-packages\psutil\_pswindows.py", line 673, in wrapper
    return fun(self, *args, **kwargs)
           ^^^^^^^^^^^^^^^^^^^^^^^^^^
  File "C:\Users\Wesley\AppData\Local\Programs\Python\Python311\Lib\site-packages\psutil\_pswindows.py", line 691, in wrapper
    return fun(self, *args, **kwargs)
           ^^^^^^^^^^^^^^^^^^^^^^^^^^
  File "C:\Users\Wesley\AppData\Local\Programs\Python\Python311\Lib\site-packages\psutil\_pswindows.py", line 778, in cmdline
    return cext.proc_cmdline(self.pid, use_peb=False)
           ^^^^^^^^^^^^^^^^^^^^^^^^^^^^^^^^^^^^^^^^^^
PermissionError: [WinError 5] Access is denied: '(originated from OpenProcess)'

The above exception was the direct cause of the following exception:

Traceback (most recent call last):
  File "c:\Users\Wesley\Documents\GitHub\INTAI\core\lcu_manager.py", line 256, in start
    'cmdline': p.cmdline(),
               ^^^^^^^^^^^
  File "C:\Users\Wesley\AppData\Local\Programs\Python\Python311\Lib\site-packages\psutil\__init__.py", line 739, in cmdline
    return self._proc.cmdline()
           ^^^^^^^^^^^^^^^^^^^^
  File "C:\Users\Wesley\AppData\Local\Programs\Python\Python311\Lib\site-packages\psutil\_pswindows.py", line 675, in wrapper
    raise convert_oserror(err, pid=self.pid, name=self._name) from err
psutil.AccessDenied: (pid=5496, name='svchost.exe')
2025-12-27 04:01:11 [INFO] Detailed process info: {'name': 'RiotClientServices.exe', 'pid': 16984, 'ppid': 12076, 'cmdline': ['C:\\Riot Games\\Riot Client\\RiotClientServices.exe', '--launch-product=league_of_legends', '--launch-patchline=live'], 'create_time': 1766823506.0732367, 'parent_chain': [(12076, 'explorer.exe')]}
2025-12-27 04:01:11 [ERROR] Failed to get psutil info for PID 2552
Traceback (most recent call last):
  File "C:\Users\Wesley\AppData\Local\Programs\Python\Python311\Lib\site-packages\psutil\_pswindows.py", line 775, in cmdline
    return cext.proc_cmdline(self.pid, use_peb=True)
           ^^^^^^^^^^^^^^^^^^^^^^^^^^^^^^^^^^^^^^^^^
PermissionError: [WinError 5] Access is denied: '(originated from OpenProcess)'

During handling of the above exception, another exception occurred:

Traceback (most recent call last):
  File "C:\Users\Wesley\AppData\Local\Programs\Python\Python311\Lib\site-packages\psutil\_pswindows.py", line 673, in wrapper
    return fun(self, *args, **kwargs)
           ^^^^^^^^^^^^^^^^^^^^^^^^^^
  File "C:\Users\Wesley\AppData\Local\Programs\Python\Python311\Lib\site-packages\psutil\_pswindows.py", line 691, in wrapper
    return fun(self, *args, **kwargs)
           ^^^^^^^^^^^^^^^^^^^^^^^^^^
  File "C:\Users\Wesley\AppData\Local\Programs\Python\Python311\Lib\site-packages\psutil\_pswindows.py", line 778, in cmdline
    return cext.proc_cmdline(self.pid, use_peb=False)
           ^^^^^^^^^^^^^^^^^^^^^^^^^^^^^^^^^^^^^^^^^^
PermissionError: [WinError 5] Access is denied: '(originated from OpenProcess)'

The above exception was the direct cause of the following exception:

Traceback (most recent call last):
  File "c:\Users\Wesley\Documents\GitHub\INTAI\core\lcu_manager.py", line 256, in start
    'cmdline': p.cmdline(),
               ^^^^^^^^^^^
  File "C:\Users\Wesley\AppData\Local\Programs\Python\Python311\Lib\site-packages\psutil\__init__.py", line 739, in cmdline
    return self._proc.cmdline()
           ^^^^^^^^^^^^^^^^^^^^
  File "C:\Users\Wesley\AppData\Local\Programs\Python\Python311\Lib\site-packages\psutil\_pswindows.py", line 675, in wrapper
    raise convert_oserror(err, pid=self.pid, name=self._name) from err
psutil.AccessDenied: (pid=2552, name='svchost.exe')
2025-12-27 04:01:11 [INFO] Detailed process info: {'name': 'Code.exe', 'pid': 18480, 'ppid': 15384, 'cmdline': ['C:\\Users\\Wesley\\AppData\\Local\\Programs\\Microsoft VS Code\\Code.exe', '--type=utility', '--utility-sub-type=node.mojom.NodeService', '--lang=en-US', '--service-sandbox-type=none', '--video-capture-use-gpu-memory-buffer', '--user-data-dir=C:\\Users\\Wesley\\AppData\\Roaming\\Code', '--standard-schemes=vscode-webview,vscode-file', '--enable-sandbox', '--secure-schemes=vscode-webview,vscode-file', '--cors-schemes=vscode-webview,vscode-file', '--fetch-schemes=vscode-webview,vscode-file', '--service-worker-schemes=vscode-webview', '--code-cache-schemes=vscode-webview,vscode-file', '--field-trial-handle=1784,i,595860880891780596,9683399954541231546,262144', '--enable-features=DocumentPolicyIncludeJSCallStacksInCrashReports,EarlyEstablishGpuChannel,EnableTransparentHwndEnlargement,EstablishGpuChannelAsync', '--disable-features=CalculateNativeWinOcclusion,LocalNetworkAccessChecks,ScreenAIOCREnabled,SpareRendererForSitePerProcess,TraceSiteInstanceGetProcessCreation', '--variations-seed-version', '--trace-process-track-uuid=3190708991934122588', '--mojo-platform-channel-handle=3840', '/prefetch:14'], 'create_time': 1766823084.0821056, 'parent_chain': [(15384, 'Code.exe'), (12076, 'explorer.exe')]}
2025-12-27 04:01:11 [INFO] Shutting down program...
2025-12-27 04:01:11 [INFO] Detailed process info: {'name': 'Code.exe', 'pid': 4380, 'ppid': 15384, 'cmdline': ['C:\\Users\\Wesley\\AppData\\Local\\Programs\\Microsoft VS Code\\Code.exe', '--type=utility', '--utility-sub-type=network.mojom.NetworkService', '--lang=en-US', '--service-sandbox-type=none', '--user-data-dir=C:\\Users\\Wesley\\AppData\\Roaming\\Code', '--standard-schemes=vscode-webview,vscode-file', '--enable-sandbox', '--secure-schemes=vscode-webview,vscode-file', '--cors-schemes=vscode-webview,vscode-file', '--fetch-schemes=vscode-webview,vscode-file', '--service-worker-schemes=vscode-webview', '--code-cache-schemes=vscode-webview,vscode-file', '--field-trial-handle=1784,i,595860880891780596,9683399954541231546,262144', '--enable-features=DocumentPolicyIncludeJSCallStacksInCrashReports,EarlyEstablishGpuChannel,EnableTransparentHwndEnlargement,EstablishGpuChannelAsync', '--disable-features=CalculateNativeWinOcclusion,LocalNetworkAccessChecks,ScreenAIOCREnabled,SpareRendererForSitePerProcess,TraceSiteInstanceGetProcessCreation', '--variations-seed-version', '--trace-process-track-uuid=3190708989122997041', '--mojo-platform-channel-handle=2016', '/prefetch:11'], 'create_time': 1766823082.9276676, 'parent_chain': [(15384, 'Code.exe'), (12076, 'explorer.exe')]}
2025-12-27 04:01:11 [INFO] [INFO] Connector has been closed.
2025-12-27 04:01:11 [ERROR] Failed to get psutil info for PID 2956
Traceback (most recent call last):
  File "C:\Users\Wesley\AppData\Local\Programs\Python\Python311\Lib\site-packages\psutil\_pswindows.py", line 775, in cmdline
    return cext.proc_cmdline(self.pid, use_peb=True)
           ^^^^^^^^^^^^^^^^^^^^^^^^^^^^^^^^^^^^^^^^^
PermissionError: [WinError 5] Access is denied: '(originated from OpenProcess)'

During handling of the above exception, another exception occurred:

Traceback (most recent call last):
  File "C:\Users\Wesley\AppData\Local\Programs\Python\Python311\Lib\site-packages\psutil\_pswindows.py", line 673, in wrapper
    return fun(self, *args, **kwargs)
           ^^^^^^^^^^^^^^^^^^^^^^^^^^
  File "C:\Users\Wesley\AppData\Local\Programs\Python\Python311\Lib\site-packages\psutil\_pswindows.py", line 691, in wrapper
    return fun(self, *args, **kwargs)
           ^^^^^^^^^^^^^^^^^^^^^^^^^^
  File "C:\Users\Wesley\AppData\Local\Programs\Python\Python311\Lib\site-packages\psutil\_pswindows.py", line 778, in cmdline
    return cext.proc_cmdline(self.pid, use_peb=False)
           ^^^^^^^^^^^^^^^^^^^^^^^^^^^^^^^^^^^^^^^^^^
PermissionError: [WinError 5] Access is denied: '(originated from OpenProcess)'

The above exception was the direct cause of the following exception:

Traceback (most recent call last):
  File "c:\Users\Wesley\Documents\GitHub\INTAI\core\lcu_manager.py", line 256, in start
    'cmdline': p.cmdline(),
               ^^^^^^^^^^^
  File "C:\Users\Wesley\AppData\Local\Programs\Python\Python311\Lib\site-packages\psutil\__init__.py", line 739, in cmdline
    return self._proc.cmdline()
           ^^^^^^^^^^^^^^^^^^^^
  File "C:\Users\Wesley\AppData\Local\Programs\Python\Python311\Lib\site-packages\psutil\_pswindows.py", line 675, in wrapper
    raise convert_oserror(err, pid=self.pid, name=self._name) from err
psutil.AccessDenied: (pid=2956, name='svchost.exe')
2025-12-27 04:01:11 [INFO] Bot thread is not running, nothing to stop.
2025-12-27 04:01:11 [INFO] Shut down complete.
2025-12-27 04:01:11 [INFO] Detailed process info: {'name': 'sihost.exe', 'pid': 11096, 'ppid': 2392, 'cmdline': ['sihost.exe'], 'create_time': 1766822882.0309978, 'parent_chain': [(2392, 'svchost.exe'), (1532, 'services.exe'), (1452, 'wininit.exe')]}
2025-12-27 04:01:11 [ERROR] Failed to get psutil info for PID 1532
Traceback (most recent call last):
  File "C:\Users\Wesley\AppData\Local\Programs\Python\Python311\Lib\site-packages\psutil\_pswindows.py", line 775, in cmdline
    return cext.proc_cmdline(self.pid, use_peb=True)
           ^^^^^^^^^^^^^^^^^^^^^^^^^^^^^^^^^^^^^^^^^
PermissionError: [WinError 5] Access is denied: '(originated from OpenProcess)'

During handling of the above exception, another exception occurred:

Traceback (most recent call last):
  File "C:\Users\Wesley\AppData\Local\Programs\Python\Python311\Lib\site-packages\psutil\_pswindows.py", line 673, in wrapper
    return fun(self, *args, **kwargs)
           ^^^^^^^^^^^^^^^^^^^^^^^^^^
  File "C:\Users\Wesley\AppData\Local\Programs\Python\Python311\Lib\site-packages\psutil\_pswindows.py", line 691, in wrapper
    return fun(self, *args, **kwargs)
           ^^^^^^^^^^^^^^^^^^^^^^^^^^
  File "C:\Users\Wesley\AppData\Local\Programs\Python\Python311\Lib\site-packages\psutil\_pswindows.py", line 778, in cmdline
    return cext.proc_cmdline(self.pid, use_peb=False)
           ^^^^^^^^^^^^^^^^^^^^^^^^^^^^^^^^^^^^^^^^^^
PermissionError: [WinError 5] Access is denied: '(originated from OpenProcess)'

The above exception was the direct cause of the following exception:

Traceback (most recent call last):
  File "c:\Users\Wesley\Documents\GitHub\INTAI\core\lcu_manager.py", line 256, in start
    'cmdline': p.cmdline(),
               ^^^^^^^^^^^
  File "C:\Users\Wesley\AppData\Local\Programs\Python\Python311\Lib\site-packages\psutil\__init__.py", line 739, in cmdline
    return self._proc.cmdline()
           ^^^^^^^^^^^^^^^^^^^^
  File "C:\Users\Wesley\AppData\Local\Programs\Python\Python311\Lib\site-packages\psutil\_pswindows.py", line 675, in wrapper
    raise convert_oserror(err, pid=self.pid, name=self._name) from err
psutil.AccessDenied: (pid=1532, name='services.exe')
2025-12-27 04:01:11 [INFO] Detailed process info: {'name': 'steamwebhelper.exe', 'pid': 19320, 'ppid': 18792, 'cmdline': ['C:\\Steam\\bin\\cef\\cef.win64\\steamwebhelper.exe', '--type=utility', '--utility-sub-type=network.mojom.NetworkService', '--lang=en-US', '--service-sandbox-type=none', '--start-stack-profiler', '--enable-chrome-runtime', '--user-data-dir=C:\\Users\\Wesley\\AppData\\Local\\Steam\\htmlcache', '--user-agent-product=Valve Steam Client', '--buildid=1766451605', '--steamid=0', '--valve-initial-threadpool-size=4', '--field-trial-handle=2136,i,9424492602804654148,8253837175833701686,262144', '--enable-features=PlatformHEVCDecoderSupport', '--disable-features=BlockPromptsIfIgnoredOften,DcheckIsFatal,SpareRendererForSitePerProcess,ValveFFmpegAllowLowDelayHEVC,WinRetrieveSuggestionsOnlyOnDemand', '--variations-seed-version', '--enable-logging=handle', '--log-file=2208', '--mojo-platform-channel-handle=2204', '/prefetch:11'], 'create_time': 1766823538.6292603, 'parent_chain': [(18792, 'steamwebhelper.exe'), (2760, 'steam.exe'), (12076, 'explorer.exe')]}
2025-12-27 04:01:11 [ERROR] Failed to get psutil info for PID 17128
Traceback (most recent call last):
  File "C:\Users\Wesley\AppData\Local\Programs\Python\Python311\Lib\site-packages\psutil\_pswindows.py", line 775, in cmdline
    return cext.proc_cmdline(self.pid, use_peb=True)
           ^^^^^^^^^^^^^^^^^^^^^^^^^^^^^^^^^^^^^^^^^
PermissionError: [WinError 5] Access is denied: '(originated from OpenProcess)'

During handling of the above exception, another exception occurred:

Traceback (most recent call last):
  File "C:\Users\Wesley\AppData\Local\Programs\Python\Python311\Lib\site-packages\psutil\_pswindows.py", line 673, in wrapper
    return fun(self, *args, **kwargs)
           ^^^^^^^^^^^^^^^^^^^^^^^^^^
  File "C:\Users\Wesley\AppData\Local\Programs\Python\Python311\Lib\site-packages\psutil\_pswindows.py", line 691, in wrapper
    return fun(self, *args, **kwargs)
           ^^^^^^^^^^^^^^^^^^^^^^^^^^
  File "C:\Users\Wesley\AppData\Local\Programs\Python\Python311\Lib\site-packages\psutil\_pswindows.py", line 778, in cmdline
    return cext.proc_cmdline(self.pid, use_peb=False)
           ^^^^^^^^^^^^^^^^^^^^^^^^^^^^^^^^^^^^^^^^^^
PermissionError: [WinError 5] Access is denied: '(originated from OpenProcess)'

The above exception was the direct cause of the following exception:

Traceback (most recent call last):
  File "c:\Users\Wesley\Documents\GitHub\INTAI\core\lcu_manager.py", line 256, in start
    'cmdline': p.cmdline(),
               ^^^^^^^^^^^
  File "C:\Users\Wesley\AppData\Local\Programs\Python\Python311\Lib\site-packages\psutil\__init__.py", line 739, in cmdline
    return self._proc.cmdline()
           ^^^^^^^^^^^^^^^^^^^^
  File "C:\Users\Wesley\AppData\Local\Programs\Python\Python311\Lib\site-packages\psutil\_pswindows.py", line 675, in wrapper
    raise convert_oserror(err, pid=self.pid, name=self._name) from err
psutil.AccessDenied: (pid=17128, name='vgc.exe')
2025-12-27 04:01:11 [INFO] Detailed process info: {'name': 'msedge.exe', 'pid': 14036, 'ppid': 15624, 'cmdline': ['C:\\Program Files (x86)\\Microsoft\\Edge\\Application\\msedge.exe', '--type=renderer', '--extension-process', '--renderer-sub-type=extension', '--pdf-upsell-enabled', '--dma-cps-flags=2048', '--no-pre-read-main-dll', '--video-capture-use-gpu-memory-buffer', '--lang=en-US', '--js-flags', '--device-scale-factor=1', '--num-raster-threads=4', '--enable-main-frame-before-activation', '--renderer-client-id=8', '--time-ticks-at-unix-epoch=-1766822855132003', '--launch-time-ticks=6813143614', '--skip-read-main-dll', '--metrics-shmem-handle=3912,i,15305510675977337383,9567253653109880647,2097152', '--field-trial-handle=2276,i,7054555088190103849,16722614221750908982,262144', '--variations-seed-version', '--trace-process-track-uuid=3190708993808206286', '--mojo-platform-channel-handle=3916', '/prefetch:9'], 'create_time': 1766829668.2789752, 'parent_chain': [(15624, 'msedge.exe'), (12076, 'explorer.exe')]}
2025-12-27 04:01:11 [ERROR] Failed to get psutil info for PID 9188
Traceback (most recent call last):
  File "C:\Users\Wesley\AppData\Local\Programs\Python\Python311\Lib\site-packages\psutil\_pswindows.py", line 775, in cmdline
    return cext.proc_cmdline(self.pid, use_peb=True)
           ^^^^^^^^^^^^^^^^^^^^^^^^^^^^^^^^^^^^^^^^^
PermissionError: [WinError 5] Access is denied: '(originated from OpenProcess)'

During handling of the above exception, another exception occurred:

Traceback (most recent call last):
  File "C:\Users\Wesley\AppData\Local\Programs\Python\Python311\Lib\site-packages\psutil\_pswindows.py", line 673, in wrapper
    return fun(self, *args, **kwargs)
           ^^^^^^^^^^^^^^^^^^^^^^^^^^
  File "C:\Users\Wesley\AppData\Local\Programs\Python\Python311\Lib\site-packages\psutil\_pswindows.py", line 691, in wrapper
    return fun(self, *args, **kwargs)
           ^^^^^^^^^^^^^^^^^^^^^^^^^^
  File "C:\Users\Wesley\AppData\Local\Programs\Python\Python311\Lib\site-packages\psutil\_pswindows.py", line 778, in cmdline
    return cext.proc_cmdline(self.pid, use_peb=False)
           ^^^^^^^^^^^^^^^^^^^^^^^^^^^^^^^^^^^^^^^^^^
PermissionError: [WinError 5] Access is denied: '(originated from OpenProcess)'

The above exception was the direct cause of the following exception:

Traceback (most recent call last):
  File "c:\Users\Wesley\Documents\GitHub\INTAI\core\lcu_manager.py", line 256, in start
    'cmdline': p.cmdline(),
               ^^^^^^^^^^^
  File "C:\Users\Wesley\AppData\Local\Programs\Python\Python311\Lib\site-packages\psutil\__init__.py", line 739, in cmdline
    return self._proc.cmdline()
           ^^^^^^^^^^^^^^^^^^^^
  File "C:\Users\Wesley\AppData\Local\Programs\Python\Python311\Lib\site-packages\psutil\_pswindows.py", line 675, in wrapper
    raise convert_oserror(err, pid=self.pid, name=self._name) from err
psutil.AccessDenied: (pid=9188, name='svchost.exe')
2025-12-27 04:01:11 [INFO] Detailed process info: {'name': 'msedge.exe', 'pid': 28396, 'ppid': 15624, 'cmdline': ['C:\\Program Files (x86)\\Microsoft\\Edge\\Application\\msedge.exe', '--type=renderer', '--pdf-upsell-enabled', '--dma-cps-flags=2048', '--no-pre-read-main-dll', '--video-capture-use-gpu-memory-buffer', '--lang=en-US', '--js-flags', '--device-scale-factor=1', '--num-raster-threads=4', '--enable-main-frame-before-activation', '--renderer-client-id=13', '--time-ticks-at-unix-epoch=-1766822855132003', '--launch-time-ticks=6813253508', '--skip-read-main-dll', '--metrics-shmem-handle=5688,i,1328445608208617901,5634772819937625819,2097152', '--field-trial-handle=2276,i,7054555088190103849,16722614221750908982,262144', '--variations-seed-version', '--trace-process-track-uuid=3190708998493415531', '--mojo-platform-channel-handle=5640', '/prefetch:1'], 'create_time': 1766829668.387248, 'parent_chain': [(15624, 'msedge.exe'), (12076, 'explorer.exe')]}
2025-12-27 04:01:11 [ERROR] Failed to get psutil info for PID 24444
Traceback (most recent call last):
  File "C:\Users\Wesley\AppData\Local\Programs\Python\Python311\Lib\site-packages\psutil\_pswindows.py", line 775, in cmdline
    return cext.proc_cmdline(self.pid, use_peb=True)
           ^^^^^^^^^^^^^^^^^^^^^^^^^^^^^^^^^^^^^^^^^
PermissionError: [WinError 5] Access is denied: '(originated from OpenProcess)'

During handling of the above exception, another exception occurred:

Traceback (most recent call last):
  File "C:\Users\Wesley\AppData\Local\Programs\Python\Python311\Lib\site-packages\psutil\_pswindows.py", line 673, in wrapper
    return fun(self, *args, **kwargs)
           ^^^^^^^^^^^^^^^^^^^^^^^^^^
  File "C:\Users\Wesley\AppData\Local\Programs\Python\Python311\Lib\site-packages\psutil\_pswindows.py", line 691, in wrapper
    return fun(self, *args, **kwargs)
           ^^^^^^^^^^^^^^^^^^^^^^^^^^
  File "C:\Users\Wesley\AppData\Local\Programs\Python\Python311\Lib\site-packages\psutil\_pswindows.py", line 778, in cmdline
    return cext.proc_cmdline(self.pid, use_peb=False)
           ^^^^^^^^^^^^^^^^^^^^^^^^^^^^^^^^^^^^^^^^^^
PermissionError: [WinError 5] Access is denied: '(originated from OpenProcess)'

The above exception was the direct cause of the following exception:

Traceback (most recent call last):
  File "c:\Users\Wesley\Documents\GitHub\INTAI\core\lcu_manager.py", line 256, in start
    'cmdline': p.cmdline(),
               ^^^^^^^^^^^
  File "C:\Users\Wesley\AppData\Local\Programs\Python\Python311\Lib\site-packages\psutil\__init__.py", line 739, in cmdline
    return self._proc.cmdline()
           ^^^^^^^^^^^^^^^^^^^^
  File "C:\Users\Wesley\AppData\Local\Programs\Python\Python311\Lib\site-packages\psutil\_pswindows.py", line 675, in wrapper
    raise convert_oserror(err, pid=self.pid, name=self._name) from err
psutil.AccessDenied: (pid=24444, name='svchost.exe')
2025-12-27 04:01:11 [ERROR] Failed to get psutil info for PID 5488
Traceback (most recent call last):
  File "C:\Users\Wesley\AppData\Local\Programs\Python\Python311\Lib\site-packages\psutil\_pswindows.py", line 775, in cmdline
    return cext.proc_cmdline(self.pid, use_peb=True)
           ^^^^^^^^^^^^^^^^^^^^^^^^^^^^^^^^^^^^^^^^^
PermissionError: [WinError 5] Access is denied: '(originated from OpenProcess)'

During handling of the above exception, another exception occurred:

Traceback (most recent call last):
  File "C:\Users\Wesley\AppData\Local\Programs\Python\Python311\Lib\site-packages\psutil\_pswindows.py", line 673, in wrapper
    return fun(self, *args, **kwargs)
           ^^^^^^^^^^^^^^^^^^^^^^^^^^
  File "C:\Users\Wesley\AppData\Local\Programs\Python\Python311\Lib\site-packages\psutil\_pswindows.py", line 691, in wrapper
    return fun(self, *args, **kwargs)
           ^^^^^^^^^^^^^^^^^^^^^^^^^^
  File "C:\Users\Wesley\AppData\Local\Programs\Python\Python311\Lib\site-packages\psutil\_pswindows.py", line 778, in cmdline
    return cext.proc_cmdline(self.pid, use_peb=False)
           ^^^^^^^^^^^^^^^^^^^^^^^^^^^^^^^^^^^^^^^^^^
PermissionError: [WinError 5] Access is denied: '(originated from OpenProcess)'

The above exception was the direct cause of the following exception:

Traceback (most recent call last):
  File "c:\Users\Wesley\Documents\GitHub\INTAI\core\lcu_manager.py", line 256, in start
    'cmdline': p.cmdline(),
               ^^^^^^^^^^^
  File "C:\Users\Wesley\AppData\Local\Programs\Python\Python311\Lib\site-packages\psutil\__init__.py", line 739, in cmdline
    return self._proc.cmdline()
           ^^^^^^^^^^^^^^^^^^^^
  File "C:\Users\Wesley\AppData\Local\Programs\Python\Python311\Lib\site-packages\psutil\_pswindows.py", line 675, in wrapper
    raise convert_oserror(err, pid=self.pid, name=self._name) from err
psutil.AccessDenied: (pid=5488, name='svchost.exe')
2025-12-27 04:01:11 [INFO] Detailed process info: {'name': 'Code.exe', 'pid': 6576, 'ppid': 15384, 'cmdline': ['C:\\Users\\Wesley\\AppData\\Local\\Programs\\Microsoft VS Code\\Code.exe', '--type=utility', '--utility-sub-type=node.mojom.NodeService', '--lang=en-US', '--service-sandbox-type=none', '--video-capture-use-gpu-memory-buffer', '--user-data-dir=C:\\Users\\Wesley\\AppData\\Roaming\\Code', '--standard-schemes=vscode-webview,vscode-file', '--enable-sandbox', '--secure-schemes=vscode-webview,vscode-file', '--cors-schemes=vscode-webview,vscode-file', '--fetch-schemes=vscode-webview,vscode-file', '--service-worker-schemes=vscode-webview', '--code-cache-schemes=vscode-webview,vscode-file', '--field-trial-handle=1784,i,595860880891780596,9683399954541231546,262144', '--enable-features=DocumentPolicyIncludeJSCallStacksInCrashReports,EarlyEstablishGpuChannel,EnableTransparentHwndEnlargement,EstablishGpuChannelAsync', '--disable-features=CalculateNativeWinOcclusion,LocalNetworkAccessChecks,ScreenAIOCREnabled,SpareRendererForSitePerProcess,TraceSiteInstanceGetProcessCreation', '--variations-seed-version', '--trace-process-track-uuid=3190708992871164437', '--mojo-platform-channel-handle=3604', '/prefetch:14'], 'create_time': 1766823084.0897925, 'parent_chain': [(15384, 'Code.exe'), (12076, 'explorer.exe')]}
2025-12-27 04:01:11 [ERROR] Failed to get psutil info for PID 13360
Traceback (most recent call last):
  File "C:\Users\Wesley\AppData\Local\Programs\Python\Python311\Lib\site-packages\psutil\_pswindows.py", line 775, in cmdline
    return cext.proc_cmdline(self.pid, use_peb=True)
           ^^^^^^^^^^^^^^^^^^^^^^^^^^^^^^^^^^^^^^^^^
PermissionError: [WinError 5] Access is denied: '(originated from OpenProcess)'

During handling of the above exception, another exception occurred:

Traceback (most recent call last):
  File "C:\Users\Wesley\AppData\Local\Programs\Python\Python311\Lib\site-packages\psutil\_pswindows.py", line 673, in wrapper
    return fun(self, *args, **kwargs)
           ^^^^^^^^^^^^^^^^^^^^^^^^^^
  File "C:\Users\Wesley\AppData\Local\Programs\Python\Python311\Lib\site-packages\psutil\_pswindows.py", line 691, in wrapper
    return fun(self, *args, **kwargs)
           ^^^^^^^^^^^^^^^^^^^^^^^^^^
  File "C:\Users\Wesley\AppData\Local\Programs\Python\Python311\Lib\site-packages\psutil\_pswindows.py", line 778, in cmdline
    return cext.proc_cmdline(self.pid, use_peb=False)
           ^^^^^^^^^^^^^^^^^^^^^^^^^^^^^^^^^^^^^^^^^^
PermissionError: [WinError 5] Access is denied: '(originated from OpenProcess)'

The above exception was the direct cause of the following exception:

Traceback (most recent call last):
  File "c:\Users\Wesley\Documents\GitHub\INTAI\core\lcu_manager.py", line 256, in start
    'cmdline': p.cmdline(),
               ^^^^^^^^^^^
  File "C:\Users\Wesley\AppData\Local\Programs\Python\Python311\Lib\site-packages\psutil\__init__.py", line 739, in cmdline
    return self._proc.cmdline()
           ^^^^^^^^^^^^^^^^^^^^
  File "C:\Users\Wesley\AppData\Local\Programs\Python\Python311\Lib\site-packages\psutil\_pswindows.py", line 675, in wrapper
    raise convert_oserror(err, pid=self.pid, name=self._name) from err
psutil.AccessDenied: (pid=13360, name='svchost.exe')
2025-12-27 04:01:11 [ERROR] Failed to get psutil info for PID 3512
Traceback (most recent call last):
  File "C:\Users\Wesley\AppData\Local\Programs\Python\Python311\Lib\site-packages\psutil\_pswindows.py", line 775, in cmdline
    return cext.proc_cmdline(self.pid, use_peb=True)
           ^^^^^^^^^^^^^^^^^^^^^^^^^^^^^^^^^^^^^^^^^
PermissionError: [WinError 5] Access is denied: '(originated from OpenProcess)'

During handling of the above exception, another exception occurred:

Traceback (most recent call last):
  File "C:\Users\Wesley\AppData\Local\Programs\Python\Python311\Lib\site-packages\psutil\_pswindows.py", line 673, in wrapper
    return fun(self, *args, **kwargs)
           ^^^^^^^^^^^^^^^^^^^^^^^^^^
  File "C:\Users\Wesley\AppData\Local\Programs\Python\Python311\Lib\site-packages\psutil\_pswindows.py", line 691, in wrapper
    return fun(self, *args, **kwargs)
           ^^^^^^^^^^^^^^^^^^^^^^^^^^
  File "C:\Users\Wesley\AppData\Local\Programs\Python\Python311\Lib\site-packages\psutil\_pswindows.py", line 778, in cmdline
    return cext.proc_cmdline(self.pid, use_peb=False)
           ^^^^^^^^^^^^^^^^^^^^^^^^^^^^^^^^^^^^^^^^^^
PermissionError: [WinError 5] Access is denied: '(originated from OpenProcess)'

The above exception was the direct cause of the following exception:

Traceback (most recent call last):
  File "c:\Users\Wesley\Documents\GitHub\INTAI\core\lcu_manager.py", line 256, in start
    'cmdline': p.cmdline(),
               ^^^^^^^^^^^
  File "C:\Users\Wesley\AppData\Local\Programs\Python\Python311\Lib\site-packages\psutil\__init__.py", line 739, in cmdline
    return self._proc.cmdline()
           ^^^^^^^^^^^^^^^^^^^^
  File "C:\Users\Wesley\AppData\Local\Programs\Python\Python311\Lib\site-packages\psutil\_pswindows.py", line 675, in wrapper
    raise convert_oserror(err, pid=self.pid, name=self._name) from err
psutil.AccessDenied: (pid=3512, name='svchost.exe')
2025-12-27 04:01:11 [ERROR] Failed to get psutil info for PID 15436
Traceback (most recent call last):
  File "C:\Users\Wesley\AppData\Local\Programs\Python\Python311\Lib\site-packages\psutil\_pswindows.py", line 775, in cmdline
    return cext.proc_cmdline(self.pid, use_peb=True)
           ^^^^^^^^^^^^^^^^^^^^^^^^^^^^^^^^^^^^^^^^^
PermissionError: [WinError 5] Access is denied: '(originated from OpenProcess)'

During handling of the above exception, another exception occurred:

Traceback (most recent call last):
  File "C:\Users\Wesley\AppData\Local\Programs\Python\Python311\Lib\site-packages\psutil\_pswindows.py", line 673, in wrapper
    return fun(self, *args, **kwargs)
           ^^^^^^^^^^^^^^^^^^^^^^^^^^
  File "C:\Users\Wesley\AppData\Local\Programs\Python\Python311\Lib\site-packages\psutil\_pswindows.py", line 691, in wrapper
    return fun(self, *args, **kwargs)
           ^^^^^^^^^^^^^^^^^^^^^^^^^^
  File "C:\Users\Wesley\AppData\Local\Programs\Python\Python311\Lib\site-packages\psutil\_pswindows.py", line 778, in cmdline
    return cext.proc_cmdline(self.pid, use_peb=False)
           ^^^^^^^^^^^^^^^^^^^^^^^^^^^^^^^^^^^^^^^^^^
PermissionError: [WinError 5] Access is denied: '(originated from OpenProcess)'

The above exception was the direct cause of the following exception:

Traceback (most recent call last):
  File "c:\Users\Wesley\Documents\GitHub\INTAI\core\lcu_manager.py", line 256, in start
    'cmdline': p.cmdline(),
               ^^^^^^^^^^^
  File "C:\Users\Wesley\AppData\Local\Programs\Python\Python311\Lib\site-packages\psutil\__init__.py", line 739, in cmdline
    return self._proc.cmdline()
           ^^^^^^^^^^^^^^^^^^^^
  File "C:\Users\Wesley\AppData\Local\Programs\Python\Python311\Lib\site-packages\psutil\_pswindows.py", line 675, in wrapper
    raise convert_oserror(err, pid=self.pid, name=self._name) from err
psutil.AccessDenied: (pid=15436, name='svchost.exe')
2025-12-27 04:01:11 [INFO] Detailed process info: {'name': 'svchost.exe', 'pid': 3576, 'ppid': 1532, 'cmdline': ['C:\\WINDOWS\\system32\\svchost.exe', '-k', 'LocalService', '-p', '-s', 'NPSMSvc'], 'create_time': 1766823079.2491171, 'parent_chain': [(1532, 'services.exe'), (1452, 'wininit.exe')]}
2025-12-27 04:01:11 [ERROR] Failed to get psutil info for PID 7528
Traceback (most recent call last):
  File "C:\Users\Wesley\AppData\Local\Programs\Python\Python311\Lib\site-packages\psutil\_pswindows.py", line 775, in cmdline
    return cext.proc_cmdline(self.pid, use_peb=True)
           ^^^^^^^^^^^^^^^^^^^^^^^^^^^^^^^^^^^^^^^^^
PermissionError: [WinError 5] Access is denied: '(originated from OpenProcess)'

During handling of the above exception, another exception occurred:

Traceback (most recent call last):
  File "C:\Users\Wesley\AppData\Local\Programs\Python\Python311\Lib\site-packages\psutil\_pswindows.py", line 673, in wrapper
    return fun(self, *args, **kwargs)
           ^^^^^^^^^^^^^^^^^^^^^^^^^^
  File "C:\Users\Wesley\AppData\Local\Programs\Python\Python311\Lib\site-packages\psutil\_pswindows.py", line 691, in wrapper
    return fun(self, *args, **kwargs)
           ^^^^^^^^^^^^^^^^^^^^^^^^^^
  File "C:\Users\Wesley\AppData\Local\Programs\Python\Python311\Lib\site-packages\psutil\_pswindows.py", line 778, in cmdline
    return cext.proc_cmdline(self.pid, use_peb=False)
           ^^^^^^^^^^^^^^^^^^^^^^^^^^^^^^^^^^^^^^^^^^
PermissionError: [WinError 5] Access is denied: '(originated from OpenProcess)'

The above exception was the direct cause of the following exception:

Traceback (most recent call last):
  File "c:\Users\Wesley\Documents\GitHub\INTAI\core\lcu_manager.py", line 256, in start
    'cmdline': p.cmdline(),
               ^^^^^^^^^^^
  File "C:\Users\Wesley\AppData\Local\Programs\Python\Python311\Lib\site-packages\psutil\__init__.py", line 739, in cmdline
    return self._proc.cmdline()
           ^^^^^^^^^^^^^^^^^^^^
  File "C:\Users\Wesley\AppData\Local\Programs\Python\Python311\Lib\site-packages\psutil\_pswindows.py", line 675, in wrapper
    raise convert_oserror(err, pid=self.pid, name=self._name) from err
psutil.AccessDenied: (pid=7528, name='svchost.exe')
2025-12-27 04:01:11 [INFO] Detailed process info: {'name': 'svchost.exe', 'pid': 13572, 'ppid': 1532, 'cmdline': ['C:\\WINDOWS\\system32\\svchost.exe', '-k', 'UdkSvcGroup', '-s', 'UdkUserSvc'], 'create_time': 1766822886.0398417, 'parent_chain': [(1532, 'services.exe'), (1452, 'wininit.exe')]}
2025-12-27 04:01:11 [INFO] Detailed process info: {'name': 'GameBarFTServer.exe', 'pid': 7184, 'ppid': 1760, 'cmdline': ['C:\\Program Files\\WindowsApps\\Microsoft.XboxGamingOverlay_7.325.11061.0_x64__8wekyb3d8bbwe\\GameBarFTServer.exe', '-Embedding'], 'create_time': 1766829667.4305549, 'parent_chain': [(1760, 'svchost.exe'), (1532, 'services.exe'), (1452, 'wininit.exe')]}
2025-12-27 04:01:11 [ERROR] Failed to get psutil info for PID 4416
Traceback (most recent call last):
  File "C:\Users\Wesley\AppData\Local\Programs\Python\Python311\Lib\site-packages\psutil\_pswindows.py", line 775, in cmdline
    return cext.proc_cmdline(self.pid, use_peb=True)
           ^^^^^^^^^^^^^^^^^^^^^^^^^^^^^^^^^^^^^^^^^
PermissionError: [WinError 5] Access is denied: '(originated from OpenProcess)'

During handling of the above exception, another exception occurred:

Traceback (most recent call last):
  File "C:\Users\Wesley\AppData\Local\Programs\Python\Python311\Lib\site-packages\psutil\_pswindows.py", line 673, in wrapper
    return fun(self, *args, **kwargs)
           ^^^^^^^^^^^^^^^^^^^^^^^^^^
  File "C:\Users\Wesley\AppData\Local\Programs\Python\Python311\Lib\site-packages\psutil\_pswindows.py", line 691, in wrapper
    return fun(self, *args, **kwargs)
           ^^^^^^^^^^^^^^^^^^^^^^^^^^
  File "C:\Users\Wesley\AppData\Local\Programs\Python\Python311\Lib\site-packages\psutil\_pswindows.py", line 778, in cmdline
    return cext.proc_cmdline(self.pid, use_peb=False)
           ^^^^^^^^^^^^^^^^^^^^^^^^^^^^^^^^^^^^^^^^^^
PermissionError: [WinError 5] Access is denied: '(originated from OpenProcess)'

The above exception was the direct cause of the following exception:

Traceback (most recent call last):
  File "c:\Users\Wesley\Documents\GitHub\INTAI\core\lcu_manager.py", line 256, in start
    'cmdline': p.cmdline(),
               ^^^^^^^^^^^
  File "C:\Users\Wesley\AppData\Local\Programs\Python\Python311\Lib\site-packages\psutil\__init__.py", line 739, in cmdline
    return self._proc.cmdline()
           ^^^^^^^^^^^^^^^^^^^^
  File "C:\Users\Wesley\AppData\Local\Programs\Python\Python311\Lib\site-packages\psutil\_pswindows.py", line 675, in wrapper
    raise convert_oserror(err, pid=self.pid, name=self._name) from err
psutil.AccessDenied: (pid=4416, name='svchost.exe')
2025-12-27 04:01:11 [ERROR] Failed to get psutil info for PID 5504
Traceback (most recent call last):
  File "C:\Users\Wesley\AppData\Local\Programs\Python\Python311\Lib\site-packages\psutil\_pswindows.py", line 775, in cmdline
    return cext.proc_cmdline(self.pid, use_peb=True)
           ^^^^^^^^^^^^^^^^^^^^^^^^^^^^^^^^^^^^^^^^^
PermissionError: [WinError 5] Access is denied: '(originated from OpenProcess)'

During handling of the above exception, another exception occurred:

Traceback (most recent call last):
  File "C:\Users\Wesley\AppData\Local\Programs\Python\Python311\Lib\site-packages\psutil\_pswindows.py", line 673, in wrapper
    return fun(self, *args, **kwargs)
           ^^^^^^^^^^^^^^^^^^^^^^^^^^
  File "C:\Users\Wesley\AppData\Local\Programs\Python\Python311\Lib\site-packages\psutil\_pswindows.py", line 691, in wrapper
    return fun(self, *args, **kwargs)
           ^^^^^^^^^^^^^^^^^^^^^^^^^^
  File "C:\Users\Wesley\AppData\Local\Programs\Python\Python311\Lib\site-packages\psutil\_pswindows.py", line 778, in cmdline
    return cext.proc_cmdline(self.pid, use_peb=False)
           ^^^^^^^^^^^^^^^^^^^^^^^^^^^^^^^^^^^^^^^^^^
PermissionError: [WinError 5] Access is denied: '(originated from OpenProcess)'

The above exception was the direct cause of the following exception:

Traceback (most recent call last):
  File "c:\Users\Wesley\Documents\GitHub\INTAI\core\lcu_manager.py", line 256, in start
    'cmdline': p.cmdline(),
               ^^^^^^^^^^^
  File "C:\Users\Wesley\AppData\Local\Programs\Python\Python311\Lib\site-packages\psutil\__init__.py", line 739, in cmdline
    return self._proc.cmdline()
           ^^^^^^^^^^^^^^^^^^^^
  File "C:\Users\Wesley\AppData\Local\Programs\Python\Python311\Lib\site-packages\psutil\_pswindows.py", line 675, in wrapper
    raise convert_oserror(err, pid=self.pid, name=self._name) from err
psutil.AccessDenied: (pid=5504, name='svchost.exe')
2025-12-27 04:01:11 [INFO] Detailed process info: {'name': 'XboxPcAppFT.exe', 'pid': 22312, 'ppid': 1760, 'cmdline': ['C:\\Program Files\\WindowsApps\\Microsoft.GamingApp_2512.1001.34.0_x64__8wekyb3d8bbwe\\XboxPcAppFT.exe', '-Embedding'], 'create_time': 1766823540.6713972, 'parent_chain': [(1760, 'svchost.exe'), (1532, 'services.exe'), (1452, 'wininit.exe')]}
2025-12-27 04:01:11 [INFO] Detailed process info: {'name': 'Code.exe', 'pid': 17700, 'ppid': 15384, 'cmdline': ['C:\\Users\\Wesley\\AppData\\Local\\Programs\\Microsoft VS Code\\Code.exe', '--type=utility', '--utility-sub-type=node.mojom.NodeService', '--lang=en-US', '--service-sandbox-type=none', '--video-capture-use-gpu-memory-buffer', '--user-data-dir=C:\\Users\\Wesley\\AppData\\Roaming\\Code', '--standard-schemes=vscode-webview,vscode-file', '--enable-sandbox', '--secure-schemes=vscode-webview,vscode-file', '--cors-schemes=vscode-webview,vscode-file', '--fetch-schemes=vscode-webview,vscode-file', '--service-worker-schemes=vscode-webview', '--code-cache-schemes=vscode-webview,vscode-file', '--field-trial-handle=1784,i,595860880891780596,9683399954541231546,262144', '--enable-features=DocumentPolicyIncludeJSCallStacksInCrashReports,EarlyEstablishGpuChannel,EnableTransparentHwndEnlargement,EstablishGpuChannelAsync', '--disable-features=CalculateNativeWinOcclusion,LocalNetworkAccessChecks,ScreenAIOCREnabled,SpareRendererForSitePerProcess,TraceSiteInstanceGetProcessCreation', '--variations-seed-version', '--trace-process-track-uuid=3190708990997080739', '--mojo-platform-channel-handle=3512', '/prefetch:14'], 'create_time': 1766823084.0323403, 'parent_chain': [(15384, 'Code.exe'), (12076, 'explorer.exe')]}
2025-12-27 04:01:11 [INFO] Detailed process info: {'name': 'Code.exe', 'pid': 5728, 'ppid': 15384, 'cmdline': ['C:\\Users\\Wesley\\AppData\\Local\\Programs\\Microsoft VS Code\\Code.exe', '--type=utility', '--utility-sub-type=node.mojom.NodeService', '--lang=en-US', '--service-sandbox-type=none', '--dns-result-order=ipv4first', '--experimental-network-inspection', '--inspect-port=0', '--video-capture-use-gpu-memory-buffer', '--user-data-dir=C:\\Users\\Wesley\\AppData\\Roaming\\Code', '--standard-schemes=vscode-webview,vscode-file', '--enable-sandbox', '--secure-schemes=vscode-webview,vscode-file', '--cors-schemes=vscode-webview,vscode-file', '--fetch-schemes=vscode-webview,vscode-file', '--service-worker-schemes=vscode-webview', '--code-cache-schemes=vscode-webview,vscode-file', '--field-trial-handle=1784,i,595860880891780596,9683399954541231546,262144', '--enable-features=DocumentPolicyIncludeJSCallStacksInCrashReports,EarlyEstablishGpuChannel,EnableTransparentHwndEnlargement,EstablishGpuChannelAsync', '--disable-features=CalculateNativeWinOcclusion,LocalNetworkAccessChecks,ScreenAIOCREnabled,SpareRendererForSitePerProcess,TraceSiteInstanceGetProcessCreation', '--variations-seed-version', '--trace-process-track-uuid=3190708993808206286', '--mojo-platform-channel-handle=3884', '/prefetch:14'], 'create_time': 1766823084.0971484, 'parent_chain': [(15384, 'Code.exe'), (12076, 'explorer.exe')]}
2025-12-27 04:01:11 [INFO] Detailed process info: {'name': 'NVIDIA Overlay.exe', 'pid': 12656, 'ppid': 11088, 'cmdline': ['C:\\Program Files\\NVIDIA Corporation\\NVIDIA App\\CEF\\NVIDIA Overlay.exe'], 'create_time': 1766822883.951682, 'parent_chain': [(11088, 'nvcontainer.exe'), (5604, 'nvcontainer.exe'), (1532, 'services.exe'), (1452, 'wininit.exe')]}
2025-12-27 04:01:11 [ERROR] Failed to get psutil info for PID 8348
Traceback (most recent call last):
  File "C:\Users\Wesley\AppData\Local\Programs\Python\Python311\Lib\site-packages\psutil\_pswindows.py", line 775, in cmdline
    return cext.proc_cmdline(self.pid, use_peb=True)
           ^^^^^^^^^^^^^^^^^^^^^^^^^^^^^^^^^^^^^^^^^
PermissionError: [WinError 5] Access is denied: '(originated from OpenProcess)'

During handling of the above exception, another exception occurred:

Traceback (most recent call last):
  File "C:\Users\Wesley\AppData\Local\Programs\Python\Python311\Lib\site-packages\psutil\_pswindows.py", line 673, in wrapper
    return fun(self, *args, **kwargs)
           ^^^^^^^^^^^^^^^^^^^^^^^^^^
  File "C:\Users\Wesley\AppData\Local\Programs\Python\Python311\Lib\site-packages\psutil\_pswindows.py", line 691, in wrapper
    return fun(self, *args, **kwargs)
           ^^^^^^^^^^^^^^^^^^^^^^^^^^
  File "C:\Users\Wesley\AppData\Local\Programs\Python\Python311\Lib\site-packages\psutil\_pswindows.py", line 778, in cmdline
    return cext.proc_cmdline(self.pid, use_peb=False)
           ^^^^^^^^^^^^^^^^^^^^^^^^^^^^^^^^^^^^^^^^^^
PermissionError: [WinError 5] Access is denied: '(originated from OpenProcess)'

The above exception was the direct cause of the following exception:

Traceback (most recent call last):
  File "c:\Users\Wesley\Documents\GitHub\INTAI\core\lcu_manager.py", line 256, in start
    'cmdline': p.cmdline(),
               ^^^^^^^^^^^
  File "C:\Users\Wesley\AppData\Local\Programs\Python\Python311\Lib\site-packages\psutil\__init__.py", line 739, in cmdline
    return self._proc.cmdline()
           ^^^^^^^^^^^^^^^^^^^^
  File "C:\Users\Wesley\AppData\Local\Programs\Python\Python311\Lib\site-packages\psutil\_pswindows.py", line 675, in wrapper
    raise convert_oserror(err, pid=self.pid, name=self._name) from err
psutil.AccessDenied: (pid=8348, name='gamingservices.exe')
2025-12-27 04:01:11 [INFO] Detailed process info: {'name': 'svchost.exe', 'pid': 9056, 'ppid': 1532, 'cmdline': ['C:\\WINDOWS\\system32\\svchost.exe', '-k', 'UnistackSvcGroup', '-s', 'WpnUserService'], 'create_time': 1766822882.1009994, 'parent_chain': [(1532, 'services.exe'), (1452, 'wininit.exe')]}
2025-12-27 04:01:11 [ERROR] Failed to get psutil info for PID 9704
Traceback (most recent call last):
  File "C:\Users\Wesley\AppData\Local\Programs\Python\Python311\Lib\site-packages\psutil\_pswindows.py", line 775, in cmdline
    return cext.proc_cmdline(self.pid, use_peb=True)
           ^^^^^^^^^^^^^^^^^^^^^^^^^^^^^^^^^^^^^^^^^
PermissionError: [WinError 5] Access is denied: '(originated from OpenProcess)'

During handling of the above exception, another exception occurred:

Traceback (most recent call last):
  File "C:\Users\Wesley\AppData\Local\Programs\Python\Python311\Lib\site-packages\psutil\_pswindows.py", line 673, in wrapper
    return fun(self, *args, **kwargs)
           ^^^^^^^^^^^^^^^^^^^^^^^^^^
  File "C:\Users\Wesley\AppData\Local\Programs\Python\Python311\Lib\site-packages\psutil\_pswindows.py", line 691, in wrapper
    return fun(self, *args, **kwargs)
           ^^^^^^^^^^^^^^^^^^^^^^^^^^
  File "C:\Users\Wesley\AppData\Local\Programs\Python\Python311\Lib\site-packages\psutil\_pswindows.py", line 778, in cmdline
    return cext.proc_cmdline(self.pid, use_peb=False)
           ^^^^^^^^^^^^^^^^^^^^^^^^^^^^^^^^^^^^^^^^^^
PermissionError: [WinError 5] Access is denied: '(originated from OpenProcess)'

The above exception was the direct cause of the following exception:

Traceback (most recent call last):
  File "c:\Users\Wesley\Documents\GitHub\INTAI\core\lcu_manager.py", line 256, in start
    'cmdline': p.cmdline(),
               ^^^^^^^^^^^
  File "C:\Users\Wesley\AppData\Local\Programs\Python\Python311\Lib\site-packages\psutil\__init__.py", line 739, in cmdline
    return self._proc.cmdline()
           ^^^^^^^^^^^^^^^^^^^^
  File "C:\Users\Wesley\AppData\Local\Programs\Python\Python311\Lib\site-packages\psutil\_pswindows.py", line 675, in wrapper
    raise convert_oserror(err, pid=self.pid, name=self._name) from err
psutil.AccessDenied: (pid=9704, name='svchost.exe')
2025-12-27 04:01:11 [INFO] Detailed process info: {'name': 'ctfmon.exe', 'pid': 9084, 'ppid': 3772, 'cmdline': ['/QuitInfo:0000000000000350;0000000000000354;'], 'create_time': 1766822892.1491704, 'parent_chain': [(3772, 'svchost.exe'), (1532, 'services.exe'), (1452, 'wininit.exe')]}
2025-12-27 04:01:11 [ERROR] Failed to get psutil info for PID 1460
Traceback (most recent call last):
  File "C:\Users\Wesley\AppData\Local\Programs\Python\Python311\Lib\site-packages\psutil\_pswindows.py", line 775, in cmdline
    return cext.proc_cmdline(self.pid, use_peb=True)
           ^^^^^^^^^^^^^^^^^^^^^^^^^^^^^^^^^^^^^^^^^
PermissionError: [WinError 5] Access is denied: '(originated from OpenProcess)'

During handling of the above exception, another exception occurred:

Traceback (most recent call last):
  File "C:\Users\Wesley\AppData\Local\Programs\Python\Python311\Lib\site-packages\psutil\_pswindows.py", line 673, in wrapper
    return fun(self, *args, **kwargs)
           ^^^^^^^^^^^^^^^^^^^^^^^^^^
  File "C:\Users\Wesley\AppData\Local\Programs\Python\Python311\Lib\site-packages\psutil\_pswindows.py", line 691, in wrapper
    return fun(self, *args, **kwargs)
           ^^^^^^^^^^^^^^^^^^^^^^^^^^
  File "C:\Users\Wesley\AppData\Local\Programs\Python\Python311\Lib\site-packages\psutil\_pswindows.py", line 778, in cmdline
    return cext.proc_cmdline(self.pid, use_peb=False)
           ^^^^^^^^^^^^^^^^^^^^^^^^^^^^^^^^^^^^^^^^^^
PermissionError: [WinError 5] Access is denied: '(originated from OpenProcess)'

The above exception was the direct cause of the following exception:

Traceback (most recent call last):
  File "c:\Users\Wesley\Documents\GitHub\INTAI\core\lcu_manager.py", line 256, in start
    'cmdline': p.cmdline(),
               ^^^^^^^^^^^
  File "C:\Users\Wesley\AppData\Local\Programs\Python\Python311\Lib\site-packages\psutil\__init__.py", line 739, in cmdline
    return self._proc.cmdline()
           ^^^^^^^^^^^^^^^^^^^^
  File "C:\Users\Wesley\AppData\Local\Programs\Python\Python311\Lib\site-packages\psutil\_pswindows.py", line 675, in wrapper
    raise convert_oserror(err, pid=self.pid, name=self._name) from err
psutil.AccessDenied: (pid=1460, name='csrss.exe')
2025-12-27 04:01:11 [ERROR] Failed to get psutil info for PID 3588
Traceback (most recent call last):
  File "C:\Users\Wesley\AppData\Local\Programs\Python\Python311\Lib\site-packages\psutil\_pswindows.py", line 775, in cmdline
    return cext.proc_cmdline(self.pid, use_peb=True)
           ^^^^^^^^^^^^^^^^^^^^^^^^^^^^^^^^^^^^^^^^^
PermissionError: [WinError 5] Access is denied: '(originated from OpenProcess)'

During handling of the above exception, another exception occurred:

Traceback (most recent call last):
  File "C:\Users\Wesley\AppData\Local\Programs\Python\Python311\Lib\site-packages\psutil\_pswindows.py", line 673, in wrapper
    return fun(self, *args, **kwargs)
           ^^^^^^^^^^^^^^^^^^^^^^^^^^
  File "C:\Users\Wesley\AppData\Local\Programs\Python\Python311\Lib\site-packages\psutil\_pswindows.py", line 691, in wrapper
    return fun(self, *args, **kwargs)
           ^^^^^^^^^^^^^^^^^^^^^^^^^^
  File "C:\Users\Wesley\AppData\Local\Programs\Python\Python311\Lib\site-packages\psutil\_pswindows.py", line 778, in cmdline
    return cext.proc_cmdline(self.pid, use_peb=False)
           ^^^^^^^^^^^^^^^^^^^^^^^^^^^^^^^^^^^^^^^^^^
PermissionError: [WinError 5] Access is denied: '(originated from OpenProcess)'

The above exception was the direct cause of the following exception:

Traceback (most recent call last):
  File "c:\Users\Wesley\Documents\GitHub\INTAI\core\lcu_manager.py", line 256, in start
    'cmdline': p.cmdline(),
               ^^^^^^^^^^^
  File "C:\Users\Wesley\AppData\Local\Programs\Python\Python311\Lib\site-packages\psutil\__init__.py", line 739, in cmdline
    return self._proc.cmdline()
           ^^^^^^^^^^^^^^^^^^^^
  File "C:\Users\Wesley\AppData\Local\Programs\Python\Python311\Lib\site-packages\psutil\_pswindows.py", line 675, in wrapper
    raise convert_oserror(err, pid=self.pid, name=self._name) from err
psutil.AccessDenied: (pid=3588, name='svchost.exe')
2025-12-27 04:01:11 [INFO] Detailed process info: {'name': 'EdgeGameAssist.exe', 'pid': 22104, 'ppid': 1760, 'cmdline': ['C:\\Program Files\\WindowsApps\\Microsoft.Edge.GameAssist_1.0.3590.0_x64__8wekyb3d8bbwe\\EdgeGameAssist.exe', '-ServerName:App.AppXjs7v3smdq2xg9r0emdwc70mxxcrc31jq.mca'], 'create_time': 1766823540.4787767, 'parent_chain': [(1760, 'svchost.exe'), (1532, 'services.exe'), (1452, 'wininit.exe')]}
2025-12-27 04:01:11 [ERROR] Failed to get psutil info for PID 2392
Traceback (most recent call last):
  File "C:\Users\Wesley\AppData\Local\Programs\Python\Python311\Lib\site-packages\psutil\_pswindows.py", line 775, in cmdline
    return cext.proc_cmdline(self.pid, use_peb=True)
           ^^^^^^^^^^^^^^^^^^^^^^^^^^^^^^^^^^^^^^^^^
PermissionError: [WinError 5] Access is denied: '(originated from OpenProcess)'

During handling of the above exception, another exception occurred:

Traceback (most recent call last):
  File "C:\Users\Wesley\AppData\Local\Programs\Python\Python311\Lib\site-packages\psutil\_pswindows.py", line 673, in wrapper
    return fun(self, *args, **kwargs)
           ^^^^^^^^^^^^^^^^^^^^^^^^^^
  File "C:\Users\Wesley\AppData\Local\Programs\Python\Python311\Lib\site-packages\psutil\_pswindows.py", line 691, in wrapper
    return fun(self, *args, **kwargs)
           ^^^^^^^^^^^^^^^^^^^^^^^^^^
  File "C:\Users\Wesley\AppData\Local\Programs\Python\Python311\Lib\site-packages\psutil\_pswindows.py", line 778, in cmdline
    return cext.proc_cmdline(self.pid, use_peb=False)
           ^^^^^^^^^^^^^^^^^^^^^^^^^^^^^^^^^^^^^^^^^^
PermissionError: [WinError 5] Access is denied: '(originated from OpenProcess)'

The above exception was the direct cause of the following exception:

Traceback (most recent call last):
  File "c:\Users\Wesley\Documents\GitHub\INTAI\core\lcu_manager.py", line 256, in start
    'cmdline': p.cmdline(),
               ^^^^^^^^^^^
  File "C:\Users\Wesley\AppData\Local\Programs\Python\Python311\Lib\site-packages\psutil\__init__.py", line 739, in cmdline
    return self._proc.cmdline()
           ^^^^^^^^^^^^^^^^^^^^
  File "C:\Users\Wesley\AppData\Local\Programs\Python\Python311\Lib\site-packages\psutil\_pswindows.py", line 675, in wrapper
    raise convert_oserror(err, pid=self.pid, name=self._name) from err
psutil.AccessDenied: (pid=2392, name='svchost.exe')
2025-12-27 04:01:11 [INFO] Detailed process info: {'name': 'StartMenuExperienceHost.exe', 'pid': 12932, 'ppid': 1760, 'cmdline': ['C:\\WINDOWS\\SystemApps\\Microsoft.Windows.StartMenuExperienceHost_cw5n1h2txyewy\\StartMenuExperienceHost.exe', '-ServerName:FullTrustApp.AppXykjsye98af63ez2annt9djke8trg8stn.mca'], 'create_time': 1766822885.736972, 'parent_chain': [(1760, 'svchost.exe'), (1532, 'services.exe'), (1452, 'wininit.exe')]}
2025-12-27 04:01:11 [ERROR] Failed to get psutil info for PID 3712
Traceback (most recent call last):
  File "C:\Users\Wesley\AppData\Local\Programs\Python\Python311\Lib\site-packages\psutil\_pswindows.py", line 775, in cmdline
    return cext.proc_cmdline(self.pid, use_peb=True)
           ^^^^^^^^^^^^^^^^^^^^^^^^^^^^^^^^^^^^^^^^^
PermissionError: [WinError 5] Access is denied: '(originated from OpenProcess)'

During handling of the above exception, another exception occurred:

Traceback (most recent call last):
  File "C:\Users\Wesley\AppData\Local\Programs\Python\Python311\Lib\site-packages\psutil\_pswindows.py", line 673, in wrapper
    return fun(self, *args, **kwargs)
           ^^^^^^^^^^^^^^^^^^^^^^^^^^
  File "C:\Users\Wesley\AppData\Local\Programs\Python\Python311\Lib\site-packages\psutil\_pswindows.py", line 691, in wrapper
    return fun(self, *args, **kwargs)
           ^^^^^^^^^^^^^^^^^^^^^^^^^^
  File "C:\Users\Wesley\AppData\Local\Programs\Python\Python311\Lib\site-packages\psutil\_pswindows.py", line 778, in cmdline
    return cext.proc_cmdline(self.pid, use_peb=False)
           ^^^^^^^^^^^^^^^^^^^^^^^^^^^^^^^^^^^^^^^^^^
PermissionError: [WinError 5] Access is denied: '(originated from OpenProcess)'

The above exception was the direct cause of the following exception:

Traceback (most recent call last):
  File "c:\Users\Wesley\Documents\GitHub\INTAI\core\lcu_manager.py", line 256, in start
    'cmdline': p.cmdline(),
               ^^^^^^^^^^^
  File "C:\Users\Wesley\AppData\Local\Programs\Python\Python311\Lib\site-packages\psutil\__init__.py", line 739, in cmdline
    return self._proc.cmdline()
           ^^^^^^^^^^^^^^^^^^^^
  File "C:\Users\Wesley\AppData\Local\Programs\Python\Python311\Lib\site-packages\psutil\_pswindows.py", line 675, in wrapper
    raise convert_oserror(err, pid=self.pid, name=self._name) from err
psutil.AccessDenied: (pid=3712, name='svchost.exe')
2025-12-27 04:01:11 [ERROR] Failed to get psutil info for PID 4000
Traceback (most recent call last):
  File "C:\Users\Wesley\AppData\Local\Programs\Python\Python311\Lib\site-packages\psutil\_pswindows.py", line 775, in cmdline
    return cext.proc_cmdline(self.pid, use_peb=True)
           ^^^^^^^^^^^^^^^^^^^^^^^^^^^^^^^^^^^^^^^^^
PermissionError: [WinError 5] Access is denied: '(originated from OpenProcess)'

During handling of the above exception, another exception occurred:

Traceback (most recent call last):
  File "C:\Users\Wesley\AppData\Local\Programs\Python\Python311\Lib\site-packages\psutil\_pswindows.py", line 673, in wrapper
    return fun(self, *args, **kwargs)
           ^^^^^^^^^^^^^^^^^^^^^^^^^^
  File "C:\Users\Wesley\AppData\Local\Programs\Python\Python311\Lib\site-packages\psutil\_pswindows.py", line 691, in wrapper
    return fun(self, *args, **kwargs)
           ^^^^^^^^^^^^^^^^^^^^^^^^^^
  File "C:\Users\Wesley\AppData\Local\Programs\Python\Python311\Lib\site-packages\psutil\_pswindows.py", line 778, in cmdline
    return cext.proc_cmdline(self.pid, use_peb=False)
           ^^^^^^^^^^^^^^^^^^^^^^^^^^^^^^^^^^^^^^^^^^
PermissionError: [WinError 5] Access is denied: '(originated from OpenProcess)'

The above exception was the direct cause of the following exception:

Traceback (most recent call last):
  File "c:\Users\Wesley\Documents\GitHub\INTAI\core\lcu_manager.py", line 256, in start
    'cmdline': p.cmdline(),
               ^^^^^^^^^^^
  File "C:\Users\Wesley\AppData\Local\Programs\Python\Python311\Lib\site-packages\psutil\__init__.py", line 739, in cmdline
    return self._proc.cmdline()
           ^^^^^^^^^^^^^^^^^^^^
  File "C:\Users\Wesley\AppData\Local\Programs\Python\Python311\Lib\site-packages\psutil\_pswindows.py", line 675, in wrapper
    raise convert_oserror(err, pid=self.pid, name=self._name) from err
psutil.AccessDenied: (pid=4000, name='svchost.exe')
2025-12-27 04:01:11 [ERROR] Failed to get psutil info for PID 2240
Traceback (most recent call last):
  File "C:\Users\Wesley\AppData\Local\Programs\Python\Python311\Lib\site-packages\psutil\_pswindows.py", line 775, in cmdline
    return cext.proc_cmdline(self.pid, use_peb=True)
           ^^^^^^^^^^^^^^^^^^^^^^^^^^^^^^^^^^^^^^^^^
PermissionError: [WinError 5] Access is denied: '(originated from OpenProcess)'

During handling of the above exception, another exception occurred:

Traceback (most recent call last):
  File "C:\Users\Wesley\AppData\Local\Programs\Python\Python311\Lib\site-packages\psutil\_pswindows.py", line 673, in wrapper
    return fun(self, *args, **kwargs)
           ^^^^^^^^^^^^^^^^^^^^^^^^^^
  File "C:\Users\Wesley\AppData\Local\Programs\Python\Python311\Lib\site-packages\psutil\_pswindows.py", line 691, in wrapper
    return fun(self, *args, **kwargs)
           ^^^^^^^^^^^^^^^^^^^^^^^^^^
  File "C:\Users\Wesley\AppData\Local\Programs\Python\Python311\Lib\site-packages\psutil\_pswindows.py", line 778, in cmdline
    return cext.proc_cmdline(self.pid, use_peb=False)
           ^^^^^^^^^^^^^^^^^^^^^^^^^^^^^^^^^^^^^^^^^^
PermissionError: [WinError 5] Access is denied: '(originated from OpenProcess)'

The above exception was the direct cause of the following exception:

Traceback (most recent call last):
  File "c:\Users\Wesley\Documents\GitHub\INTAI\core\lcu_manager.py", line 256, in start
    'cmdline': p.cmdline(),
               ^^^^^^^^^^^
  File "C:\Users\Wesley\AppData\Local\Programs\Python\Python311\Lib\site-packages\psutil\__init__.py", line 739, in cmdline
    return self._proc.cmdline()
           ^^^^^^^^^^^^^^^^^^^^
  File "C:\Users\Wesley\AppData\Local\Programs\Python\Python311\Lib\site-packages\psutil\_pswindows.py", line 675, in wrapper
    raise convert_oserror(err, pid=self.pid, name=self._name) from err
psutil.AccessDenied: (pid=2240, name='svchost.exe')
2025-12-27 04:01:11 [INFO] Detailed process info: {'name': 'svchost.exe', 'pid': 12904, 'ppid': 1532, 'cmdline': ['C:\\WINDOWS\\system32\\svchost.exe', '-k', 'ClipboardSvcGroup', '-p', '-s', 'cbdhsvc'], 'create_time': 1766822884.4786725, 'parent_chain': [(1532, 'services.exe'), (1452, 'wininit.exe')]}
2025-12-27 04:01:11 [INFO] Detailed process info: {'name': 'SearchHost.exe', 'pid': 12880, 'ppid': 1760, 'cmdline': ['C:\\WINDOWS\\SystemApps\\MicrosoftWindows.Client.CBS_cw5n1h2txyewy\\SearchHost.exe', '-ServerName:CortanaUIFullTrustApp.AppXqe55xpfenh3k6gvsbjaqb6bkfgy5pkbf.mca'], 'create_time': 1766822885.7355769, 'parent_chain': [(1760, 'svchost.exe'), (1532, 'services.exe'), (1452, 'wininit.exe')]}
2025-12-27 04:01:11 [INFO] Detailed process info: {'name': 'msedge.exe', 'pid': 25972, 'ppid': 15624, 'cmdline': ['C:\\Program Files (x86)\\Microsoft\\Edge\\Application\\msedge.exe', '--type=utility', '--utility-sub-type=network.mojom.NetworkService', '--lang=en-US', '--service-sandbox-type=none', '--no-pre-read-main-dll', '--startup-read-main-dll', '--metrics-shmem-handle=2340,i,2508277734429435047,4176922745161438292,524288', '--field-trial-handle=2276,i,7054555088190103849,16722614221750908982,262144', '--variations-seed-version', '--trace-process-track-uuid=3190708989122997041', '--mojo-platform-channel-handle=2492', '/prefetch:11'], 'create_time': 1766829668.1809585, 'parent_chain': [(15624, 'msedge.exe'), (12076, 'explorer.exe')]}
2025-12-27 04:01:11 [INFO] Detailed process info: {'name': 'msedge.exe', 'pid': 22924, 'ppid': 15624, 'cmdline': ['C:\\Program Files (x86)\\Microsoft\\Edge\\Application\\msedge.exe', '--type=renderer', '--extension-process', '--renderer-sub-type=extension', '--pdf-upsell-enabled', '--dma-cps-flags=2048', '--no-pre-read-main-dll', '--video-capture-use-gpu-memory-buffer', '--lang=en-US', '--js-flags', '--device-scale-factor=1', '--num-raster-threads=4', '--enable-main-frame-before-activation', '--renderer-client-id=7', '--time-ticks-at-unix-epoch=-1766822855132003', '--launch-time-ticks=6813141648', '--skip-read-main-dll', '--metrics-shmem-handle=3704,i,14916173313187941596,8278108867620897561,2097152', '--field-trial-handle=2276,i,7054555088190103849,16722614221750908982,262144', '--variations-seed-version', '--trace-process-track-uuid=3190708992871164437', '--mojo-platform-channel-handle=3848', '/prefetch:9'], 'create_time': 1766829668.2757409, 'parent_chain': [(15624, 'msedge.exe'), (12076, 'explorer.exe')]}
2025-12-27 04:01:11 [ERROR] Failed to get psutil info for PID 12244
Traceback (most recent call last):
  File "C:\Users\Wesley\AppData\Local\Programs\Python\Python311\Lib\site-packages\psutil\_pswindows.py", line 775, in cmdline
    return cext.proc_cmdline(self.pid, use_peb=True)
           ^^^^^^^^^^^^^^^^^^^^^^^^^^^^^^^^^^^^^^^^^
PermissionError: [WinError 5] Access is denied: '(originated from OpenProcess)'

During handling of the above exception, another exception occurred:

Traceback (most recent call last):
  File "C:\Users\Wesley\AppData\Local\Programs\Python\Python311\Lib\site-packages\psutil\_pswindows.py", line 673, in wrapper
    return fun(self, *args, **kwargs)
           ^^^^^^^^^^^^^^^^^^^^^^^^^^
  File "C:\Users\Wesley\AppData\Local\Programs\Python\Python311\Lib\site-packages\psutil\_pswindows.py", line 691, in wrapper
    return fun(self, *args, **kwargs)
           ^^^^^^^^^^^^^^^^^^^^^^^^^^
  File "C:\Users\Wesley\AppData\Local\Programs\Python\Python311\Lib\site-packages\psutil\_pswindows.py", line 778, in cmdline
    return cext.proc_cmdline(self.pid, use_peb=False)
           ^^^^^^^^^^^^^^^^^^^^^^^^^^^^^^^^^^^^^^^^^^
PermissionError: [WinError 5] Access is denied: '(originated from OpenProcess)'

The above exception was the direct cause of the following exception:

Traceback (most recent call last):
  File "c:\Users\Wesley\Documents\GitHub\INTAI\core\lcu_manager.py", line 256, in start
    'cmdline': p.cmdline(),
               ^^^^^^^^^^^
  File "C:\Users\Wesley\AppData\Local\Programs\Python\Python311\Lib\site-packages\psutil\__init__.py", line 739, in cmdline
    return self._proc.cmdline()
           ^^^^^^^^^^^^^^^^^^^^
  File "C:\Users\Wesley\AppData\Local\Programs\Python\Python311\Lib\site-packages\psutil\_pswindows.py", line 675, in wrapper
    raise convert_oserror(err, pid=self.pid, name=self._name) from err
psutil.AccessDenied: (pid=12244, name='svchost.exe')
2025-12-27 04:01:11 [ERROR] Failed to get psutil info for PID 24712
Traceback (most recent call last):
  File "C:\Users\Wesley\AppData\Local\Programs\Python\Python311\Lib\site-packages\psutil\_pswindows.py", line 775, in cmdline
    return cext.proc_cmdline(self.pid, use_peb=True)
           ^^^^^^^^^^^^^^^^^^^^^^^^^^^^^^^^^^^^^^^^^
PermissionError: [WinError 5] Access is denied: '(originated from OpenProcess)'

During handling of the above exception, another exception occurred:

Traceback (most recent call last):
  File "C:\Users\Wesley\AppData\Local\Programs\Python\Python311\Lib\site-packages\psutil\_pswindows.py", line 673, in wrapper
    return fun(self, *args, **kwargs)
           ^^^^^^^^^^^^^^^^^^^^^^^^^^
  File "C:\Users\Wesley\AppData\Local\Programs\Python\Python311\Lib\site-packages\psutil\_pswindows.py", line 691, in wrapper
    return fun(self, *args, **kwargs)
           ^^^^^^^^^^^^^^^^^^^^^^^^^^
  File "C:\Users\Wesley\AppData\Local\Programs\Python\Python311\Lib\site-packages\psutil\_pswindows.py", line 778, in cmdline
    return cext.proc_cmdline(self.pid, use_peb=False)
           ^^^^^^^^^^^^^^^^^^^^^^^^^^^^^^^^^^^^^^^^^^
PermissionError: [WinError 5] Access is denied: '(originated from OpenProcess)'

The above exception was the direct cause of the following exception:

Traceback (most recent call last):
  File "c:\Users\Wesley\Documents\GitHub\INTAI\core\lcu_manager.py", line 256, in start
    'cmdline': p.cmdline(),
               ^^^^^^^^^^^
  File "C:\Users\Wesley\AppData\Local\Programs\Python\Python311\Lib\site-packages\psutil\__init__.py", line 739, in cmdline
    return self._proc.cmdline()
           ^^^^^^^^^^^^^^^^^^^^
  File "C:\Users\Wesley\AppData\Local\Programs\Python\Python311\Lib\site-packages\psutil\_pswindows.py", line 675, in wrapper
    raise convert_oserror(err, pid=self.pid, name=self._name) from err
psutil.AccessDenied: (pid=24712, name='WmiPrvSE.exe')
2025-12-27 04:01:11 [INFO] Detailed process info: {'name': 'steamwebhelper.exe', 'pid': 18792, 'ppid': 2760, 'cmdline': ['C:\\Steam\\bin\\cef\\cef.win64\\steamwebhelper.exe', '-nocrashdialog', '-lang=en_US', '-cachedir=C:\\Users\\Wesley\\AppData\\Local\\Steam\\htmlcache', '-steampid=2760', '-buildid=1766451605', '-steamid=0', '-logdir=C:\\Steam\\logs', '-uimode=7', '-startcount=0', '-steamuniverse=Public', '-realm=Global', '-clientui=C:\\Steam\\clientui', '-steampath=C:\\Steam\\steam.exe', '-launcher=0', '--valve-initial-threadpool-size=4', '--valve-enable-site-isolation', '--enable-smooth-scrolling', '--log-file=C:\\Steam\\logs\\cef_log.txt', '--disable-quick-menu', '--disable-component-update', '--gaia-url=http://disabled.invalid', '--enable-features=PlatformHEVCDecoderSupport', '--disable-features=WinRetrieveSuggestionsOnlyOnDemand,SpareRendererForSitePerProcess,DcheckIsFatal,BlockPromptsIfIgnoredOften,ValveFFmpegAllowLowDelayHEVC'], 'create_time': 1766823538.012998, 'parent_chain': [(2760, 'steam.exe'), (12076, 'explorer.exe')]}
2025-12-27 04:01:11 [ERROR] Failed to get psutil info for PID 3516
Traceback (most recent call last):
  File "C:\Users\Wesley\AppData\Local\Programs\Python\Python311\Lib\site-packages\psutil\_pswindows.py", line 775, in cmdline
    return cext.proc_cmdline(self.pid, use_peb=True)
           ^^^^^^^^^^^^^^^^^^^^^^^^^^^^^^^^^^^^^^^^^
PermissionError: [WinError 5] Access is denied: '(originated from OpenProcess)'

During handling of the above exception, another exception occurred:

Traceback (most recent call last):
  File "C:\Users\Wesley\AppData\Local\Programs\Python\Python311\Lib\site-packages\psutil\_pswindows.py", line 673, in wrapper
    return fun(self, *args, **kwargs)
           ^^^^^^^^^^^^^^^^^^^^^^^^^^
  File "C:\Users\Wesley\AppData\Local\Programs\Python\Python311\Lib\site-packages\psutil\_pswindows.py", line 691, in wrapper
    return fun(self, *args, **kwargs)
           ^^^^^^^^^^^^^^^^^^^^^^^^^^
  File "C:\Users\Wesley\AppData\Local\Programs\Python\Python311\Lib\site-packages\psutil\_pswindows.py", line 778, in cmdline
    return cext.proc_cmdline(self.pid, use_peb=False)
           ^^^^^^^^^^^^^^^^^^^^^^^^^^^^^^^^^^^^^^^^^^
PermissionError: [WinError 5] Access is denied: '(originated from OpenProcess)'

The above exception was the direct cause of the following exception:

Traceback (most recent call last):
  File "c:\Users\Wesley\Documents\GitHub\INTAI\core\lcu_manager.py", line 256, in start
    'cmdline': p.cmdline(),
               ^^^^^^^^^^^
  File "C:\Users\Wesley\AppData\Local\Programs\Python\Python311\Lib\site-packages\psutil\__init__.py", line 739, in cmdline
    return self._proc.cmdline()
           ^^^^^^^^^^^^^^^^^^^^
  File "C:\Users\Wesley\AppData\Local\Programs\Python\Python311\Lib\site-packages\psutil\_pswindows.py", line 675, in wrapper
    raise convert_oserror(err, pid=self.pid, name=self._name) from err
psutil.AccessDenied: (pid=3516, name='svchost.exe')
2025-12-27 04:01:11 [INFO] Detailed process info: {'name': 'RuntimeBroker.exe', 'pid': 17432, 'ppid': 1760, 'cmdline': ['C:\\Windows\\System32\\RuntimeBroker.exe', '-Embedding'], 'create_time': 1766829668.088275, 'parent_chain': [(1760, 'svchost.exe'), (1532, 'services.exe'), (1452, 'wininit.exe')]}
2025-12-27 04:01:11 [INFO] Attempting mitigation for new League client PIDs: [12092, 13420, 19116, 18928, 5908]
2025-12-27 04:01:11 [INFO] Terminating new process LeagueClientUxRender.exe (pid 12092)
2025-12-27 04:01:11 [INFO] Terminating new process LeagueClientUxRender.exe (pid 13420)
2025-12-27 04:01:11 [INFO] [INFO] Connector has been closed.
2025-12-27 04:01:11 [INFO] Terminating new process LeagueClientUxRender.exe (pid 19116)
2025-12-27 04:01:12 [INFO] Terminating new LeagueClient.exe (pid 18928) spawned by RiotClientServices
2025-12-27 04:01:12 [INFO] Terminating new process LeagueClientUx.exe (pid 5908)
